#
# There is insufficient memory for the Java Runtime Environment to continue.
# Native memory allocation (mmap) failed to map 606076928 bytes. Error detail: G1 virtual space
# Possible reasons:
#   The system is out of physical RAM or swap space
#   This process is running with CompressedOops enabled, and the Java Heap may be blocking the growth of the native heap
# Possible solutions:
#   Reduce memory load on the system
#   Increase physical memory or swap space
#   Check if swap backing store is full
#   Decrease Java heap size (-Xmx/-Xms)
#   Decrease number of Java threads
#   Decrease Java thread stack sizes (-Xss)
#   Set larger code cache with -XX:ReservedCodeCacheSize=
#   JVM is running with Unscaled Compressed Oops mode in which the Java heap is
#     placed in the first 4GB address space. The Java Heap base address is the
#     maximum limit for the native heap growth. Please use -XX:HeapBaseMinAddress
#     to set the Java Heap base and to place the Java Heap above 4GB virtual address.
# This output file may be truncated or incomplete.
#
#  Out of Memory Error (os_windows.cpp:3825), pid=6840, tid=10852
#
# JRE version: OpenJDK Runtime Environment (17.0.11) (build 17.0.11+0--11852314)
# Java VM: OpenJDK 64-Bit Server VM (17.0.11+0--11852314, mixed mode, tiered, compressed oops, compressed class ptrs, g1 gc, windows-amd64)
# No core dump will be written. Minidumps are not enabled by default on client versions of Windows
#

---------------  S U M M A R Y ------------

Command Line: --add-opens=java.base/java.lang=ALL-UNNAMED --add-opens=java.base/java.lang.invoke=ALL-UNNAMED --add-opens=java.base/java.util=ALL-UNNAMED --add-opens=java.prefs/java.util.prefs=ALL-UNNAMED --add-exports=jdk.compiler/com.sun.tools.javac.api=ALL-UNNAMED --add-exports=jdk.compiler/com.sun.tools.javac.util=ALL-UNNAMED --add-opens=java.base/java.util=ALL-UNNAMED --add-opens=java.prefs/java.util.prefs=ALL-UNNAMED --add-opens=java.base/java.nio.charset=ALL-UNNAMED --add-opens=java.base/java.net=ALL-UNNAMED --add-opens=java.base/java.util.concurrent.atomic=ALL-UNNAMED --add-opens=java.xml/javax.xml.namespace=ALL-UNNAMED -XX:MaxMetaspaceSize=512m -Xmx2048m -Dfile.encoding=windows-1252 -Duser.country=JO -Duser.language=ar -Duser.variant -javaagent:C:\Users\user\.gradle\wrapper\dists\gradle-8.13-bin\5xuhj0ry160q40clulazy9h7d\gradle-8.13\lib\agents\gradle-instrumentation-agent-8.13.jar org.gradle.launcher.daemon.bootstrap.GradleDaemon 8.13

Host: AMD Ryzen 3 3250U with Radeon Graphics         , 4 cores, 3G,  Windows 10 , 64 bit Build 19041 (10.0.19041.5794)
Time: Mon May 26 12:42:40 2025  Windows 10 , 64 bit Build 19041 (10.0.19041.5794) elapsed time: 31.147127 seconds (0d 0h 0m 31s)

---------------  T H R E A D  ---------------

Current thread (0x000002e2e2b37960):  VMThread "VM Thread" [stack: 0x000000f6d1400000,0x000000f6d1500000] [id=10852]

Stack: [0x000000f6d1400000,0x000000f6d1500000]
Native frames: (J=compiled Java code, j=interpreted, Vv=VM code, C=native code)
V  [jvm.dll+0x687bb9]
V  [jvm.dll+0x84142a]
V  [jvm.dll+0x8430ae]
V  [jvm.dll+0x843713]
V  [jvm.dll+0x24a35f]
V  [jvm.dll+0x684989]
V  [jvm.dll+0x67923a]
V  [jvm.dll+0x30af0b]
V  [jvm.dll+0x3123b6]
V  [jvm.dll+0x361dfe]
V  [jvm.dll+0x36202f]
V  [jvm.dll+0x2e0d38]
V  [jvm.dll+0x2df144]
V  [jvm.dll+0x2de74c]
V  [jvm.dll+0x32305b]
V  [jvm.dll+0x847e0b]
V  [jvm.dll+0x848b42]
V  [jvm.dll+0x84905d]
V  [jvm.dll+0x849434]
V  [jvm.dll+0x849500]
V  [jvm.dll+0x7efa4a]
V  [jvm.dll+0x686a35]
C  [ucrtbase.dll+0x21bb2]
C  [KERNEL32.DLL+0x17374]
C  [ntdll.dll+0x4cc91]

VM_Operation (0x000000f6d45f90c0): G1CollectForAllocation, mode: safepoint, requested by thread 0x000002e2e7749a70


---------------  P R O C E S S  ---------------

Threads class SMR info:
_java_thread_list=0x000002e2ebd30080, length=47, elements={
0x000002e2c7630fb0, 0x000002e2e2b1d010, 0x000002e2e2b0e730, 0x000002e2e2b7b7d0,
0x000002e2e7002480, 0x000002e2e7004d60, 0x000002e2e7005dd0, 0x000002e2e701d2a0,
0x000002e2e701e350, 0x000002e2e2b8be40, 0x000002e2e2ab2790, 0x000002e2e7270a20,
0x000002e2e72ba030, 0x000002e2e7621520, 0x000002e2e8a763f0, 0x000002e2e8a56940,
0x000002e2e8a8fcd0, 0x000002e2e77471f0, 0x000002e2e774a490, 0x000002e2e7747c10,
0x000002e2e774a9a0, 0x000002e2e7749f80, 0x000002e2e7747700, 0x000002e2e7749560,
0x000002e2e7748120, 0x000002e2e7748b40, 0x000002e2e9848920, 0x000002e2e9841ed0,
0x000002e2e9848410, 0x000002e2e98460a0, 0x000002e2e9845680, 0x000002e2e9845170,
0x000002e2e98428f0, 0x000002e2e9843820, 0x000002e2e9846fd0, 0x000002e2e98419c0,
0x000002e2e9846ac0, 0x000002e2e98474e0, 0x000002e2e98479f0, 0x000002e2e9844c60,
0x000002e2e9845b90, 0x000002e2e9847f00, 0x000002e2e9848e30, 0x000002e2e7749050,
0x000002e2e7749a70, 0x000002e2ec1e0770, 0x000002e2ec1e0c80
}

Java Threads: ( => current thread )
  0x000002e2c7630fb0 JavaThread "main" [_thread_blocked, id=13456, stack(0x000000f6d0e00000,0x000000f6d0f00000)]
  0x000002e2e2b1d010 JavaThread "Reference Handler" daemon [_thread_blocked, id=13200, stack(0x000000f6d1500000,0x000000f6d1600000)]
  0x000002e2e2b0e730 JavaThread "Finalizer" daemon [_thread_blocked, id=5884, stack(0x000000f6d1600000,0x000000f6d1700000)]
  0x000002e2e2b7b7d0 JavaThread "Signal Dispatcher" daemon [_thread_blocked, id=2884, stack(0x000000f6d1700000,0x000000f6d1800000)]
  0x000002e2e7002480 JavaThread "Attach Listener" daemon [_thread_blocked, id=11244, stack(0x000000f6d1800000,0x000000f6d1900000)]
  0x000002e2e7004d60 JavaThread "Service Thread" daemon [_thread_blocked, id=5956, stack(0x000000f6d1900000,0x000000f6d1a00000)]
  0x000002e2e7005dd0 JavaThread "Monitor Deflation Thread" daemon [_thread_blocked, id=7324, stack(0x000000f6d1a00000,0x000000f6d1b00000)]
  0x000002e2e701d2a0 JavaThread "C2 CompilerThread0" daemon [_thread_blocked, id=12064, stack(0x000000f6d1b00000,0x000000f6d1c00000)]
  0x000002e2e701e350 JavaThread "C1 CompilerThread0" daemon [_thread_blocked, id=11152, stack(0x000000f6d1c00000,0x000000f6d1d00000)]
  0x000002e2e2b8be40 JavaThread "Sweeper thread" daemon [_thread_blocked, id=6828, stack(0x000000f6d1d00000,0x000000f6d1e00000)]
  0x000002e2e2ab2790 JavaThread "Common-Cleaner" daemon [_thread_blocked, id=9128, stack(0x000000f6d1e00000,0x000000f6d1f00000)]
  0x000002e2e7270a20 JavaThread "Notification Thread" daemon [_thread_blocked, id=4008, stack(0x000000f6d1f00000,0x000000f6d2000000)]
  0x000002e2e72ba030 JavaThread "Daemon health stats" [_thread_blocked, id=1496, stack(0x000000f6d2500000,0x000000f6d2600000)]
  0x000002e2e7621520 JavaThread "Incoming local TCP Connector on port 64139" [_thread_in_native, id=13344, stack(0x000000f6d2600000,0x000000f6d2700000)]
  0x000002e2e8a763f0 JavaThread "Daemon periodic checks" [_thread_blocked, id=5420, stack(0x000000f6d2700000,0x000000f6d2800000)]
  0x000002e2e8a56940 JavaThread "Daemon" [_thread_blocked, id=8792, stack(0x000000f6d2800000,0x000000f6d2900000)]
  0x000002e2e8a8fcd0 JavaThread "Handler for socket connection from /127.0.0.1:64139 to /127.0.0.1:64140" [_thread_in_native, id=8356, stack(0x000000f6d2900000,0x000000f6d2a00000)]
  0x000002e2e77471f0 JavaThread "Cancel handler" [_thread_blocked, id=13208, stack(0x000000f6d2a00000,0x000000f6d2b00000)]
  0x000002e2e774a490 JavaThread "Daemon worker" [_thread_blocked, id=10832, stack(0x000000f6d2b00000,0x000000f6d2c00000)]
  0x000002e2e7747c10 JavaThread "Asynchronous log dispatcher for DefaultDaemonConnection: socket connection from /127.0.0.1:64139 to /127.0.0.1:64140" [_thread_blocked, id=7752, stack(0x000000f6d2c00000,0x000000f6d2d00000)]
  0x000002e2e774a9a0 JavaThread "Stdin handler" [_thread_blocked, id=11344, stack(0x000000f6d2d00000,0x000000f6d2e00000)]
  0x000002e2e7749f80 JavaThread "Daemon client event forwarder" [_thread_blocked, id=5508, stack(0x000000f6d2e00000,0x000000f6d2f00000)]
  0x000002e2e7747700 JavaThread "Cache worker for journal cache (C:\Users\user\.gradle\caches\journal-1)" [_thread_blocked, id=7204, stack(0x000000f6d2f00000,0x000000f6d3000000)]
  0x000002e2e7749560 JavaThread "File lock request listener" [_thread_in_native, id=12080, stack(0x000000f6d3000000,0x000000f6d3100000)]
  0x000002e2e7748120 JavaThread "Cache worker for file hash cache (C:\Users\user\.gradle\caches\8.13\fileHashes)" [_thread_blocked, id=8948, stack(0x000000f6d3100000,0x000000f6d3200000)]
  0x000002e2e7748b40 JavaThread "Cache worker for file hash cache (C:\Users\user\Desktop\Programming Projects\MyTasks_App_ReactNative\MyTasks\android\.gradle\8.13\fileHashes)" [_thread_blocked, id=8760, stack(0x000000f6d3200000,0x000000f6d3300000)]
  0x000002e2e9848920 JavaThread "Cache worker for Build Output Cleanup Cache (C:\Users\user\Desktop\Programming Projects\MyTasks_App_ReactNative\MyTasks\android\.gradle\buildOutputCleanup)" [_thread_blocked, id=12988, stack(0x000000f6d3300000,0x000000f6d3400000)]
  0x000002e2e9841ed0 JavaThread "File watcher server" daemon [_thread_in_native, id=11200, stack(0x000000f6d3400000,0x000000f6d3500000)]
  0x000002e2e9848410 JavaThread "File watcher consumer" daemon [_thread_blocked, id=11536, stack(0x000000f6d3500000,0x000000f6d3600000)]
  0x000002e2e98460a0 JavaThread "jar transforms" [_thread_blocked, id=13796, stack(0x000000f6d3600000,0x000000f6d3700000)]
  0x000002e2e9845680 JavaThread "jar transforms Thread 2" [_thread_blocked, id=14172, stack(0x000000f6d3700000,0x000000f6d3800000)]
  0x000002e2e9845170 JavaThread "jar transforms Thread 3" [_thread_blocked, id=10840, stack(0x000000f6d3800000,0x000000f6d3900000)]
  0x000002e2e98428f0 JavaThread "jar transforms Thread 4" [_thread_blocked, id=2412, stack(0x000000f6d3900000,0x000000f6d3a00000)]
  0x000002e2e9843820 JavaThread "Cache worker for checksums cache (C:\Users\user\Desktop\Programming Projects\MyTasks_App_ReactNative\MyTasks\android\.gradle\8.13\checksums)" [_thread_blocked, id=10260, stack(0x000000f6d3a00000,0x000000f6d3b00000)]
  0x000002e2e9846fd0 JavaThread "Cache worker for file content cache (C:\Users\user\.gradle\caches\8.13\fileContent)" [_thread_blocked, id=4816, stack(0x000000f6d3b00000,0x000000f6d3c00000)]
  0x000002e2e98419c0 JavaThread "Cache worker for cache directory md-supplier (C:\Users\user\.gradle\caches\8.13\md-supplier)" [_thread_blocked, id=4236, stack(0x000000f6d3c00000,0x000000f6d3d00000)]
  0x000002e2e9846ac0 JavaThread "Cache worker for cache directory md-rule (C:\Users\user\.gradle\caches\8.13\md-rule)" [_thread_blocked, id=13092, stack(0x000000f6d3d00000,0x000000f6d3e00000)]
  0x000002e2e98474e0 JavaThread "Unconstrained build operations" [_thread_blocked, id=12772, stack(0x000000f6d3e00000,0x000000f6d3f00000)]
  0x000002e2e98479f0 JavaThread "Unconstrained build operations Thread 2" [_thread_blocked, id=6156, stack(0x000000f6d3f00000,0x000000f6d4000000)]
  0x000002e2e9844c60 JavaThread "Unconstrained build operations Thread 3" [_thread_blocked, id=4988, stack(0x000000f6d4000000,0x000000f6d4100000)]
  0x000002e2e9845b90 JavaThread "Unconstrained build operations Thread 4" [_thread_blocked, id=12892, stack(0x000000f6d4100000,0x000000f6d4200000)]
  0x000002e2e9847f00 JavaThread "Unconstrained build operations Thread 5" [_thread_blocked, id=5320, stack(0x000000f6d4200000,0x000000f6d4300000)]
  0x000002e2e9848e30 JavaThread "Unconstrained build operations Thread 6" [_thread_blocked, id=8892, stack(0x000000f6d4300000,0x000000f6d4400000)]
  0x000002e2e7749050 JavaThread "Unconstrained build operations Thread 7" [_thread_blocked, id=1704, stack(0x000000f6d4400000,0x000000f6d4500000)]
  0x000002e2e7749a70 JavaThread "Unconstrained build operations Thread 8" [_thread_blocked, id=6576, stack(0x000000f6d4500000,0x000000f6d4600000)]
  0x000002e2ec1e0770 JavaThread "Unconstrained build operations Thread 9" [_thread_blocked, id=8868, stack(0x000000f6d4600000,0x000000f6d4700000)]
  0x000002e2ec1e0c80 JavaThread "Unconstrained build operations Thread 10" [_thread_blocked, id=3788, stack(0x000000f6d4700000,0x000000f6d4800000)]

Other Threads:
=>0x000002e2e2b37960 VMThread "VM Thread" [stack: 0x000000f6d1400000,0x000000f6d1500000] [id=10852]
  0x000002e2e7270f00 WatcherThread [stack: 0x000000f6d2000000,0x000000f6d2100000] [id=10004]
  0x000002e2c768d5c0 GCTaskThread "GC Thread#0" [stack: 0x000000f6d0f00000,0x000000f6d1000000] [id=8888]
  0x000002e2e733bad0 GCTaskThread "GC Thread#1" [stack: 0x000000f6d2100000,0x000000f6d2200000] [id=8316]
  0x000002e2e738df90 GCTaskThread "GC Thread#2" [stack: 0x000000f6d2200000,0x000000f6d2300000] [id=11888]
  0x000002e2e824eb50 GCTaskThread "GC Thread#3" [stack: 0x000000f6d2300000,0x000000f6d2400000] [id=1832]
  0x000002e2c769e420 ConcurrentGCThread "G1 Main Marker" [stack: 0x000000f6d1000000,0x000000f6d1100000] [id=12552]
  0x000002e2c769ed50 ConcurrentGCThread "G1 Conc#0" [stack: 0x000000f6d1100000,0x000000f6d1200000] [id=9604]
  0x000002e2c76de0b0 ConcurrentGCThread "G1 Refine#0" [stack: 0x000000f6d1200000,0x000000f6d1300000] [id=12336]
  0x000002e2e7ac5f10 ConcurrentGCThread "G1 Refine#1" [stack: 0x000000f6d2400000,0x000000f6d2500000] [id=12632]
  0x000002e2eb865010 ConcurrentGCThread "G1 Refine#2" [stack: 0x000000f6d4800000,0x000000f6d4900000] [id=14056]
  0x000002e2ea9358b0 ConcurrentGCThread "G1 Refine#3" [stack: 0x000000f6d4900000,0x000000f6d4a00000] [id=8928]
  0x000002e2c76de9f0 ConcurrentGCThread "G1 Service" [stack: 0x000000f6d1300000,0x000000f6d1400000] [id=12784]

Threads with active compile tasks:
C2 CompilerThread0    31195 7769       4       org.objectweb.asm.ClassReader::accept (1419 bytes)

VM state: at safepoint (normal execution)

VM Mutex/Monitor currently owned by a thread:  ([mutex/lock_event])
[0x000002e2c762cae0] Threads_lock - owner thread: 0x000002e2e2b37960
[0x000002e2c762c300] Heap_lock - owner thread: 0x000002e2e7749a70

Heap address: 0x0000000080000000, size: 2048 MB, Compressed Oops mode: 32-bit

CDS archive(s) not mapped
Compressed class space mapped at: 0x0000000100000000-0x000000011a000000, reserved size: 436207616
Narrow klass base: 0x0000000000000000, Narrow klass shift: 3, Narrow klass range: 0x11a000000

GC Precious Log:
 CPUs: 4 total, 4 available
 Memory: 3460M
 Large Page Support: Disabled
 NUMA Support: Disabled
 Compressed Oops: Enabled (32-bit)
 Heap Region Size: 1M
 Heap Min Capacity: 8M
 Heap Initial Capacity: 56M
 Heap Max Capacity: 2G
 Pre-touch: Disabled
 Parallel Workers: 4
 Concurrent Workers: 1
 Concurrent Refinement Workers: 4
 Periodic GC: Disabled

Heap:
 garbage-first heap   total 295936K, used 160256K [0x0000000080000000, 0x0000000100000000)
  region size 1024K, 2 young (2048K), 2 survivors (2048K)
 Metaspace       used 61693K, committed 62208K, reserved 491520K
  class space    used 8386K, committed 8640K, reserved 425984K

Heap Regions: E=young(eden), S=young(survivor), O=old, HS=humongous(starts), HC=humongous(continues), CS=collection set, F=free, OA=open archive, CA=closed archive, TAMS=top-at-mark-start (previous, next)
|   0|0x0000000080000000, 0x0000000080100000, 0x0000000080100000|100%|HS|  |TAMS 0x0000000080100000, 0x0000000080000000| Complete 
|   1|0x0000000080100000, 0x0000000080200000, 0x0000000080200000|100%|HC|  |TAMS 0x0000000080200000, 0x0000000080100000| Complete 
|   2|0x0000000080200000, 0x0000000080300000, 0x0000000080300000|100%|HC|  |TAMS 0x0000000080300000, 0x0000000080200000| Complete 
|   3|0x0000000080300000, 0x0000000080400000, 0x0000000080400000|100%| O|  |TAMS 0x0000000080400000, 0x0000000080300000| Untracked 
|   4|0x0000000080400000, 0x0000000080500000, 0x0000000080500000|100%| O|  |TAMS 0x0000000080500000, 0x0000000080400000| Untracked 
|   5|0x0000000080500000, 0x0000000080600000, 0x0000000080600000|100%| O|  |TAMS 0x0000000080600000, 0x0000000080500000| Untracked 
|   6|0x0000000080600000, 0x0000000080700000, 0x0000000080700000|100%| O|  |TAMS 0x0000000080700000, 0x0000000080600000| Untracked 
|   7|0x0000000080700000, 0x0000000080800000, 0x0000000080800000|100%| O|  |TAMS 0x0000000080800000, 0x0000000080700000| Untracked 
|   8|0x0000000080800000, 0x0000000080900000, 0x0000000080900000|100%|HS|  |TAMS 0x0000000080900000, 0x0000000080800000| Complete 
|   9|0x0000000080900000, 0x0000000080a00000, 0x0000000080a00000|100%| O|  |TAMS 0x0000000080a00000, 0x0000000080900000| Untracked 
|  10|0x0000000080a00000, 0x0000000080b00000, 0x0000000080b00000|100%| O|  |TAMS 0x0000000080b00000, 0x0000000080a00000| Untracked 
|  11|0x0000000080b00000, 0x0000000080c00000, 0x0000000080c00000|100%| O|  |TAMS 0x0000000080c00000, 0x0000000080b00000| Untracked 
|  12|0x0000000080c00000, 0x0000000080d00000, 0x0000000080d00000|100%| O|  |TAMS 0x0000000080d00000, 0x0000000080c00000| Untracked 
|  13|0x0000000080d00000, 0x0000000080e00000, 0x0000000080e00000|100%| O|  |TAMS 0x0000000080e00000, 0x0000000080d00000| Untracked 
|  14|0x0000000080e00000, 0x0000000080f00000, 0x0000000080f00000|100%| O|  |TAMS 0x0000000080f00000, 0x0000000080e00000| Untracked 
|  15|0x0000000080f00000, 0x0000000081000000, 0x0000000081000000|100%| O|  |TAMS 0x0000000081000000, 0x0000000080f00000| Untracked 
|  16|0x0000000081000000, 0x0000000081100000, 0x0000000081100000|100%| O|  |TAMS 0x0000000081100000, 0x0000000081000000| Untracked 
|  17|0x0000000081100000, 0x0000000081200000, 0x0000000081200000|100%| O|  |TAMS 0x0000000081200000, 0x0000000081100000| Untracked 
|  18|0x0000000081200000, 0x0000000081300000, 0x0000000081300000|100%| O|  |TAMS 0x0000000081300000, 0x0000000081200000| Untracked 
|  19|0x0000000081300000, 0x0000000081400000, 0x0000000081400000|100%| O|  |TAMS 0x0000000081400000, 0x0000000081300000| Untracked 
|  20|0x0000000081400000, 0x0000000081500000, 0x0000000081500000|100%| O|  |TAMS 0x0000000081500000, 0x0000000081400000| Untracked 
|  21|0x0000000081500000, 0x0000000081600000, 0x0000000081600000|100%| O|  |TAMS 0x0000000081600000, 0x0000000081500000| Untracked 
|  22|0x0000000081600000, 0x0000000081700000, 0x0000000081700000|100%| O|  |TAMS 0x0000000081700000, 0x0000000081600000| Untracked 
|  23|0x0000000081700000, 0x0000000081800000, 0x0000000081800000|100%|HS|  |TAMS 0x0000000081800000, 0x0000000081700000| Complete 
|  24|0x0000000081800000, 0x0000000081900000, 0x0000000081900000|100%|HC|  |TAMS 0x0000000081900000, 0x0000000081800000| Complete 
|  25|0x0000000081900000, 0x0000000081a00000, 0x0000000081a00000|100%|HC|  |TAMS 0x0000000081a00000, 0x0000000081900000| Complete 
|  26|0x0000000081a00000, 0x0000000081b00000, 0x0000000081b00000|100%|HC|  |TAMS 0x0000000081b00000, 0x0000000081a00000| Complete 
|  27|0x0000000081b00000, 0x0000000081c00000, 0x0000000081c00000|100%|HC|  |TAMS 0x0000000081c00000, 0x0000000081b00000| Complete 
|  28|0x0000000081c00000, 0x0000000081d00000, 0x0000000081d00000|100%| O|  |TAMS 0x0000000081d00000, 0x0000000081c00000| Untracked 
|  29|0x0000000081d00000, 0x0000000081e00000, 0x0000000081e00000|100%| O|  |TAMS 0x0000000081e00000, 0x0000000081d00000| Untracked 
|  30|0x0000000081e00000, 0x0000000081f00000, 0x0000000081f00000|100%|HS|  |TAMS 0x0000000081f00000, 0x0000000081e00000| Complete 
|  31|0x0000000081f00000, 0x0000000082000000, 0x0000000082000000|100%|HC|  |TAMS 0x0000000082000000, 0x0000000081f00000| Complete 
|  32|0x0000000082000000, 0x0000000082100000, 0x0000000082100000|100%|HC|  |TAMS 0x0000000082100000, 0x0000000082000000| Complete 
|  33|0x0000000082100000, 0x0000000082200000, 0x0000000082200000|100%| O|  |TAMS 0x0000000082200000, 0x0000000082100000| Untracked 
|  34|0x0000000082200000, 0x0000000082300000, 0x0000000082300000|100%|HS|  |TAMS 0x0000000082300000, 0x0000000082200000| Complete 
|  35|0x0000000082300000, 0x0000000082400000, 0x0000000082400000|100%|HC|  |TAMS 0x0000000082400000, 0x0000000082300000| Complete 
|  36|0x0000000082400000, 0x0000000082500000, 0x0000000082500000|100%|HC|  |TAMS 0x0000000082500000, 0x0000000082400000| Complete 
|  37|0x0000000082500000, 0x0000000082600000, 0x0000000082600000|100%|HS|  |TAMS 0x0000000082600000, 0x0000000082500000| Complete 
|  38|0x0000000082600000, 0x0000000082700000, 0x0000000082700000|100%| O|  |TAMS 0x0000000082700000, 0x0000000082600000| Untracked 
|  39|0x0000000082700000, 0x0000000082800000, 0x0000000082800000|100%| O|  |TAMS 0x0000000082800000, 0x0000000082700000| Untracked 
|  40|0x0000000082800000, 0x0000000082900000, 0x0000000082900000|100%| O|  |TAMS 0x0000000082900000, 0x0000000082800000| Untracked 
|  41|0x0000000082900000, 0x0000000082a00000, 0x0000000082a00000|100%| O|  |TAMS 0x0000000082a00000, 0x0000000082900000| Untracked 
|  42|0x0000000082a00000, 0x0000000082b00000, 0x0000000082b00000|100%| O|  |TAMS 0x0000000082b00000, 0x0000000082a00000| Untracked 
|  43|0x0000000082b00000, 0x0000000082c00000, 0x0000000082c00000|100%| O|  |TAMS 0x0000000082c00000, 0x0000000082b00000| Untracked 
|  44|0x0000000082c00000, 0x0000000082d00000, 0x0000000082d00000|100%| O|  |TAMS 0x0000000082d00000, 0x0000000082c00000| Untracked 
|  45|0x0000000082d00000, 0x0000000082e00000, 0x0000000082e00000|100%| O|  |TAMS 0x0000000082e00000, 0x0000000082d00000| Untracked 
|  46|0x0000000082e00000, 0x0000000082f00000, 0x0000000082f00000|100%| O|  |TAMS 0x0000000082e00000, 0x0000000082e00000| Untracked 
|  47|0x0000000082f00000, 0x0000000083000000, 0x0000000083000000|100%| O|  |TAMS 0x0000000083000000, 0x0000000082f00000| Untracked 
|  48|0x0000000083000000, 0x0000000083100000, 0x0000000083100000|100%| O|  |TAMS 0x0000000083100000, 0x0000000083000000| Untracked 
|  49|0x0000000083100000, 0x0000000083200000, 0x0000000083200000|100%| O|  |TAMS 0x0000000083200000, 0x0000000083100000| Untracked 
|  50|0x0000000083200000, 0x0000000083300000, 0x0000000083300000|100%| O|  |TAMS 0x0000000083300000, 0x0000000083200000| Untracked 
|  51|0x0000000083300000, 0x0000000083400000, 0x0000000083400000|100%| O|  |TAMS 0x0000000083300000, 0x0000000083300000| Untracked 
|  52|0x0000000083400000, 0x0000000083400000, 0x0000000083500000|  0%| F|  |TAMS 0x0000000083400000, 0x0000000083400000| Untracked 
|  53|0x0000000083500000, 0x0000000083600000, 0x0000000083600000|100%| O|  |TAMS 0x0000000083600000, 0x0000000083500000| Untracked 
|  54|0x0000000083600000, 0x0000000083700000, 0x0000000083700000|100%| O|  |TAMS 0x0000000083600000, 0x0000000083600000| Untracked 
|  55|0x0000000083700000, 0x0000000083800000, 0x0000000083800000|100%| O|  |TAMS 0x0000000083700000, 0x0000000083700000| Untracked 
|  56|0x0000000083800000, 0x0000000083900000, 0x0000000083900000|100%| O|  |TAMS 0x0000000083800000, 0x0000000083800000| Untracked 
|  57|0x0000000083900000, 0x0000000083a00000, 0x0000000083a00000|100%| O|  |TAMS 0x0000000083900000, 0x0000000083900000| Untracked 
|  58|0x0000000083a00000, 0x0000000083b00000, 0x0000000083b00000|100%|HS|  |TAMS 0x0000000083b00000, 0x0000000083a00000| Complete 
|  59|0x0000000083b00000, 0x0000000083c00000, 0x0000000083c00000|100%|HC|  |TAMS 0x0000000083c00000, 0x0000000083b00000| Complete 
|  60|0x0000000083c00000, 0x0000000083d00000, 0x0000000083d00000|100%|HC|  |TAMS 0x0000000083d00000, 0x0000000083c00000| Complete 
|  61|0x0000000083d00000, 0x0000000083e00000, 0x0000000083e00000|100%| O|  |TAMS 0x0000000083d00000, 0x0000000083d00000| Untracked 
|  62|0x0000000083e00000, 0x0000000083f00000, 0x0000000083f00000|100%| O|  |TAMS 0x0000000083e00000, 0x0000000083e00000| Untracked 
|  63|0x0000000083f00000, 0x0000000083f80000, 0x0000000084000000| 50%| O|  |TAMS 0x0000000083f00000, 0x0000000083f00000| Untracked 
|  64|0x0000000084000000, 0x0000000084100000, 0x0000000084100000|100%| O|  |TAMS 0x0000000084000000, 0x0000000084000000| Untracked 
|  65|0x0000000084100000, 0x0000000084100000, 0x0000000084200000|  0%| F|  |TAMS 0x0000000084100000, 0x0000000084100000| Untracked 
|  66|0x0000000084200000, 0x0000000084300000, 0x0000000084300000|100%| O|  |TAMS 0x0000000084300000, 0x0000000084200000| Untracked 
|  67|0x0000000084300000, 0x0000000084400000, 0x0000000084400000|100%| O|  |TAMS 0x0000000084400000, 0x0000000084300000| Untracked 
|  68|0x0000000084400000, 0x0000000084500000, 0x0000000084500000|100%| O|  |TAMS 0x0000000084500000, 0x0000000084400000| Untracked 
|  69|0x0000000084500000, 0x0000000084600000, 0x0000000084600000|100%| O|  |TAMS 0x0000000084600000, 0x0000000084500000| Untracked 
|  70|0x0000000084600000, 0x0000000084700000, 0x0000000084700000|100%| O|  |TAMS 0x0000000084700000, 0x0000000084600000| Untracked 
|  71|0x0000000084700000, 0x0000000084700000, 0x0000000084800000|  0%| F|  |TAMS 0x0000000084700000, 0x0000000084700000| Untracked 
|  72|0x0000000084800000, 0x0000000084900000, 0x0000000084900000|100%| O|  |TAMS 0x0000000084900000, 0x0000000084800000| Untracked 
|  73|0x0000000084900000, 0x0000000084a00000, 0x0000000084a00000|100%| O|  |TAMS 0x0000000084a00000, 0x0000000084900000| Untracked 
|  74|0x0000000084a00000, 0x0000000084b00000, 0x0000000084b00000|100%| O|  |TAMS 0x0000000084b00000, 0x0000000084a00000| Untracked 
|  75|0x0000000084b00000, 0x0000000084c00000, 0x0000000084c00000|100%| O|  |TAMS 0x0000000084c00000, 0x0000000084b00000| Untracked 
|  76|0x0000000084c00000, 0x0000000084d00000, 0x0000000084d00000|100%| O|  |TAMS 0x0000000084d00000, 0x0000000084c00000| Untracked 
|  77|0x0000000084d00000, 0x0000000084e00000, 0x0000000084e00000|100%| O|  |TAMS 0x0000000084e00000, 0x0000000084d00000| Untracked 
|  78|0x0000000084e00000, 0x0000000084f00000, 0x0000000084f00000|100%| O|  |TAMS 0x0000000084e00000, 0x0000000084e00000| Untracked 
|  79|0x0000000084f00000, 0x0000000085000000, 0x0000000085000000|100%| O|  |TAMS 0x0000000085000000, 0x0000000084f00000| Untracked 
|  80|0x0000000085000000, 0x0000000085100000, 0x0000000085100000|100%| O|  |TAMS 0x0000000085100000, 0x0000000085000000| Untracked 
|  81|0x0000000085100000, 0x0000000085200000, 0x0000000085200000|100%| O|  |TAMS 0x0000000085200000, 0x0000000085100000| Untracked 
|  82|0x0000000085200000, 0x0000000085300000, 0x0000000085300000|100%| O|  |TAMS 0x0000000085300000, 0x0000000085200000| Untracked 
|  83|0x0000000085300000, 0x0000000085400000, 0x0000000085400000|100%| O|  |TAMS 0x0000000085400000, 0x0000000085300000| Untracked 
|  84|0x0000000085400000, 0x0000000085400000, 0x0000000085500000|  0%| F|  |TAMS 0x0000000085400000, 0x0000000085400000| Untracked 
|  85|0x0000000085500000, 0x0000000085500000, 0x0000000085600000|  0%| F|  |TAMS 0x0000000085500000, 0x0000000085500000| Untracked 
|  86|0x0000000085600000, 0x0000000085600000, 0x0000000085700000|  0%| F|  |TAMS 0x0000000085600000, 0x0000000085600000| Untracked 
|  87|0x0000000085700000, 0x0000000085800000, 0x0000000085800000|100%| O|  |TAMS 0x0000000085800000, 0x0000000085700000| Untracked 
|  88|0x0000000085800000, 0x0000000085800000, 0x0000000085900000|  0%| F|  |TAMS 0x0000000085800000, 0x0000000085800000| Untracked 
|  89|0x0000000085900000, 0x0000000085900000, 0x0000000085a00000|  0%| F|  |TAMS 0x0000000085900000, 0x0000000085900000| Untracked 
|  90|0x0000000085a00000, 0x0000000085a00000, 0x0000000085b00000|  0%| F|  |TAMS 0x0000000085a00000, 0x0000000085a00000| Untracked 
|  91|0x0000000085b00000, 0x0000000085c00000, 0x0000000085c00000|100%| O|  |TAMS 0x0000000085b00000, 0x0000000085b00000| Untracked 
|  92|0x0000000085c00000, 0x0000000085c00000, 0x0000000085d00000|  0%| F|  |TAMS 0x0000000085c00000, 0x0000000085c00000| Untracked 
|  93|0x0000000085d00000, 0x0000000085d00000, 0x0000000085e00000|  0%| F|  |TAMS 0x0000000085d00000, 0x0000000085d00000| Untracked 
|  94|0x0000000085e00000, 0x0000000085f00000, 0x0000000085f00000|100%| O|  |TAMS 0x0000000085e00000, 0x0000000085e00000| Untracked 
|  95|0x0000000085f00000, 0x0000000085f00000, 0x0000000086000000|  0%| F|  |TAMS 0x0000000085f00000, 0x0000000085f00000| Untracked 
|  96|0x0000000086000000, 0x0000000086000000, 0x0000000086100000|  0%| F|  |TAMS 0x0000000086000000, 0x0000000086000000| Untracked 
|  97|0x0000000086100000, 0x0000000086200000, 0x0000000086200000|100%| O|  |TAMS 0x0000000086200000, 0x0000000086100000| Untracked 
|  98|0x0000000086200000, 0x0000000086200000, 0x0000000086300000|  0%| F|  |TAMS 0x0000000086200000, 0x0000000086200000| Untracked 
|  99|0x0000000086300000, 0x0000000086300000, 0x0000000086400000|  0%| F|  |TAMS 0x0000000086300000, 0x0000000086300000| Untracked 
| 100|0x0000000086400000, 0x0000000086500000, 0x0000000086500000|100%| O|  |TAMS 0x0000000086500000, 0x0000000086400000| Untracked 
| 101|0x0000000086500000, 0x0000000086600000, 0x0000000086600000|100%| O|  |TAMS 0x0000000086600000, 0x0000000086500000| Untracked 
| 102|0x0000000086600000, 0x0000000086700000, 0x0000000086700000|100%| O|  |TAMS 0x0000000086600000, 0x0000000086600000| Untracked 
| 103|0x0000000086700000, 0x0000000086800000, 0x0000000086800000|100%| O|  |TAMS 0x0000000086700000, 0x0000000086700000| Untracked 
| 104|0x0000000086800000, 0x0000000086800000, 0x0000000086900000|  0%| F|  |TAMS 0x0000000086800000, 0x0000000086800000| Untracked 
| 105|0x0000000086900000, 0x0000000086a00000, 0x0000000086a00000|100%| O|  |TAMS 0x0000000086a00000, 0x0000000086900000| Untracked 
| 106|0x0000000086a00000, 0x0000000086b00000, 0x0000000086b00000|100%| O|  |TAMS 0x0000000086b00000, 0x0000000086a00000| Untracked 
| 107|0x0000000086b00000, 0x0000000086c00000, 0x0000000086c00000|100%| O|  |TAMS 0x0000000086c00000, 0x0000000086b00000| Untracked 
| 108|0x0000000086c00000, 0x0000000086d00000, 0x0000000086d00000|100%| O|  |TAMS 0x0000000086d00000, 0x0000000086c00000| Untracked 
| 109|0x0000000086d00000, 0x0000000086e00000, 0x0000000086e00000|100%| O|  |TAMS 0x0000000086e00000, 0x0000000086d00000| Untracked 
| 110|0x0000000086e00000, 0x0000000086f00000, 0x0000000086f00000|100%| O|  |TAMS 0x0000000086f00000, 0x0000000086e00000| Untracked 
| 111|0x0000000086f00000, 0x0000000087000000, 0x0000000087000000|100%| O|  |TAMS 0x0000000087000000, 0x0000000086f00000| Untracked 
| 112|0x0000000087000000, 0x0000000087100000, 0x0000000087100000|100%| O|  |TAMS 0x0000000087100000, 0x0000000087000000| Untracked 
| 113|0x0000000087100000, 0x0000000087200000, 0x0000000087200000|100%| O|  |TAMS 0x0000000087200000, 0x0000000087100000| Untracked 
| 114|0x0000000087200000, 0x0000000087300000, 0x0000000087300000|100%| O|  |TAMS 0x0000000087300000, 0x0000000087200000| Untracked 
| 115|0x0000000087300000, 0x0000000087300000, 0x0000000087400000|  0%| F|  |TAMS 0x0000000087300000, 0x0000000087300000| Untracked 
| 116|0x0000000087400000, 0x0000000087500000, 0x0000000087500000|100%| O|  |TAMS 0x0000000087500000, 0x0000000087400000| Untracked 
| 117|0x0000000087500000, 0x0000000087600000, 0x0000000087600000|100%| O|  |TAMS 0x0000000087600000, 0x0000000087500000| Untracked 
| 118|0x0000000087600000, 0x0000000087700000, 0x0000000087700000|100%| O|  |TAMS 0x0000000087700000, 0x0000000087600000| Untracked 
| 119|0x0000000087700000, 0x0000000087700000, 0x0000000087800000|  0%| F|  |TAMS 0x0000000087700000, 0x0000000087700000| Untracked 
| 120|0x0000000087800000, 0x0000000087900000, 0x0000000087900000|100%| O|  |TAMS 0x0000000087900000, 0x0000000087800000| Untracked 
| 121|0x0000000087900000, 0x0000000087900000, 0x0000000087a00000|  0%| F|  |TAMS 0x0000000087900000, 0x0000000087900000| Untracked 
| 122|0x0000000087a00000, 0x0000000087a00000, 0x0000000087b00000|  0%| F|  |TAMS 0x0000000087a00000, 0x0000000087a00000| Untracked 
| 123|0x0000000087b00000, 0x0000000087c00000, 0x0000000087c00000|100%| O|  |TAMS 0x0000000087b00000, 0x0000000087b00000| Untracked 
| 124|0x0000000087c00000, 0x0000000087d00000, 0x0000000087d00000|100%| O|  |TAMS 0x0000000087d00000, 0x0000000087c00000| Untracked 
| 125|0x0000000087d00000, 0x0000000087e00000, 0x0000000087e00000|100%| O|  |TAMS 0x0000000087e00000, 0x0000000087d00000| Untracked 
| 126|0x0000000087e00000, 0x0000000087f00000, 0x0000000087f00000|100%| O|  |TAMS 0x0000000087f00000, 0x0000000087e00000| Untracked 
| 127|0x0000000087f00000, 0x0000000088000000, 0x0000000088000000|100%| O|  |TAMS 0x0000000088000000, 0x0000000087f00000| Untracked 
| 128|0x0000000088000000, 0x0000000088100000, 0x0000000088100000|100%| O|  |TAMS 0x0000000088100000, 0x0000000088000000| Untracked 
| 129|0x0000000088100000, 0x0000000088200000, 0x0000000088200000|100%| O|  |TAMS 0x0000000088200000, 0x0000000088100000| Untracked 
| 130|0x0000000088200000, 0x0000000088300000, 0x0000000088300000|100%| O|  |TAMS 0x0000000088300000, 0x0000000088200000| Untracked 
| 131|0x0000000088300000, 0x0000000088400000, 0x0000000088400000|100%| O|  |TAMS 0x0000000088400000, 0x0000000088300000| Untracked 
| 132|0x0000000088400000, 0x0000000088500000, 0x0000000088500000|100%| O|  |TAMS 0x0000000088500000, 0x0000000088400000| Untracked 
| 133|0x0000000088500000, 0x0000000088600000, 0x0000000088600000|100%| O|  |TAMS 0x0000000088600000, 0x0000000088500000| Untracked 
| 134|0x0000000088600000, 0x0000000088700000, 0x0000000088700000|100%| O|  |TAMS 0x0000000088700000, 0x0000000088600000| Untracked 
| 135|0x0000000088700000, 0x0000000088800000, 0x0000000088800000|100%| O|  |TAMS 0x0000000088800000, 0x0000000088700000| Untracked 
| 136|0x0000000088800000, 0x0000000088900000, 0x0000000088900000|100%| O|  |TAMS 0x0000000088900000, 0x0000000088800000| Untracked 
| 137|0x0000000088900000, 0x0000000088a00000, 0x0000000088a00000|100%| O|  |TAMS 0x0000000088a00000, 0x0000000088900000| Untracked 
| 138|0x0000000088a00000, 0x0000000088b00000, 0x0000000088b00000|100%| O|  |TAMS 0x0000000088b00000, 0x0000000088a00000| Untracked 
| 139|0x0000000088b00000, 0x0000000088c00000, 0x0000000088c00000|100%| O|  |TAMS 0x0000000088c00000, 0x0000000088b00000| Untracked 
| 140|0x0000000088c00000, 0x0000000088c00000, 0x0000000088d00000|  0%| F|  |TAMS 0x0000000088c00000, 0x0000000088c00000| Untracked 
| 141|0x0000000088d00000, 0x0000000088e00000, 0x0000000088e00000|100%| O|  |TAMS 0x0000000088e00000, 0x0000000088d00000| Untracked 
| 142|0x0000000088e00000, 0x0000000088f00000, 0x0000000088f00000|100%| O|  |TAMS 0x0000000088f00000, 0x0000000088e00000| Untracked 
| 143|0x0000000088f00000, 0x0000000089000000, 0x0000000089000000|100%| O|  |TAMS 0x0000000089000000, 0x0000000088f00000| Untracked 
| 144|0x0000000089000000, 0x0000000089100000, 0x0000000089100000|100%| O|  |TAMS 0x0000000089100000, 0x0000000089000000| Untracked 
| 145|0x0000000089100000, 0x0000000089200000, 0x0000000089200000|100%| O|  |TAMS 0x0000000089200000, 0x0000000089100000| Untracked 
| 146|0x0000000089200000, 0x0000000089300000, 0x0000000089300000|100%| O|  |TAMS 0x0000000089300000, 0x0000000089200000| Untracked 
| 147|0x0000000089300000, 0x0000000089400000, 0x0000000089400000|100%| O|  |TAMS 0x0000000089400000, 0x0000000089300000| Untracked 
| 148|0x0000000089400000, 0x0000000089400000, 0x0000000089500000|  0%| F|  |TAMS 0x0000000089400000, 0x0000000089400000| Untracked 
| 149|0x0000000089500000, 0x0000000089600000, 0x0000000089600000|100%| O|  |TAMS 0x0000000089500000, 0x0000000089500000| Untracked 
| 150|0x0000000089600000, 0x0000000089600000, 0x0000000089700000|  0%| F|  |TAMS 0x0000000089600000, 0x0000000089600000| Untracked 
| 151|0x0000000089700000, 0x0000000089700000, 0x0000000089800000|  0%| F|  |TAMS 0x0000000089700000, 0x0000000089700000| Untracked 
| 152|0x0000000089800000, 0x0000000089800000, 0x0000000089900000|  0%| F|  |TAMS 0x0000000089800000, 0x0000000089800000| Untracked 
| 153|0x0000000089900000, 0x0000000089a00000, 0x0000000089a00000|100%| O|  |TAMS 0x0000000089900000, 0x0000000089900000| Untracked 
| 154|0x0000000089a00000, 0x0000000089b00000, 0x0000000089b00000|100%| O|  |TAMS 0x0000000089a00000, 0x0000000089a00000| Untracked 
| 155|0x0000000089b00000, 0x0000000089c00000, 0x0000000089c00000|100%| O|  |TAMS 0x0000000089b00000, 0x0000000089b00000| Untracked 
| 156|0x0000000089c00000, 0x0000000089d00000, 0x0000000089d00000|100%| O|  |TAMS 0x0000000089c00000, 0x0000000089c00000| Untracked 
| 157|0x0000000089d00000, 0x0000000089e00000, 0x0000000089e00000|100%| O|  |TAMS 0x0000000089d00000, 0x0000000089d00000| Untracked 
| 158|0x0000000089e00000, 0x0000000089f00000, 0x0000000089f00000|100%| O|  |TAMS 0x0000000089e00000, 0x0000000089e00000| Untracked 
| 159|0x0000000089f00000, 0x000000008a000000, 0x000000008a000000|100%|HS|  |TAMS 0x0000000089f00000, 0x0000000089f00000| Complete 
| 160|0x000000008a000000, 0x000000008a100000, 0x000000008a100000|100%| O|  |TAMS 0x000000008a000000, 0x000000008a000000| Untracked 
| 161|0x000000008a100000, 0x000000008a200000, 0x000000008a200000|100%| O|  |TAMS 0x000000008a100000, 0x000000008a100000| Untracked 
| 162|0x000000008a200000, 0x000000008a300000, 0x000000008a300000|100%| O|  |TAMS 0x000000008a200000, 0x000000008a200000| Untracked 
| 163|0x000000008a300000, 0x000000008a400000, 0x000000008a400000|100%| O|  |TAMS 0x000000008a300000, 0x000000008a300000| Untracked 
| 164|0x000000008a400000, 0x000000008a500000, 0x000000008a500000|100%| O|  |TAMS 0x000000008a400000, 0x000000008a400000| Untracked 
| 165|0x000000008a500000, 0x000000008a600000, 0x000000008a600000|100%| O|  |TAMS 0x000000008a500000, 0x000000008a500000| Untracked 
| 166|0x000000008a600000, 0x000000008a700000, 0x000000008a700000|100%| O|  |TAMS 0x000000008a600000, 0x000000008a600000| Untracked 
| 167|0x000000008a700000, 0x000000008a800000, 0x000000008a800000|100%| O|  |TAMS 0x000000008a700000, 0x000000008a700000| Untracked 
| 168|0x000000008a800000, 0x000000008a900000, 0x000000008a900000|100%| O|  |TAMS 0x000000008a800000, 0x000000008a800000| Untracked 
| 169|0x000000008a900000, 0x000000008aa00000, 0x000000008aa00000|100%| O|  |TAMS 0x000000008a900000, 0x000000008a900000| Untracked 
| 170|0x000000008aa00000, 0x000000008ab00000, 0x000000008ab00000|100%| O|  |TAMS 0x000000008aa00000, 0x000000008aa00000| Untracked 
| 171|0x000000008ab00000, 0x000000008ac00000, 0x000000008ac00000|100%| O|  |TAMS 0x000000008ab00000, 0x000000008ab00000| Untracked 
| 172|0x000000008ac00000, 0x000000008ad00000, 0x000000008ad00000|100%| O|  |TAMS 0x000000008ac00000, 0x000000008ac00000| Untracked 
| 173|0x000000008ad00000, 0x000000008ae00000, 0x000000008ae00000|100%| O|  |TAMS 0x000000008ad00000, 0x000000008ad00000| Untracked 
| 174|0x000000008ae00000, 0x000000008af00000, 0x000000008af00000|100%| O|  |TAMS 0x000000008ae00000, 0x000000008ae00000| Untracked 
| 175|0x000000008af00000, 0x000000008b000000, 0x000000008b000000|100%| O|  |TAMS 0x000000008af00000, 0x000000008af00000| Untracked 
| 176|0x000000008b000000, 0x000000008b100000, 0x000000008b100000|100%| O|  |TAMS 0x000000008b000000, 0x000000008b000000| Untracked 
| 177|0x000000008b100000, 0x000000008b200000, 0x000000008b200000|100%| O|  |TAMS 0x000000008b100000, 0x000000008b100000| Untracked 
| 178|0x000000008b200000, 0x000000008b300000, 0x000000008b300000|100%| O|  |TAMS 0x000000008b200000, 0x000000008b200000| Untracked 
| 179|0x000000008b300000, 0x000000008b400000, 0x000000008b400000|100%| O|  |TAMS 0x000000008b300000, 0x000000008b300000| Untracked 
| 180|0x000000008b400000, 0x000000008b400000, 0x000000008b500000|  0%| F|  |TAMS 0x000000008b400000, 0x000000008b400000| Untracked 
| 181|0x000000008b500000, 0x000000008b500000, 0x000000008b600000|  0%| F|  |TAMS 0x000000008b500000, 0x000000008b500000| Untracked 
| 182|0x000000008b600000, 0x000000008b600000, 0x000000008b700000|  0%| F|  |TAMS 0x000000008b600000, 0x000000008b600000| Untracked 
| 183|0x000000008b700000, 0x000000008b700000, 0x000000008b800000|  0%| F|  |TAMS 0x000000008b700000, 0x000000008b700000| Untracked 
| 184|0x000000008b800000, 0x000000008b800000, 0x000000008b900000|  0%| F|  |TAMS 0x000000008b800000, 0x000000008b800000| Untracked 
| 185|0x000000008b900000, 0x000000008b900000, 0x000000008ba00000|  0%| F|  |TAMS 0x000000008b900000, 0x000000008b900000| Untracked 
| 186|0x000000008ba00000, 0x000000008ba00000, 0x000000008bb00000|  0%| F|  |TAMS 0x000000008ba00000, 0x000000008ba00000| Untracked 
| 187|0x000000008bb00000, 0x000000008bb00000, 0x000000008bc00000|  0%| F|  |TAMS 0x000000008bb00000, 0x000000008bb00000| Untracked 
| 188|0x000000008bc00000, 0x000000008bc00000, 0x000000008bd00000|  0%| F|  |TAMS 0x000000008bc00000, 0x000000008bc00000| Untracked 
| 189|0x000000008bd00000, 0x000000008bd00000, 0x000000008be00000|  0%| F|  |TAMS 0x000000008bd00000, 0x000000008bd00000| Untracked 
| 190|0x000000008be00000, 0x000000008be00000, 0x000000008bf00000|  0%| F|  |TAMS 0x000000008be00000, 0x000000008be00000| Untracked 
| 191|0x000000008bf00000, 0x000000008bf00000, 0x000000008c000000|  0%| F|  |TAMS 0x000000008bf00000, 0x000000008bf00000| Untracked 
| 192|0x000000008c000000, 0x000000008c000000, 0x000000008c100000|  0%| F|  |TAMS 0x000000008c000000, 0x000000008c000000| Untracked 
| 193|0x000000008c100000, 0x000000008c100000, 0x000000008c200000|  0%| F|  |TAMS 0x000000008c100000, 0x000000008c100000| Untracked 
| 194|0x000000008c200000, 0x000000008c200000, 0x000000008c300000|  0%| F|  |TAMS 0x000000008c200000, 0x000000008c200000| Untracked 
| 195|0x000000008c300000, 0x000000008c300000, 0x000000008c400000|  0%| F|  |TAMS 0x000000008c300000, 0x000000008c300000| Untracked 
| 196|0x000000008c400000, 0x000000008c400000, 0x000000008c500000|  0%| F|  |TAMS 0x000000008c400000, 0x000000008c400000| Untracked 
| 197|0x000000008c500000, 0x000000008c500000, 0x000000008c600000|  0%| F|  |TAMS 0x000000008c500000, 0x000000008c500000| Untracked 
| 198|0x000000008c600000, 0x000000008c600000, 0x000000008c700000|  0%| F|  |TAMS 0x000000008c600000, 0x000000008c600000| Untracked 
| 199|0x000000008c700000, 0x000000008c700000, 0x000000008c800000|  0%| F|  |TAMS 0x000000008c700000, 0x000000008c700000| Untracked 
| 200|0x000000008c800000, 0x000000008c800000, 0x000000008c900000|  0%| F|  |TAMS 0x000000008c800000, 0x000000008c800000| Untracked 
| 201|0x000000008c900000, 0x000000008c900000, 0x000000008ca00000|  0%| F|  |TAMS 0x000000008c900000, 0x000000008c900000| Untracked 
| 202|0x000000008ca00000, 0x000000008ca00000, 0x000000008cb00000|  0%| F|  |TAMS 0x000000008ca00000, 0x000000008ca00000| Untracked 
| 203|0x000000008cb00000, 0x000000008cb00000, 0x000000008cc00000|  0%| F|  |TAMS 0x000000008cb00000, 0x000000008cb00000| Untracked 
| 204|0x000000008cc00000, 0x000000008cc00000, 0x000000008cd00000|  0%| F|  |TAMS 0x000000008cc00000, 0x000000008cc00000| Untracked 
| 205|0x000000008cd00000, 0x000000008cd00000, 0x000000008ce00000|  0%| F|  |TAMS 0x000000008cd00000, 0x000000008cd00000| Untracked 
| 206|0x000000008ce00000, 0x000000008ce00000, 0x000000008cf00000|  0%| F|  |TAMS 0x000000008ce00000, 0x000000008ce00000| Untracked 
| 207|0x000000008cf00000, 0x000000008cf00000, 0x000000008d000000|  0%| F|  |TAMS 0x000000008cf00000, 0x000000008cf00000| Untracked 
| 208|0x000000008d000000, 0x000000008d000000, 0x000000008d100000|  0%| F|  |TAMS 0x000000008d000000, 0x000000008d000000| Untracked 
| 209|0x000000008d100000, 0x000000008d100000, 0x000000008d200000|  0%| F|  |TAMS 0x000000008d100000, 0x000000008d100000| Untracked 
| 210|0x000000008d200000, 0x000000008d200000, 0x000000008d300000|  0%| F|  |TAMS 0x000000008d200000, 0x000000008d200000| Untracked 
| 211|0x000000008d300000, 0x000000008d300000, 0x000000008d400000|  0%| F|  |TAMS 0x000000008d300000, 0x000000008d300000| Untracked 
| 212|0x000000008d400000, 0x000000008d400000, 0x000000008d500000|  0%| F|  |TAMS 0x000000008d400000, 0x000000008d400000| Untracked 
| 213|0x000000008d500000, 0x000000008d500000, 0x000000008d600000|  0%| F|  |TAMS 0x000000008d500000, 0x000000008d500000| Untracked 
| 214|0x000000008d600000, 0x000000008d600000, 0x000000008d700000|  0%| F|  |TAMS 0x000000008d600000, 0x000000008d600000| Untracked 
| 215|0x000000008d700000, 0x000000008d700000, 0x000000008d800000|  0%| F|  |TAMS 0x000000008d700000, 0x000000008d700000| Untracked 
| 216|0x000000008d800000, 0x000000008d800000, 0x000000008d900000|  0%| F|  |TAMS 0x000000008d800000, 0x000000008d800000| Untracked 
| 217|0x000000008d900000, 0x000000008d900000, 0x000000008da00000|  0%| F|  |TAMS 0x000000008d900000, 0x000000008d900000| Untracked 
| 218|0x000000008da00000, 0x000000008da00000, 0x000000008db00000|  0%| F|  |TAMS 0x000000008da00000, 0x000000008da00000| Untracked 
| 219|0x000000008db00000, 0x000000008db00000, 0x000000008dc00000|  0%| F|  |TAMS 0x000000008db00000, 0x000000008db00000| Untracked 
| 220|0x000000008dc00000, 0x000000008dc00000, 0x000000008dd00000|  0%| F|  |TAMS 0x000000008dc00000, 0x000000008dc00000| Untracked 
| 221|0x000000008dd00000, 0x000000008dd00000, 0x000000008de00000|  0%| F|  |TAMS 0x000000008dd00000, 0x000000008dd00000| Untracked 
| 222|0x000000008de00000, 0x000000008de00000, 0x000000008df00000|  0%| F|  |TAMS 0x000000008de00000, 0x000000008de00000| Untracked 
| 223|0x000000008df00000, 0x000000008df00000, 0x000000008e000000|  0%| F|  |TAMS 0x000000008df00000, 0x000000008df00000| Untracked 
| 224|0x000000008e000000, 0x000000008e000000, 0x000000008e100000|  0%| F|  |TAMS 0x000000008e000000, 0x000000008e000000| Untracked 
| 225|0x000000008e100000, 0x000000008e100000, 0x000000008e200000|  0%| F|  |TAMS 0x000000008e100000, 0x000000008e100000| Untracked 
| 226|0x000000008e200000, 0x000000008e200000, 0x000000008e300000|  0%| F|  |TAMS 0x000000008e200000, 0x000000008e200000| Untracked 
| 227|0x000000008e300000, 0x000000008e300000, 0x000000008e400000|  0%| F|  |TAMS 0x000000008e300000, 0x000000008e300000| Untracked 
| 228|0x000000008e400000, 0x000000008e400000, 0x000000008e500000|  0%| F|  |TAMS 0x000000008e400000, 0x000000008e400000| Untracked 
| 229|0x000000008e500000, 0x000000008e500000, 0x000000008e600000|  0%| F|  |TAMS 0x000000008e500000, 0x000000008e500000| Untracked 
| 230|0x000000008e600000, 0x000000008e600000, 0x000000008e700000|  0%| F|  |TAMS 0x000000008e600000, 0x000000008e600000| Untracked 
| 231|0x000000008e700000, 0x000000008e700000, 0x000000008e800000|  0%| F|  |TAMS 0x000000008e700000, 0x000000008e700000| Untracked 
| 232|0x000000008e800000, 0x000000008e800000, 0x000000008e900000|  0%| F|  |TAMS 0x000000008e800000, 0x000000008e800000| Untracked 
| 233|0x000000008e900000, 0x000000008e900000, 0x000000008ea00000|  0%| F|  |TAMS 0x000000008e900000, 0x000000008e900000| Untracked 
| 234|0x000000008ea00000, 0x000000008ea00000, 0x000000008eb00000|  0%| F|  |TAMS 0x000000008ea00000, 0x000000008ea00000| Untracked 
| 235|0x000000008eb00000, 0x000000008eb00000, 0x000000008ec00000|  0%| F|  |TAMS 0x000000008eb00000, 0x000000008eb00000| Untracked 
| 236|0x000000008ec00000, 0x000000008ec00000, 0x000000008ed00000|  0%| F|  |TAMS 0x000000008ec00000, 0x000000008ec00000| Untracked 
| 237|0x000000008ed00000, 0x000000008ed00000, 0x000000008ee00000|  0%| F|  |TAMS 0x000000008ed00000, 0x000000008ed00000| Untracked 
| 238|0x000000008ee00000, 0x000000008ee00000, 0x000000008ef00000|  0%| F|  |TAMS 0x000000008ee00000, 0x000000008ee00000| Untracked 
| 239|0x000000008ef00000, 0x000000008ef00000, 0x000000008f000000|  0%| F|  |TAMS 0x000000008ef00000, 0x000000008ef00000| Untracked 
| 240|0x000000008f000000, 0x000000008f000000, 0x000000008f100000|  0%| F|  |TAMS 0x000000008f000000, 0x000000008f000000| Untracked 
| 241|0x000000008f100000, 0x000000008f100000, 0x000000008f200000|  0%| F|  |TAMS 0x000000008f100000, 0x000000008f100000| Untracked 
| 242|0x000000008f200000, 0x000000008f200000, 0x000000008f300000|  0%| F|  |TAMS 0x000000008f200000, 0x000000008f200000| Untracked 
| 243|0x000000008f300000, 0x000000008f300000, 0x000000008f400000|  0%| F|  |TAMS 0x000000008f300000, 0x000000008f300000| Untracked 
| 244|0x000000008f400000, 0x000000008f400000, 0x000000008f500000|  0%| F|  |TAMS 0x000000008f400000, 0x000000008f400000| Untracked 
| 245|0x000000008f500000, 0x000000008f500000, 0x000000008f600000|  0%| F|  |TAMS 0x000000008f500000, 0x000000008f500000| Untracked 
| 246|0x000000008f600000, 0x000000008f600000, 0x000000008f700000|  0%| F|  |TAMS 0x000000008f600000, 0x000000008f600000| Untracked 
| 247|0x000000008f700000, 0x000000008f700000, 0x000000008f800000|  0%| F|  |TAMS 0x000000008f700000, 0x000000008f700000| Untracked 
| 248|0x000000008f800000, 0x000000008f800000, 0x000000008f900000|  0%| F|  |TAMS 0x000000008f800000, 0x000000008f800000| Untracked 
| 249|0x000000008f900000, 0x000000008f900000, 0x000000008fa00000|  0%| F|  |TAMS 0x000000008f900000, 0x000000008f900000| Untracked 
| 250|0x000000008fa00000, 0x000000008fa00000, 0x000000008fb00000|  0%| F|  |TAMS 0x000000008fa00000, 0x000000008fa00000| Untracked 
| 251|0x000000008fb00000, 0x000000008fb00000, 0x000000008fc00000|  0%| F|  |TAMS 0x000000008fb00000, 0x000000008fb00000| Untracked 
| 252|0x000000008fc00000, 0x000000008fc00000, 0x000000008fd00000|  0%| F|  |TAMS 0x000000008fc00000, 0x000000008fc00000| Untracked 
| 253|0x000000008fd00000, 0x000000008fd00000, 0x000000008fe00000|  0%| F|  |TAMS 0x000000008fd00000, 0x000000008fd00000| Untracked 
| 254|0x000000008fe00000, 0x000000008fe00000, 0x000000008ff00000|  0%| F|  |TAMS 0x000000008fe00000, 0x000000008fe00000| Untracked 
| 255|0x000000008ff00000, 0x000000008ff00000, 0x0000000090000000|  0%| F|  |TAMS 0x000000008ff00000, 0x000000008ff00000| Untracked 
| 256|0x0000000090000000, 0x0000000090000000, 0x0000000090100000|  0%| F|  |TAMS 0x0000000090000000, 0x0000000090000000| Untracked 
| 257|0x0000000090100000, 0x0000000090100000, 0x0000000090200000|  0%| F|  |TAMS 0x0000000090100000, 0x0000000090100000| Untracked 
| 258|0x0000000090200000, 0x0000000090200000, 0x0000000090300000|  0%| F|  |TAMS 0x0000000090200000, 0x0000000090200000| Untracked 
| 259|0x0000000090300000, 0x0000000090300000, 0x0000000090400000|  0%| F|  |TAMS 0x0000000090300000, 0x0000000090300000| Untracked 
| 260|0x0000000090400000, 0x0000000090400000, 0x0000000090500000|  0%| F|  |TAMS 0x0000000090400000, 0x0000000090400000| Untracked 
| 261|0x0000000090500000, 0x0000000090500000, 0x0000000090600000|  0%| F|  |TAMS 0x0000000090500000, 0x0000000090500000| Untracked 
| 262|0x0000000090600000, 0x0000000090600000, 0x0000000090700000|  0%| F|  |TAMS 0x0000000090600000, 0x0000000090600000| Untracked 
| 263|0x0000000090700000, 0x0000000090700000, 0x0000000090800000|  0%| F|  |TAMS 0x0000000090700000, 0x0000000090700000| Untracked 
| 264|0x0000000090800000, 0x0000000090800000, 0x0000000090900000|  0%| F|  |TAMS 0x0000000090800000, 0x0000000090800000| Untracked 
| 265|0x0000000090900000, 0x0000000090900000, 0x0000000090a00000|  0%| F|  |TAMS 0x0000000090900000, 0x0000000090900000| Untracked 
| 266|0x0000000090a00000, 0x0000000090a00000, 0x0000000090b00000|  0%| F|  |TAMS 0x0000000090a00000, 0x0000000090a00000| Untracked 
| 267|0x0000000090b00000, 0x0000000090b00000, 0x0000000090c00000|  0%| F|  |TAMS 0x0000000090b00000, 0x0000000090b00000| Untracked 
| 268|0x0000000090c00000, 0x0000000090c00000, 0x0000000090d00000|  0%| F|  |TAMS 0x0000000090c00000, 0x0000000090c00000| Untracked 
| 269|0x0000000090d00000, 0x0000000090d00000, 0x0000000090e00000|  0%| F|  |TAMS 0x0000000090d00000, 0x0000000090d00000| Untracked 
| 270|0x0000000090e00000, 0x0000000090e00000, 0x0000000090f00000|  0%| F|  |TAMS 0x0000000090e00000, 0x0000000090e00000| Untracked 
| 271|0x0000000090f00000, 0x0000000090f00000, 0x0000000091000000|  0%| F|  |TAMS 0x0000000090f00000, 0x0000000090f00000| Untracked 
| 272|0x0000000091000000, 0x0000000091000000, 0x0000000091100000|  0%| F|  |TAMS 0x0000000091000000, 0x0000000091000000| Untracked 
| 273|0x0000000091100000, 0x0000000091100000, 0x0000000091200000|  0%| F|  |TAMS 0x0000000091100000, 0x0000000091100000| Untracked 
| 274|0x0000000091200000, 0x0000000091200000, 0x0000000091300000|  0%| F|  |TAMS 0x0000000091200000, 0x0000000091200000| Untracked 
| 275|0x0000000091300000, 0x0000000091400000, 0x0000000091400000|100%| S|CS|TAMS 0x0000000091300000, 0x0000000091300000| Complete 
| 276|0x0000000091400000, 0x0000000091500000, 0x0000000091500000|100%| S|CS|TAMS 0x0000000091400000, 0x0000000091400000| Complete 
| 277|0x0000000091500000, 0x0000000091500000, 0x0000000091600000|  0%| F|  |TAMS 0x0000000091500000, 0x0000000091500000| Untracked 
|2037|0x00000000ff500000, 0x00000000ff500000, 0x00000000ff600000|  0%| F|  |TAMS 0x00000000ff500000, 0x00000000ff500000| Untracked 
|2038|0x00000000ff600000, 0x00000000ff600000, 0x00000000ff700000|  0%| F|  |TAMS 0x00000000ff600000, 0x00000000ff600000| Untracked 
|2039|0x00000000ff700000, 0x00000000ff700000, 0x00000000ff800000|  0%| F|  |TAMS 0x00000000ff700000, 0x00000000ff700000| Untracked 
|2040|0x00000000ff800000, 0x00000000ff800000, 0x00000000ff900000|  0%| F|  |TAMS 0x00000000ff800000, 0x00000000ff800000| Untracked 
|2041|0x00000000ff900000, 0x00000000ff900000, 0x00000000ffa00000|  0%| F|  |TAMS 0x00000000ff900000, 0x00000000ff900000| Untracked 
|2042|0x00000000ffa00000, 0x00000000ffa00000, 0x00000000ffb00000|  0%| F|  |TAMS 0x00000000ffa00000, 0x00000000ffa00000| Untracked 
|2043|0x00000000ffb00000, 0x00000000ffb00000, 0x00000000ffc00000|  0%| F|  |TAMS 0x00000000ffb00000, 0x00000000ffb00000| Untracked 
|2044|0x00000000ffc00000, 0x00000000ffc00000, 0x00000000ffd00000|  0%| F|  |TAMS 0x00000000ffc00000, 0x00000000ffc00000| Untracked 
|2045|0x00000000ffd00000, 0x00000000ffd00000, 0x00000000ffe00000|  0%| F|  |TAMS 0x00000000ffd00000, 0x00000000ffd00000| Untracked 
|2046|0x00000000ffe00000, 0x00000000ffe00000, 0x00000000fff00000|  0%| F|  |TAMS 0x00000000ffe00000, 0x00000000ffe00000| Untracked 
|2047|0x00000000fff00000, 0x00000000fff00000, 0x0000000100000000|  0%| F|  |TAMS 0x00000000fff00000, 0x00000000fff00000| Untracked 

Card table byte_map: [0x000002e2dbd40000,0x000002e2dc140000] _byte_map_base: 0x000002e2db940000

Marking Bits (Prev, Next): (CMBitMap*) 0x000002e2c768daf0, (CMBitMap*) 0x000002e2c768db30
 Prev Bits: [0x000002e2dc540000, 0x000002e2de540000)
 Next Bits: [0x000002e2de540000, 0x000002e2e0540000)

Polling page: 0x000002e2c74c0000

Metaspace:

Usage:
  Non-class:     52.06 MB used.
      Class:      8.19 MB used.
       Both:     60.25 MB used.

Virtual space:
  Non-class space:       64.00 MB reserved,      52.31 MB ( 82%) committed,  1 nodes.
      Class space:      416.00 MB reserved,       8.44 MB (  2%) committed,  1 nodes.
             Both:      480.00 MB reserved,      60.75 MB ( 13%) committed. 

Chunk freelists:
   Non-Class:  11.39 MB
       Class:  7.41 MB
        Both:  18.80 MB

MaxMetaspaceSize: 512.00 MB
CompressedClassSpaceSize: 416.00 MB
Initial GC threshold: 21.00 MB
Current GC threshold: 101.06 MB
CDS: off
MetaspaceReclaimPolicy: balanced
 - commit_granule_bytes: 65536.
 - commit_granule_words: 8192.
 - virtual_space_node_default_size: 8388608.
 - enlarge_chunks_in_place: 1.
 - new_chunks_are_fully_committed: 0.
 - uncommit_free_chunks: 1.
 - use_allocation_guard: 0.
 - handle_deallocations: 1.


Internal statistics:

num_allocs_failed_limit: 3.
num_arena_births: 650.
num_arena_deaths: 4.
num_vsnodes_births: 2.
num_vsnodes_deaths: 0.
num_space_committed: 972.
num_space_uncommitted: 0.
num_chunks_returned_to_freelist: 10.
num_chunks_taken_from_freelist: 2782.
num_chunk_merges: 3.
num_chunk_splits: 1800.
num_chunks_enlarged: 1222.
num_inconsistent_stats: 0.

CodeHeap 'non-profiled nmethods': size=120000Kb used=4004Kb max_used=4004Kb free=115996Kb
 bounds [0x000002e2d3df0000, 0x000002e2d41e0000, 0x000002e2db320000]
CodeHeap 'profiled nmethods': size=120000Kb used=13084Kb max_used=13084Kb free=106916Kb
 bounds [0x000002e2cc320000, 0x000002e2ccff0000, 0x000002e2d3850000]
CodeHeap 'non-nmethods': size=5760Kb used=2332Kb max_used=2399Kb free=3427Kb
 bounds [0x000002e2d3850000, 0x000002e2d3ad0000, 0x000002e2d3df0000]
 total_blobs=7946 nmethods=7093 adapters=765
 compilation: enabled
              stopped_count=0, restarted_count=0
 full_count=0

Compilation events (20 events):
Event: 30.837 Thread 0x000002e2e701e350 7993       3       org.gradle.internal.classpath.transforms.InstrumentingClassTransform$InstrumentingMethodVisitor::visitMethodInsn (126 bytes)
Event: 30.837 Thread 0x000002e2e701e350 nmethod 7993 0x000002e2ccfe3d90 code [0x000002e2ccfe3fe0, 0x000002e2ccfe48f8]
Event: 30.866 Thread 0x000002e2e701e350 7995       1       org.gradle.internal.logging.events.ProgressStartEvent::getStatus (5 bytes)
Event: 30.866 Thread 0x000002e2e701e350 nmethod 7995 0x000002e2d41d8710 code [0x000002e2d41d88a0, 0x000002e2d41d8978]
Event: 30.880 Thread 0x000002e2e701e350 7996       2       java.util.TreeMap::navigableKeySet (27 bytes)
Event: 30.880 Thread 0x000002e2e701e350 nmethod 7996 0x000002e2ccfe4b90 code [0x000002e2ccfe4d20, 0x000002e2ccfe4f38]
Event: 30.880 Thread 0x000002e2e701e350 7997       2       java.util.TreeMap$KeySet::iterator (32 bytes)
Event: 30.881 Thread 0x000002e2e701e350 nmethod 7997 0x000002e2ccfe5010 code [0x000002e2ccfe51e0, 0x000002e2ccfe5578]
Event: 30.881 Thread 0x000002e2e701e350 7998       2       java.util.TreeSet::iterator (15 bytes)
Event: 30.881 Thread 0x000002e2e701e350 nmethod 7998 0x000002e2ccfe5790 code [0x000002e2ccfe5940, 0x000002e2ccfe5a98]
Event: 30.881 Thread 0x000002e2e701e350 7999       2       java.util.TreeSet::size (10 bytes)
Event: 30.881 Thread 0x000002e2e701e350 nmethod 7999 0x000002e2ccfe5b90 code [0x000002e2ccfe5d20, 0x000002e2ccfe5e48]
Event: 30.907 Thread 0x000002e2e701e350 8003       2       java.util.concurrent.atomic.AtomicLong::addAndGet (14 bytes)
Event: 30.907 Thread 0x000002e2e701e350 nmethod 8003 0x000002e2ccfe5f10 code [0x000002e2ccfe60a0, 0x000002e2ccfe61b8]
Event: 30.980 Thread 0x000002e2e701e350 8004       1       sun.nio.fs.WindowsPath::getPathForPermissionCheck (5 bytes)
Event: 30.980 Thread 0x000002e2e701e350 nmethod 8004 0x000002e2d41d8a10 code [0x000002e2d41d8ba0, 0x000002e2d41d8c78]
Event: 31.073 Thread 0x000002e2e701e350 8006       3       org.objectweb.asm.MethodWriter::visitSwitchInsn (174 bytes)
Event: 31.074 Thread 0x000002e2e701e350 nmethod 8006 0x000002e2ccfe6290 code [0x000002e2ccfe64c0, 0x000002e2ccfe6c38]
Event: 31.085 Thread 0x000002e2e701e350 8007       1       org.gradle.api.internal.artifacts.transform.DefaultTransformOutputs::access$100 (5 bytes)
Event: 31.086 Thread 0x000002e2e701e350 nmethod 8007 0x000002e2d41d8d10 code [0x000002e2d41d8ea0, 0x000002e2d41d8f58]

GC Heap History (20 events):
Event: 27.314 GC heap after
{Heap after GC invocations=65 (full 0):
 garbage-first heap   total 194560K, used 79428K [0x0000000080000000, 0x0000000100000000)
  region size 1024K, 8 young (8192K), 8 survivors (8192K)
 Metaspace       used 61450K, committed 62016K, reserved 491520K
  class space    used 8383K, committed 8640K, reserved 425984K
}
Event: 27.626 GC heap before
{Heap before GC invocations=65 (full 0):
 garbage-first heap   total 194560K, used 162372K [0x0000000080000000, 0x0000000100000000)
  region size 1024K, 89 young (91136K), 8 survivors (8192K)
 Metaspace       used 61450K, committed 62016K, reserved 491520K
  class space    used 8383K, committed 8640K, reserved 425984K
}
Event: 27.635 GC heap after
{Heap after GC invocations=66 (full 0):
 garbage-first heap   total 194560K, used 83121K [0x0000000080000000, 0x0000000100000000)
  region size 1024K, 7 young (7168K), 7 survivors (7168K)
 Metaspace       used 61450K, committed 62016K, reserved 491520K
  class space    used 8383K, committed 8640K, reserved 425984K
}
Event: 27.879 GC heap before
{Heap before GC invocations=66 (full 0):
 garbage-first heap   total 194560K, used 164017K [0x0000000080000000, 0x0000000100000000)
  region size 1024K, 86 young (88064K), 7 survivors (7168K)
 Metaspace       used 61450K, committed 62016K, reserved 491520K
  class space    used 8383K, committed 8640K, reserved 425984K
}
Event: 27.889 GC heap after
{Heap after GC invocations=67 (full 0):
 garbage-first heap   total 194560K, used 87447K [0x0000000080000000, 0x0000000100000000)
  region size 1024K, 8 young (8192K), 8 survivors (8192K)
 Metaspace       used 61450K, committed 62016K, reserved 491520K
  class space    used 8383K, committed 8640K, reserved 425984K
}
Event: 28.641 GC heap before
{Heap before GC invocations=67 (full 0):
 garbage-first heap   total 194560K, used 167319K [0x0000000080000000, 0x0000000100000000)
  region size 1024K, 83 young (84992K), 8 survivors (8192K)
 Metaspace       used 61519K, committed 62080K, reserved 491520K
  class space    used 8389K, committed 8640K, reserved 425984K
}
Event: 28.689 GC heap after
{Heap after GC invocations=68 (full 0):
 garbage-first heap   total 205824K, used 114981K [0x0000000080000000, 0x0000000100000000)
  region size 1024K, 11 young (11264K), 11 survivors (11264K)
 Metaspace       used 61519K, committed 62080K, reserved 491520K
  class space    used 8389K, committed 8640K, reserved 425984K
}
Event: 28.854 GC heap before
{Heap before GC invocations=68 (full 0):
 garbage-first heap   total 205824K, used 152869K [0x0000000080000000, 0x0000000100000000)
  region size 1024K, 49 young (50176K), 11 survivors (11264K)
 Metaspace       used 61524K, committed 62080K, reserved 491520K
  class space    used 8389K, committed 8640K, reserved 425984K
}
Event: 28.909 GC heap after
{Heap after GC invocations=69 (full 0):
 garbage-first heap   total 287744K, used 134144K [0x0000000080000000, 0x0000000100000000)
  region size 1024K, 7 young (7168K), 7 survivors (7168K)
 Metaspace       used 61524K, committed 62080K, reserved 491520K
  class space    used 8389K, committed 8640K, reserved 425984K
}
Event: 29.458 GC heap before
{Heap before GC invocations=70 (full 0):
 garbage-first heap   total 287744K, used 198656K [0x0000000080000000, 0x0000000100000000)
  region size 1024K, 74 young (75776K), 7 survivors (7168K)
 Metaspace       used 61570K, committed 62144K, reserved 491520K
  class space    used 8383K, committed 8640K, reserved 425984K
}
Event: 29.631 GC heap after
{Heap after GC invocations=71 (full 0):
 garbage-first heap   total 287744K, used 163840K [0x0000000080000000, 0x0000000100000000)
  region size 1024K, 10 young (10240K), 10 survivors (10240K)
 Metaspace       used 61570K, committed 62144K, reserved 491520K
  class space    used 8383K, committed 8640K, reserved 425984K
}
Event: 29.657 GC heap before
{Heap before GC invocations=71 (full 0):
 garbage-first heap   total 287744K, used 167936K [0x0000000080000000, 0x0000000100000000)
  region size 1024K, 14 young (14336K), 10 survivors (10240K)
 Metaspace       used 61570K, committed 62144K, reserved 491520K
  class space    used 8383K, committed 8640K, reserved 425984K
}
Event: 29.685 GC heap after
{Heap after GC invocations=72 (full 0):
 garbage-first heap   total 287744K, used 160768K [0x0000000080000000, 0x0000000100000000)
  region size 1024K, 2 young (2048K), 2 survivors (2048K)
 Metaspace       used 61570K, committed 62144K, reserved 491520K
  class space    used 8383K, committed 8640K, reserved 425984K
}
Event: 30.080 GC heap before
{Heap before GC invocations=72 (full 0):
 garbage-first heap   total 287744K, used 208896K [0x0000000080000000, 0x0000000100000000)
  region size 1024K, 49 young (50176K), 2 survivors (2048K)
 Metaspace       used 61648K, committed 62208K, reserved 491520K
  class space    used 8386K, committed 8640K, reserved 425984K
}
Event: 30.117 GC heap after
{Heap after GC invocations=73 (full 0):
 garbage-first heap   total 287744K, used 176128K [0x0000000080000000, 0x0000000100000000)
  region size 1024K, 7 young (7168K), 7 survivors (7168K)
 Metaspace       used 61648K, committed 62208K, reserved 491520K
  class space    used 8386K, committed 8640K, reserved 425984K
}
Event: 30.994 GC heap before
{Heap before GC invocations=74 (full 0):
 garbage-first heap   total 295936K, used 210944K [0x0000000080000000, 0x0000000100000000)
  region size 1024K, 48 young (49152K), 7 survivors (7168K)
 Metaspace       used 61693K, committed 62208K, reserved 491520K
  class space    used 8386K, committed 8640K, reserved 425984K
}
Event: 31.021 GC heap after
{Heap after GC invocations=75 (full 0):
 garbage-first heap   total 295936K, used 183296K [0x0000000080000000, 0x0000000100000000)
  region size 1024K, 6 young (6144K), 6 survivors (6144K)
 Metaspace       used 61693K, committed 62208K, reserved 491520K
  class space    used 8386K, committed 8640K, reserved 425984K
}
Event: 31.049 GC heap before
{Heap before GC invocations=75 (full 0):
 garbage-first heap   total 295936K, used 191488K [0x0000000080000000, 0x0000000100000000)
  region size 1024K, 14 young (14336K), 6 survivors (6144K)
 Metaspace       used 61693K, committed 62208K, reserved 491520K
  class space    used 8386K, committed 8640K, reserved 425984K
}
Event: 31.070 GC heap after
{Heap after GC invocations=76 (full 0):
 garbage-first heap   total 295936K, used 161874K [0x0000000080000000, 0x0000000100000000)
  region size 1024K, 2 young (2048K), 2 survivors (2048K)
 Metaspace       used 61693K, committed 62208K, reserved 491520K
  class space    used 8386K, committed 8640K, reserved 425984K
}
Event: 31.119 GC heap before
{Heap before GC invocations=76 (full 0):
 garbage-first heap   total 295936K, used 174162K [0x0000000080000000, 0x0000000100000000)
  region size 1024K, 14 young (14336K), 2 survivors (2048K)
 Metaspace       used 61693K, committed 62208K, reserved 491520K
  class space    used 8386K, committed 8640K, reserved 425984K
}

Dll operation events (3 events):
Event: 0.107 Loaded shared library C:\Program Files\Android\Android Studio\jbr\bin\java.dll
Event: 0.605 Loaded shared library C:\Program Files\Android\Android Studio\jbr\bin\zip.dll
Event: 1.531 Loaded shared library C:\Program Files\Android\Android Studio\jbr\bin\verify.dll

Deoptimization events (20 events):
Event: 29.718 Thread 0x000002e2e774a490 DEOPT PACKING pc=0x000002e2d41711fc sp=0x000000f6d2bf4200
Event: 29.718 Thread 0x000002e2e774a490 DEOPT UNPACKING pc=0x000002e2d38a69a3 sp=0x000000f6d2bf41a8 mode 2
Event: 29.718 Thread 0x000002e2e774a490 Uncommon trap: trap_request=0xffffffde fr.pc=0x000002e2d41711fc relative=0x000000000000023c
Event: 29.718 Thread 0x000002e2e774a490 Uncommon trap: reason=class_check action=maybe_recompile pc=0x000002e2d41711fc method=org.gradle.api.internal.file.archive.impl.AbstractZipEntry$1.apply(Ljava/lang/Object;)Ljava/lang/Object; @ 2 c2
Event: 29.718 Thread 0x000002e2e774a490 DEOPT PACKING pc=0x000002e2d41711fc sp=0x000000f6d2bf4200
Event: 29.718 Thread 0x000002e2e774a490 DEOPT UNPACKING pc=0x000002e2d38a69a3 sp=0x000000f6d2bf41a8 mode 2
Event: 29.719 Thread 0x000002e2e774a490 Uncommon trap: trap_request=0xffffffde fr.pc=0x000002e2d41711fc relative=0x000000000000023c
Event: 29.719 Thread 0x000002e2e774a490 Uncommon trap: reason=class_check action=maybe_recompile pc=0x000002e2d41711fc method=org.gradle.api.internal.file.archive.impl.AbstractZipEntry$1.apply(Ljava/lang/Object;)Ljava/lang/Object; @ 2 c2
Event: 29.719 Thread 0x000002e2e774a490 DEOPT PACKING pc=0x000002e2d41711fc sp=0x000000f6d2bf4200
Event: 29.719 Thread 0x000002e2e774a490 DEOPT UNPACKING pc=0x000002e2d38a69a3 sp=0x000000f6d2bf41a8 mode 2
Event: 29.733 Thread 0x000002e2e774a490 Uncommon trap: trap_request=0xffffff45 fr.pc=0x000002e2d4179be4 relative=0x0000000000000064
Event: 29.733 Thread 0x000002e2e774a490 Uncommon trap: reason=unstable_if action=reinterpret pc=0x000002e2d4179be4 method=java.util.zip.ZipFile$ZipEntryIterator.hasNext()Z @ 8 c2
Event: 29.733 Thread 0x000002e2e774a490 DEOPT PACKING pc=0x000002e2d4179be4 sp=0x000000f6d2bf4540
Event: 29.733 Thread 0x000002e2e774a490 DEOPT UNPACKING pc=0x000002e2d38a69a3 sp=0x000000f6d2bf4478 mode 2
Event: 29.911 Thread 0x000002e2e774a490 DEOPT PACKING pc=0x000002e2ccd78d09 sp=0x000000f6d2bf4600
Event: 29.911 Thread 0x000002e2e774a490 DEOPT UNPACKING pc=0x000002e2d38a7143 sp=0x000000f6d2bf3b38 mode 0
Event: 29.973 Thread 0x000002e2e774a490 DEOPT PACKING pc=0x000002e2cc95dd6e sp=0x000000f6d2bf6400
Event: 29.973 Thread 0x000002e2e774a490 DEOPT UNPACKING pc=0x000002e2d38a7143 sp=0x000000f6d2bf5898 mode 0
Event: 30.047 Thread 0x000002e2ec1e0c80 DEOPT PACKING pc=0x000002e2cc78e154 sp=0x000000f6d47fb300
Event: 30.048 Thread 0x000002e2ec1e0c80 DEOPT UNPACKING pc=0x000002e2d38a7143 sp=0x000000f6d47fa858 mode 0

Classes unloaded (5 events):
Event: 29.117 Thread 0x000002e2e2b37960 Unloading class 0x0000000100894968 '_BuildScript_$_run_closure1$_closure2'
Event: 29.117 Thread 0x000002e2e2b37960 Unloading class 0x0000000100894558 '_BuildScript_$_run_closure1'
Event: 29.117 Thread 0x000002e2e2b37960 Unloading class 0x0000000100894000 '_BuildScript_'
Event: 29.117 Thread 0x000002e2e2b37960 Unloading class 0x0000000100884000 '_BuildScript_$_run_closure1'
Event: 29.117 Thread 0x000002e2e2b37960 Unloading class 0x000000010083c000 '_BuildScript_'

Classes redefined (0 events):
No events

Internal exceptions (20 events):
Event: 26.648 Thread 0x000002e2e774a490 Exception <a 'sun/nio/fs/WindowsException'{0x0000000085b4d558}> (0x0000000085b4d558) 
thrown [s\src\hotspot\share\prims\jni.cpp, line 531]
Event: 26.651 Thread 0x000002e2e774a490 Exception <a 'sun/nio/fs/WindowsException'{0x0000000085b57bb0}> (0x0000000085b57bb0) 
thrown [s\src\hotspot\share\prims\jni.cpp, line 531]
Event: 26.683 Thread 0x000002e2e9845680 Exception <a 'sun/nio/fs/WindowsException'{0x0000000085b9a2e8}> (0x0000000085b9a2e8) 
thrown [s\src\hotspot\share\prims\jni.cpp, line 531]
Event: 26.683 Thread 0x000002e2e9845680 Exception <a 'sun/nio/fs/WindowsException'{0x0000000085b9a9d8}> (0x0000000085b9a9d8) 
thrown [s\src\hotspot\share\prims\jni.cpp, line 531]
Event: 26.686 Thread 0x000002e2e9845680 Exception <a 'sun/nio/fs/WindowsException'{0x0000000085bae710}> (0x0000000085bae710) 
thrown [s\src\hotspot\share\prims\jni.cpp, line 531]
Event: 26.689 Thread 0x000002e2e9845680 Exception <a 'sun/nio/fs/WindowsException'{0x0000000085bbe208}> (0x0000000085bbe208) 
thrown [s\src\hotspot\share\prims\jni.cpp, line 531]
Event: 26.693 Thread 0x000002e2e9845680 Exception <a 'sun/nio/fs/WindowsException'{0x0000000085bc9fa0}> (0x0000000085bc9fa0) 
thrown [s\src\hotspot\share\prims\jni.cpp, line 531]
Event: 26.711 Thread 0x000002e2e774a490 Exception <a 'java/lang/ClassNotFoundException'{0x0000000085a3d620}: ijInit1_bf6mh7a1x9afcdw40dx5hzd0gBeanInfo> (0x0000000085a3d620) 
thrown [s\src\hotspot\share\classfile\systemDictionary.cpp, line 256]
Event: 26.711 Thread 0x000002e2e774a490 Exception <a 'java/lang/ClassNotFoundException'{0x0000000085a44ae8}: ijInit1_bf6mh7a1x9afcdw40dx5hzd0gCustomizer> (0x0000000085a44ae8) 
thrown [s\src\hotspot\share\classfile\systemDictionary.cpp, line 256]
Event: 26.724 Thread 0x000002e2e774a490 Exception <a 'java/lang/ClassNotFoundException'{0x0000000085a99a28}: ijInit1_bf6mh7a1x9afcdw40dx5hzd0g$_run_closure1BeanInfo> (0x0000000085a99a28) 
thrown [s\src\hotspot\share\classfile\systemDictionary.cpp, line 256]
Event: 26.724 Thread 0x000002e2e774a490 Exception <a 'java/lang/ClassNotFoundException'{0x0000000085aa1da8}: ijInit1_bf6mh7a1x9afcdw40dx5hzd0g$_run_closure1Customizer> (0x0000000085aa1da8) 
thrown [s\src\hotspot\share\classfile\systemDictionary.cpp, line 256]
Event: 29.278 Thread 0x000002e2e774a490 Implicit null exception at 0x000002e2d41894ba to 0x000002e2d418ff20
Event: 29.367 Thread 0x000002e2ec1e0770 Implicit null exception at 0x000002e2d41b5d2a to 0x000002e2d41b6638
Event: 29.413 Thread 0x000002e2ec1e0c80 Exception <a 'sun/nio/fs/WindowsException'{0x000000008dc468a8}> (0x000000008dc468a8) 
thrown [s\src\hotspot\share\prims\jni.cpp, line 531]
Event: 29.437 Thread 0x000002e2e774a490 Exception <a 'sun/nio/fs/WindowsException'{0x000000008f4fce30}> (0x000000008f4fce30) 
thrown [s\src\hotspot\share\prims\jni.cpp, line 531]
Event: 29.854 Thread 0x000002e2e774a490 Exception <a 'sun/nio/fs/WindowsException'{0x0000000090421390}> (0x0000000090421390) 
thrown [s\src\hotspot\share\prims\jni.cpp, line 531]
Event: 29.857 Thread 0x000002e2ec1e0c80 Exception <a 'sun/nio/fs/WindowsException'{0x000000008fad9700}> (0x000000008fad9700) 
thrown [s\src\hotspot\share\prims\jni.cpp, line 531]
Event: 30.759 Thread 0x000002e2e7749a70 Exception <a 'sun/nio/fs/WindowsException'{0x0000000090dd44a0}> (0x0000000090dd44a0) 
thrown [s\src\hotspot\share\prims\jni.cpp, line 531]
Event: 30.770 Thread 0x000002e2e774a490 Exception <a 'sun/nio/fs/WindowsException'{0x000000009060bf78}> (0x000000009060bf78) 
thrown [s\src\hotspot\share\prims\jni.cpp, line 531]
Event: 30.980 Thread 0x000002e2ec1e0c80 Exception <a 'sun/nio/fs/WindowsException'{0x000000009041e8a0}> (0x000000009041e8a0) 
thrown [s\src\hotspot\share\prims\jni.cpp, line 531]

VM Operations (20 events):
Event: 28.909 Executing VM operation: G1CollectForAllocation done
Event: 29.116 Executing VM operation: G1PauseRemark
Event: 29.164 Executing VM operation: G1PauseRemark done
Event: 29.254 Executing VM operation: G1PauseCleanup
Event: 29.254 Executing VM operation: G1PauseCleanup done
Event: 29.457 Executing VM operation: G1CollectForAllocation
Event: 29.645 Executing VM operation: G1CollectForAllocation done
Event: 29.657 Executing VM operation: G1CollectForAllocation
Event: 29.686 Executing VM operation: G1CollectForAllocation done
Event: 30.080 Executing VM operation: G1CollectForAllocation
Event: 30.125 Executing VM operation: G1CollectForAllocation done
Event: 30.444 Executing VM operation: G1PauseRemark
Event: 30.452 Executing VM operation: G1PauseRemark done
Event: 30.569 Executing VM operation: G1PauseCleanup
Event: 30.602 Executing VM operation: G1PauseCleanup done
Event: 30.994 Executing VM operation: G1CollectForAllocation
Event: 31.024 Executing VM operation: G1CollectForAllocation done
Event: 31.048 Executing VM operation: G1CollectForAllocation
Event: 31.070 Executing VM operation: G1CollectForAllocation done
Event: 31.119 Executing VM operation: G1CollectForAllocation

Events (20 events):
Event: 25.611 loading class jdk/internal/vm/annotation/ForceInline
Event: 25.611 loading class jdk/internal/vm/annotation/ForceInline done
Event: 25.651 loading class java/security/PermissionsEnumerator
Event: 25.651 loading class java/security/PermissionsEnumerator done
Event: 25.665 loading class java/util/stream/ReduceOps$5
Event: 25.665 loading class java/util/stream/ReduceOps$5 done
Event: 25.665 loading class java/util/stream/ReduceOps$CountingSink$OfRef
Event: 25.665 loading class java/util/stream/ReduceOps$CountingSink$OfRef done
Event: 25.674 loading class jdk/internal/vm/annotation/Stable
Event: 25.674 loading class jdk/internal/vm/annotation/Stable done
Event: 25.740 loading class java/io/CharArrayWriter
Event: 25.741 loading class java/io/CharArrayWriter done
Event: 26.755 Thread 0x000002e2e9847f00 Thread added: 0x000002e2e9847f00
Event: 26.757 Thread 0x000002e2e9848e30 Thread added: 0x000002e2e9848e30
Event: 26.761 Thread 0x000002e2e7749050 Thread added: 0x000002e2e7749050
Event: 27.324 Thread 0x000002e2e2b8be40 flushing nmethod 0x000002e2cccb6b90
Event: 27.325 Thread 0x000002e2e2b8be40 flushing nmethod 0x000002e2ccda7290
Event: 28.534 Thread 0x000002e2e7749a70 Thread added: 0x000002e2e7749a70
Event: 28.535 Thread 0x000002e2ec1e0770 Thread added: 0x000002e2ec1e0770
Event: 28.536 Thread 0x000002e2ec1e0c80 Thread added: 0x000002e2ec1e0c80


Dynamic libraries:
0x00007ff62a8c0000 - 0x00007ff62a8ca000 	C:\Program Files\Android\Android Studio\jbr\bin\java.exe
0x00007fff86470000 - 0x00007fff86668000 	C:\Windows\SYSTEM32\ntdll.dll
0x00007fff85500000 - 0x00007fff855c2000 	C:\Windows\System32\KERNEL32.DLL
0x00007fff840d0000 - 0x00007fff843c6000 	C:\Windows\System32\KERNELBASE.dll
0x00007fff83bc0000 - 0x00007fff83cc0000 	C:\Windows\System32\ucrtbase.dll
0x00007fff6b240000 - 0x00007fff6b25b000 	C:\Program Files\Android\Android Studio\jbr\bin\VCRUNTIME140.dll
0x00007fff64050000 - 0x00007fff64067000 	C:\Program Files\Android\Android Studio\jbr\bin\jli.dll
0x00007fff85630000 - 0x00007fff857cd000 	C:\Windows\System32\USER32.dll
0x00007fff83eb0000 - 0x00007fff83ed2000 	C:\Windows\System32\win32u.dll
0x00007fff86300000 - 0x00007fff8632b000 	C:\Windows\System32\GDI32.dll
0x00007fff83f80000 - 0x00007fff8409a000 	C:\Windows\System32\gdi32full.dll
0x00007fff83ee0000 - 0x00007fff83f7d000 	C:\Windows\System32\msvcp_win.dll
0x00007fff74170000 - 0x00007fff7440a000 	C:\Windows\WinSxS\amd64_microsoft.windows.common-controls_6595b64144ccf1df_6.0.19041.5794_none_60bcd33171f2783c\COMCTL32.dll
0x00007fff845b0000 - 0x00007fff8464e000 	C:\Windows\System32\msvcrt.dll
0x00007fff846f0000 - 0x00007fff8471f000 	C:\Windows\System32\IMM32.DLL
0x00007fff73120000 - 0x00007fff7312c000 	C:\Program Files\Android\Android Studio\jbr\bin\vcruntime140_1.dll
0x00007fff466b0000 - 0x00007fff4673d000 	C:\Program Files\Android\Android Studio\jbr\bin\msvcp140.dll
0x00007fff219f0000 - 0x00007fff22673000 	C:\Program Files\Android\Android Studio\jbr\bin\server\jvm.dll
0x00007fff84a00000 - 0x00007fff84aaf000 	C:\Windows\System32\ADVAPI32.dll
0x00007fff86330000 - 0x00007fff863cf000 	C:\Windows\System32\sechost.dll
0x00007fff84800000 - 0x00007fff84923000 	C:\Windows\System32\RPCRT4.dll
0x00007fff840a0000 - 0x00007fff840c7000 	C:\Windows\System32\bcrypt.dll
0x00007fff83970000 - 0x00007fff839bb000 	C:\Windows\SYSTEM32\POWRPROF.dll
0x00007fff7ddf0000 - 0x00007fff7ddfa000 	C:\Windows\SYSTEM32\VERSION.dll
0x00007fff7a720000 - 0x00007fff7a747000 	C:\Windows\SYSTEM32\WINMM.dll
0x00007fff74b90000 - 0x00007fff74b99000 	C:\Windows\SYSTEM32\WSOCK32.dll
0x00007fff84e10000 - 0x00007fff84e7b000 	C:\Windows\System32\WS2_32.dll
0x00007fff83950000 - 0x00007fff83962000 	C:\Windows\SYSTEM32\UMPDC.dll
0x00007fff81990000 - 0x00007fff819a2000 	C:\Windows\SYSTEM32\kernel.appcore.dll
0x00007fff74b80000 - 0x00007fff74b8a000 	C:\Program Files\Android\Android Studio\jbr\bin\jimage.dll
0x00007fff77c40000 - 0x00007fff77e41000 	C:\Windows\SYSTEM32\DBGHELP.DLL
0x00007fff70060000 - 0x00007fff70094000 	C:\Windows\SYSTEM32\dbgcore.DLL
0x00007fff83cc0000 - 0x00007fff83d42000 	C:\Windows\System32\bcryptPrimitives.dll
0x00007fff65280000 - 0x00007fff6528e000 	C:\Program Files\Android\Android Studio\jbr\bin\instrument.dll
0x00007fff6bf60000 - 0x00007fff6bf85000 	C:\Program Files\Android\Android Studio\jbr\bin\java.dll
0x00007fff65f30000 - 0x00007fff65f48000 	C:\Program Files\Android\Android Studio\jbr\bin\zip.dll
0x00007fff857d0000 - 0x00007fff85f3e000 	C:\Windows\System32\SHELL32.dll
0x00007fff81b90000 - 0x00007fff82333000 	C:\Windows\SYSTEM32\windows.storage.dll
0x00007fff85f40000 - 0x00007fff86293000 	C:\Windows\System32\combase.dll
0x00007fff83470000 - 0x00007fff8349b000 	C:\Windows\SYSTEM32\Wldp.dll
0x00007fff84e80000 - 0x00007fff84f4d000 	C:\Windows\System32\OLEAUT32.dll
0x00007fff84500000 - 0x00007fff845ad000 	C:\Windows\System32\SHCORE.dll
0x00007fff862a0000 - 0x00007fff862f5000 	C:\Windows\System32\shlwapi.dll
0x00007fff83a40000 - 0x00007fff83a65000 	C:\Windows\SYSTEM32\profapi.dll
0x00007fff65f10000 - 0x00007fff65f29000 	C:\Program Files\Android\Android Studio\jbr\bin\net.dll
0x00007fff7a930000 - 0x00007fff7aa3a000 	C:\Windows\SYSTEM32\WINHTTP.dll
0x00007fff831d0000 - 0x00007fff8323c000 	C:\Windows\system32\mswsock.dll
0x00007fff65e50000 - 0x00007fff65e66000 	C:\Program Files\Android\Android Studio\jbr\bin\nio.dll
0x00007fff65e40000 - 0x00007fff65e50000 	C:\Program Files\Android\Android Studio\jbr\bin\verify.dll
0x00007fff64070000 - 0x00007fff64097000 	C:\Users\user\.gradle\native\1def1411415f61bf3af743bc5b6707747c0891f09f0c88961ee8f79bc544acac\windows-amd64\native-platform.dll
0x00007fff370f0000 - 0x00007fff37168000 	C:\Users\user\.gradle\native\0.2.7\x86_64-windows-gnu\gradle-fileevents.dll
0x00007fff6c060000 - 0x00007fff6c069000 	C:\Program Files\Android\Android Studio\jbr\bin\management.dll
0x00007fff65f00000 - 0x00007fff65f0b000 	C:\Program Files\Android\Android Studio\jbr\bin\management_ext.dll
0x00007fff85080000 - 0x00007fff85088000 	C:\Windows\System32\PSAPI.DLL
0x00007fff82eb0000 - 0x00007fff82eeb000 	C:\Windows\SYSTEM32\IPHLPAPI.DLL
0x00007fff84660000 - 0x00007fff84668000 	C:\Windows\System32\NSI.dll
0x00007fff7b540000 - 0x00007fff7b557000 	C:\Windows\SYSTEM32\dhcpcsvc6.DLL
0x00007fff7de00000 - 0x00007fff7de1d000 	C:\Windows\SYSTEM32\dhcpcsvc.DLL
0x00007fff82ef0000 - 0x00007fff82fba000 	C:\Windows\SYSTEM32\DNSAPI.dll
0x00007fff71fd0000 - 0x00007fff71fd9000 	C:\Program Files\Android\Android Studio\jbr\bin\extnet.dll
0x00007fff833c0000 - 0x00007fff833d8000 	C:\Windows\SYSTEM32\CRYPTSP.dll
0x00007fff82af0000 - 0x00007fff82b28000 	C:\Windows\system32\rsaenh.dll
0x00007fff83a00000 - 0x00007fff83a2e000 	C:\Windows\SYSTEM32\USERENV.dll
0x00007fff833e0000 - 0x00007fff833ec000 	C:\Windows\SYSTEM32\CRYPTBASE.dll
0x00007fff6b110000 - 0x00007fff6b117000 	C:\Windows\system32\wshunix.dll
0x00007fff82d40000 - 0x00007fff82d73000 	C:\Windows\SYSTEM32\ntmarta.dll

dbghelp: loaded successfully - version: 4.0.5 - missing functions: none
symbol engine: initialized successfully - sym options: 0x614 - pdb path: .;C:\Program Files\Android\Android Studio\jbr\bin;C:\Windows\SYSTEM32;C:\Windows\WinSxS\amd64_microsoft.windows.common-controls_6595b64144ccf1df_6.0.19041.5794_none_60bcd33171f2783c;C:\Program Files\Android\Android Studio\jbr\bin\server;C:\Users\user\.gradle\native\1def1411415f61bf3af743bc5b6707747c0891f09f0c88961ee8f79bc544acac\windows-amd64;C:\Users\user\.gradle\native\0.2.7\x86_64-windows-gnu

VM Arguments:
jvm_args: --add-opens=java.base/java.lang=ALL-UNNAMED --add-opens=java.base/java.lang.invoke=ALL-UNNAMED --add-opens=java.base/java.util=ALL-UNNAMED --add-opens=java.prefs/java.util.prefs=ALL-UNNAMED --add-exports=jdk.compiler/com.sun.tools.javac.api=ALL-UNNAMED --add-exports=jdk.compiler/com.sun.tools.javac.util=ALL-UNNAMED --add-opens=java.base/java.util=ALL-UNNAMED --add-opens=java.prefs/java.util.prefs=ALL-UNNAMED --add-opens=java.base/java.nio.charset=ALL-UNNAMED --add-opens=java.base/java.net=ALL-UNNAMED --add-opens=java.base/java.util.concurrent.atomic=ALL-UNNAMED --add-opens=java.xml/javax.xml.namespace=ALL-UNNAMED -XX:MaxMetaspaceSize=512m -Xmx2048m -Dfile.encoding=windows-1252 -Duser.country=JO -Duser.language=ar -Duser.variant -javaagent:C:\Users\user\.gradle\wrapper\dists\gradle-8.13-bin\5xuhj0ry160q40clulazy9h7d\gradle-8.13\lib\agents\gradle-instrumentation-agent-8.13.jar 
java_command: org.gradle.launcher.daemon.bootstrap.GradleDaemon 8.13
java_class_path (initial): C:\Users\user\.gradle\wrapper\dists\gradle-8.13-bin\5xuhj0ry160q40clulazy9h7d\gradle-8.13\lib\gradle-daemon-main-8.13.jar
Launcher Type: SUN_STANDARD

[Global flags]
     intx CICompilerCount                          = 3                                         {product} {ergonomic}
   size_t CompressedClassSpaceSize                 = 436207616                                 {product} {ergonomic}
     uint ConcGCThreads                            = 1                                         {product} {ergonomic}
     uint G1ConcRefinementThreads                  = 4                                         {product} {ergonomic}
   size_t G1HeapRegionSize                         = 1048576                                   {product} {ergonomic}
    uintx GCDrainStackTargetSize                   = 64                                        {product} {ergonomic}
   size_t InitialHeapSize                          = 58720256                                  {product} {ergonomic}
   size_t MarkStackSize                            = 4194304                                   {product} {ergonomic}
   size_t MaxHeapSize                              = 2147483648                                {product} {command line}
   size_t MaxMetaspaceSize                         = 536870912                                 {product} {command line}
   size_t MaxNewSize                               = 1287651328                                {product} {ergonomic}
   size_t MinHeapDeltaBytes                        = 1048576                                   {product} {ergonomic}
   size_t MinHeapSize                              = 8388608                                   {product} {ergonomic}
    uintx NonNMethodCodeHeapSize                   = 5832780                                {pd product} {ergonomic}
    uintx NonProfiledCodeHeapSize                  = 122912730                              {pd product} {ergonomic}
    uintx ProfiledCodeHeapSize                     = 122912730                              {pd product} {ergonomic}
    uintx ReservedCodeCacheSize                    = 251658240                              {pd product} {ergonomic}
     bool SegmentedCodeCache                       = true                                      {product} {ergonomic}
   size_t SoftMaxHeapSize                          = 2147483648                             {manageable} {ergonomic}
     bool UseCompressedClassPointers               = true                           {product lp64_product} {ergonomic}
     bool UseCompressedOops                        = true                           {product lp64_product} {ergonomic}
     bool UseG1GC                                  = true                                      {product} {ergonomic}
     bool UseLargePagesIndividualAllocation        = false                                  {pd product} {ergonomic}

Logging:
Log output configuration:
 #0: stdout all=warning uptime,level,tags
 #1: stderr all=off uptime,level,tags

Environment Variables:
JAVA_HOME=C:\Program Files\Microsoft\jdk-17.0.12.7-hotspot\
PATH=C:\Program Files\Microsoft\jdk-17.0.12.7-hotspot\bin;C:\Windows\system32;C:\Windows;C:\Windows\System32\Wbem;C:\Windows\System32\WindowsPowerShell\v1.0\;C:\Windows\System32\OpenSSH\;C:\Program Files\Git\cmd;C:\Program Files\Amazon\AWSCLIV2\;C:\ProgramData\chocolatey\bin;C:\Users\user\AppData\Roaming\nvm;C:\Program Files\nodejs;C:\Program Files\nodejs\;C:\Program Files\Java\jdk1.8.0_311\bin;C:\Users\user\AppData\Local\Android\Sdk;C:\Program Files\Android\Android Studio\plugins\gradle;C:\Program Files\heroku\bin;C:\Users\user\AppData\Local\Programs\Microsoft VS Code\bin;C:\Users\user\dart-sdk\bin;C:\Users\user\flutter_windows_3.3.8-stable\flutter\bin;C:\Users\user\AppData\Local\Google\Cloud SDK\google-cloud-sdk\bin;C:\Users\user\AppData\Roaming\nvm;C:\Program Files\nodejs;C:\Users\user\AppData\Roaming\npm;C:\Users\user\AppData\Local\Android\Sdk\platform-tools;
USERNAME=user
OS=Windows_NT
PROCESSOR_IDENTIFIER=AMD64 Family 23 Model 24 Stepping 1, AuthenticAMD
TMP=C:\Users\user\AppData\Local\Temp
TEMP=C:\Users\user\AppData\Local\Temp



Periodic native trim disabled

JNI global refs:
JNI global refs: 26, weak refs: 35

JNI global refs memory usage: 843, weak refs: 841

Process memory usage:
Resident Set Size: 337508K (9% of 3543304K total physical memory with 289800K free physical memory)

OOME stack traces (most recent first):
Classloader memory used:
Loader org.gradle.internal.classloader.VisitableURLClassLoader                         : 4190K
Loader bootstrap                                                                       : 2504K
Loader org.gradle.initialization.MixInLegacyTypesClassLoader                           : 806K
Loader org.gradle.internal.classloader.VisitableURLClassLoader                         : 79362B
Loader jdk.internal.loader.ClassLoaders$PlatformClassLoader                            : 67452B
Loader jdk.internal.reflect.DelegatingClassLoader                                      : 29999B
Loader jdk.internal.loader.ClassLoaders$AppClassLoader                                 : 29349B
Loader org.gradle.groovy.scripts.internal.DefaultScriptCompilationHandler$ScriptClassLoader: 8687B
Loader org.codehaus.groovy.runtime.callsite.CallSiteClassLoader                        : 876B

Classes loaded by more than one classloader:
Class org.gradle.api.GradleException                                                  : loaded 3 times (x 80B)
Class org.gradle.util.GradleVersion                                                   : loaded 2 times (x 81B)
Class org.gradle.internal.classpath.ClassPath                                         : loaded 2 times (x 68B)
Class org.gradle.api.internal.classpath.DefaultModuleRegistry                         : loaded 2 times (x 84B)
Class org.gradle.internal.exceptions.NonGradleCauseExceptionsHolder                   : loaded 2 times (x 68B)
Class org.gradle.api.Action                                                           : loaded 2 times (x 68B)
Class org.gradle.api.internal.DefaultClassPathProvider                                : loaded 2 times (x 74B)
Class org.gradle.internal.installation.GradleInstallation$1                           : loaded 2 times (x 73B)
Class org.gradle.internal.exceptions.DefaultMultiCauseException                       : loaded 2 times (x 93B)
Class org.gradle.internal.time.MonotonicClock                                         : loaded 2 times (x 75B)
Class org.gradle.internal.classloader.FilteringClassLoader                            : loaded 2 times (x 103B)
Class org.gradle.internal.classpath.DefaultClassPath$ImmutableUniqueList$Builder      : loaded 2 times (x 73B)
Class org.gradle.internal.classloader.ClassLoaderVisitor                              : loaded 2 times (x 74B)
Class org.gradle.internal.time.DefaultCountdownTimer                                  : loaded 2 times (x 86B)
Class org.gradle.internal.service.DefaultServiceLocator                               : loaded 2 times (x 81B)
Class org.gradle.internal.service.UnknownServiceException                             : loaded 2 times (x 81B)
Class org.gradle.internal.classloader.DefaultClassLoaderFactory                       : loaded 2 times (x 80B)
Class sync_studio_tooling2_947b37efwtd2n9aasirteynnw                                  : loaded 2 times (x 177B)
Class org.gradle.internal.classloader.VisitableURLClassLoader$Spec                    : loaded 2 times (x 72B)
Class org.gradle.tooling.model.ProjectModel                                           : loaded 2 times (x 68B)
Class org.gradle.internal.installation.GradleInstallation                             : loaded 2 times (x 73B)
Class org.gradle.api.internal.classpath.ModuleRegistry                                : loaded 2 times (x 68B)
Class kotlin.jvm.internal.markers.KMappedMarker                                       : loaded 2 times (x 68B)
Class org.gradle.api.internal.ClassPathProvider                                       : loaded 2 times (x 68B)
Class org.gradle.internal.classloader.ClasspathUtil$1                                 : loaded 2 times (x 74B)
Class org.gradle.internal.classloader.ClassLoaderFactory                              : loaded 2 times (x 68B)
Class org.gradle.api.internal.classpath.ManifestUtil                                  : loaded 2 times (x 69B)
Class org.gradle.api.specs.Spec                                                       : loaded 2 times (x 68B)
Class org.gradle.internal.IoActions                                                   : loaded 2 times (x 69B)
Class org.gradle.api.internal.classpath.EffectiveClassPath                            : loaded 2 times (x 88B)
Class org.gradle.internal.exceptions.ResolutionProvider                               : loaded 2 times (x 68B)
Class org.gradle.internal.installation.CurrentGradleInstallation                      : loaded 2 times (x 71B)
Class org.gradle.internal.installation.CurrentGradleInstallationLocator               : loaded 2 times (x 69B)
Class org.gradle.api.internal.classpath.Module                                        : loaded 2 times (x 68B)
Class org.gradle.internal.service.CachingServiceLocator                               : loaded 2 times (x 80B)
Class org.gradle.internal.time.Timer                                                  : loaded 2 times (x 68B)
Class org.gradle.internal.classpath.DefaultClassPath                                  : loaded 2 times (x 88B)
Class kotlin.jvm.functions.Function1                                                  : loaded 2 times (x 68B)
Class org.gradle.internal.time.Time                                                   : loaded 2 times (x 69B)
Class org.gradle.internal.time.TimeSource$1                                           : loaded 2 times (x 75B)
Class org.gradle.internal.classloader.SystemClassLoaderSpec                           : loaded 2 times (x 69B)
Class kotlin.Function                                                                 : loaded 2 times (x 68B)
Class org.gradle.api.UncheckedIOException                                             : loaded 2 times (x 80B)
Class org.gradle.api.internal.classpath.GlobalCacheRootsProvider                      : loaded 2 times (x 68B)
Class org.gradle.internal.time.CountdownTimer                                         : loaded 2 times (x 68B)
Class org.gradle.internal.time.Clock                                                  : loaded 2 times (x 68B)
Class org.gradle.internal.classloader.ClasspathUtil                                   : loaded 2 times (x 69B)
Class org.gradle.api.internal.DefaultClassPathRegistry                                : loaded 2 times (x 74B)
Class org.gradle.api.internal.classpath.DefaultModuleRegistry$DefaultModule           : loaded 2 times (x 84B)
Class org.gradle.internal.time.TimeSource                                             : loaded 2 times (x 68B)
Class org.gradle.api.internal.classpath.UnknownModuleException                        : loaded 2 times (x 80B)
Class org.gradle.internal.service.ServiceLookupException                              : loaded 2 times (x 80B)
Class [Lorg.gradle.api.internal.ClassPathProvider;                                    : loaded 2 times (x 67B)
Class org.gradle.internal.operations.MultipleBuildOperationFailures                   : loaded 2 times (x 93B)
Class org.gradle.util.internal.GUtil                                                  : loaded 2 times (x 69B)
Class org.gradle.internal.classloader.ClassLoaderSpec                                 : loaded 2 times (x 69B)
Class org.gradle.internal.classloader.InstrumentingClassLoader                        : loaded 2 times (x 68B)
Class org.gradle.internal.classloader.VisitableURLClassLoader                         : loaded 2 times (x 115B)
Class org.gradle.internal.Cast                                                        : loaded 2 times (x 69B)
Class org.gradle.api.internal.ClassPathRegistry                                       : loaded 2 times (x 68B)
Class org.gradle.internal.classloader.VisitableURLClassLoader$InstrumentingVisitableURLClassLoader: loaded 2 times (x 121B)
Class org.gradle.internal.classloader.ClassLoaderHierarchy                            : loaded 2 times (x 68B)
Class org.gradle.internal.exceptions.MultiCauseException                              : loaded 2 times (x 68B)
Class org.gradle.internal.InternalTransformer                                         : loaded 2 times (x 68B)
Class org.gradle.internal.service.ServiceLocator                                      : loaded 2 times (x 68B)
Class sync_studio_tooling2_947b37efwtd2n9aasirteynnw$_run_closure1                    : loaded 2 times (x 137B)
Class org.gradle.internal.classpath.DefaultClassPath$ImmutableUniqueList              : loaded 2 times (x 159B)
Class org.gradle.internal.time.DefaultTimer                                           : loaded 2 times (x 78B)
Class org.gradle.internal.classpath.TransformedClassPath                              : loaded 2 times (x 94B)


---------------  S Y S T E M  ---------------

OS:
 Windows 10 , 64 bit Build 19041 (10.0.19041.5794)
OS uptime: 4 days 23:27 hours

CPU: total 4 (initial active 4) (4 cores per cpu, 2 threads per core) family 23 model 24 stepping 1 microcode 0x0, cx8, cmov, fxsr, ht, mmx, 3dnowpref, sse, sse2, sse3, ssse3, sse4a, sse4.1, sse4.2, popcnt, lzcnt, tsc, tscinvbit, avx, avx2, aes, clmul, bmi1, bmi2, adx, sha, fma, vzeroupper, clflush, clflushopt
Processor Information for all 4 processors :
  Max Mhz: 2600, Current Mhz: 2600, Mhz Limit: 2600

Memory: 4k page, system-wide physical 3460M (282M free)
TotalPageFile size 14212M (AvailPageFile size 529M)
current process WorkingSet (physical memory assigned to process): 330M, peak: 399M
current process commit charge ("private bytes"): 500M, peak: 1078M

vm_info: OpenJDK 64-Bit Server VM (17.0.11+0--11852314) for windows-amd64 JRE (17.0.11+0--11852314), built on May 16 2024 21:29:20 by "androidbuild" with MS VC++ 16.10 / 16.11 (VS2019)

END.
