#
# There is insufficient memory for the Java Runtime Environment to continue.
# Native memory allocation (mmap) failed to map 154140672 bytes. Error detail: G1 virtual space
# Possible reasons:
#   The system is out of physical RAM or swap space
#   This process is running with CompressedOops enabled, and the Java Heap may be blocking the growth of the native heap
# Possible solutions:
#   Reduce memory load on the system
#   Increase physical memory or swap space
#   Check if swap backing store is full
#   Decrease Java heap size (-Xmx/-Xms)
#   Decrease number of Java threads
#   Decrease Java thread stack sizes (-Xss)
#   Set larger code cache with -XX:ReservedCodeCacheSize=
#   JVM is running with Unscaled Compressed Oops mode in which the Java heap is
#     placed in the first 4GB address space. The Java Heap base address is the
#     maximum limit for the native heap growth. Please use -XX:HeapBaseMinAddress
#     to set the Java Heap base and to place the Java Heap above 4GB virtual address.
# This output file may be truncated or incomplete.
#
#  Out of Memory Error (os_windows.cpp:3825), pid=8444, tid=7752
#
# JRE version: OpenJDK Runtime Environment (17.0.11) (build 17.0.11+0--11852314)
# Java VM: OpenJDK 64-Bit Server VM (17.0.11+0--11852314, mixed mode, tiered, compressed oops, compressed class ptrs, g1 gc, windows-amd64)
# No core dump will be written. Minidumps are not enabled by default on client versions of Windows
#

---------------  S U M M A R Y ------------

Command Line: --add-opens=java.base/java.lang=ALL-UNNAMED --add-opens=java.base/java.lang.invoke=ALL-UNNAMED --add-opens=java.base/java.util=ALL-UNNAMED --add-opens=java.prefs/java.util.prefs=ALL-UNNAMED --add-exports=jdk.compiler/com.sun.tools.javac.api=ALL-UNNAMED --add-exports=jdk.compiler/com.sun.tools.javac.util=ALL-UNNAMED --add-opens=java.base/java.util=ALL-UNNAMED --add-opens=java.prefs/java.util.prefs=ALL-UNNAMED --add-opens=java.base/java.nio.charset=ALL-UNNAMED --add-opens=java.base/java.net=ALL-UNNAMED --add-opens=java.base/java.util.concurrent.atomic=ALL-UNNAMED --add-opens=java.xml/javax.xml.namespace=ALL-UNNAMED -XX:MaxMetaspaceSize=512m -Xmx2048m -Dfile.encoding=windows-1252 -Duser.country=JO -Duser.language=ar -Duser.variant -javaagent:C:\Users\user\.gradle\wrapper\dists\gradle-8.13-bin\5xuhj0ry160q40clulazy9h7d\gradle-8.13\lib\agents\gradle-instrumentation-agent-8.13.jar org.gradle.launcher.daemon.bootstrap.GradleDaemon 8.13

Host: AMD Ryzen 3 3250U with Radeon Graphics         , 4 cores, 3G,  Windows 10 , 64 bit Build 19041 (10.0.19041.5794)
Time: Mon May 26 12:33:32 2025  Windows 10 , 64 bit Build 19041 (10.0.19041.5794) elapsed time: 18.633332 seconds (0d 0h 0m 18s)

---------------  T H R E A D  ---------------

Current thread (0x0000021a440d5640):  VMThread "VM Thread" [stack: 0x000000ac37700000,0x000000ac37800000] [id=7752]

Stack: [0x000000ac37700000,0x000000ac37800000]
Native frames: (J=compiled Java code, j=interpreted, Vv=VM code, C=native code)
V  [jvm.dll+0x687bb9]
V  [jvm.dll+0x84142a]
V  [jvm.dll+0x8430ae]
V  [jvm.dll+0x843713]
V  [jvm.dll+0x24a35f]
V  [jvm.dll+0x684989]
V  [jvm.dll+0x67923a]
V  [jvm.dll+0x30af0b]
V  [jvm.dll+0x3123b6]
V  [jvm.dll+0x361dfe]
V  [jvm.dll+0x36202f]
V  [jvm.dll+0x2e0d38]
V  [jvm.dll+0x2df144]
V  [jvm.dll+0x2de74c]
V  [jvm.dll+0x32305b]
V  [jvm.dll+0x847e0b]
V  [jvm.dll+0x848b42]
V  [jvm.dll+0x84905d]
V  [jvm.dll+0x849434]
V  [jvm.dll+0x849500]
V  [jvm.dll+0x7efa4a]
V  [jvm.dll+0x686a35]
C  [ucrtbase.dll+0x21bb2]
C  [KERNEL32.DLL+0x17374]
C  [ntdll.dll+0x4cc91]

VM_Operation (0x000000ac3a3f9970): G1CollectForAllocation, mode: safepoint, requested by thread 0x0000021a4ba7bbf0


---------------  P R O C E S S  ---------------

Threads class SMR info:
_java_thread_list=0x0000021a4c2d3cd0, length=41, elements={
0x0000021a2ab22f80, 0x0000021a440f8a20, 0x0000021a440fa090, 0x0000021a44122120,
0x0000021a44124b00, 0x0000021a44127f80, 0x0000021a44128850, 0x0000021a4436d370,
0x0000021a4436dc80, 0x0000021a4436e590, 0x0000021a4405fc00, 0x0000021a445ea980,
0x0000021a49778430, 0x0000021a4935e4e0, 0x0000021a49e5fcc0, 0x0000021a4a0d9fd0,
0x0000021a4a0da4b0, 0x0000021a4a0a7a00, 0x0000021a49f069d0, 0x0000021a49f4f810,
0x0000021a49f51670, 0x0000021a49f52fc0, 0x0000021a49f4fd20, 0x0000021a49f51160,
0x0000021a49f51b80, 0x0000021a49f50230, 0x0000021a49f525a0, 0x0000021a49f52ab0,
0x0000021a49f50740, 0x0000021a49f50c50, 0x0000021a4ba7b6e0, 0x0000021a4ba7acc0,
0x0000021a4ba79880, 0x0000021a4ba77a20, 0x0000021a4ba7a7b0, 0x0000021a4ba77f30,
0x0000021a4ba78440, 0x0000021a4ba7b1d0, 0x0000021a4ba79d90, 0x0000021a4ba7bbf0,
0x0000021a4ba78950
}

Java Threads: ( => current thread )
  0x0000021a2ab22f80 JavaThread "main" [_thread_blocked, id=4452, stack(0x000000ac37100000,0x000000ac37200000)]
  0x0000021a440f8a20 JavaThread "Reference Handler" daemon [_thread_blocked, id=3228, stack(0x000000ac37800000,0x000000ac37900000)]
  0x0000021a440fa090 JavaThread "Finalizer" daemon [_thread_blocked, id=7324, stack(0x000000ac37900000,0x000000ac37a00000)]
  0x0000021a44122120 JavaThread "Signal Dispatcher" daemon [_thread_blocked, id=6592, stack(0x000000ac37a00000,0x000000ac37b00000)]
  0x0000021a44124b00 JavaThread "Attach Listener" daemon [_thread_blocked, id=6416, stack(0x000000ac37b00000,0x000000ac37c00000)]
  0x0000021a44127f80 JavaThread "Service Thread" daemon [_thread_blocked, id=11676, stack(0x000000ac37c00000,0x000000ac37d00000)]
  0x0000021a44128850 JavaThread "Monitor Deflation Thread" daemon [_thread_blocked, id=2036, stack(0x000000ac37d00000,0x000000ac37e00000)]
  0x0000021a4436d370 JavaThread "C2 CompilerThread0" daemon [_thread_blocked, id=11928, stack(0x000000ac37e00000,0x000000ac37f00000)]
  0x0000021a4436dc80 JavaThread "C1 CompilerThread0" daemon [_thread_blocked, id=9168, stack(0x000000ac37f00000,0x000000ac38000000)]
  0x0000021a4436e590 JavaThread "Sweeper thread" daemon [_thread_blocked, id=12496, stack(0x000000ac38000000,0x000000ac38100000)]
  0x0000021a4405fc00 JavaThread "Common-Cleaner" daemon [_thread_blocked, id=12552, stack(0x000000ac38100000,0x000000ac38200000)]
  0x0000021a445ea980 JavaThread "Notification Thread" daemon [_thread_blocked, id=3284, stack(0x000000ac38200000,0x000000ac38300000)]
  0x0000021a49778430 JavaThread "Daemon health stats" [_thread_blocked, id=11864, stack(0x000000ac38800000,0x000000ac38900000)]
  0x0000021a4935e4e0 JavaThread "Incoming local TCP Connector on port 63967" [_thread_in_native, id=3604, stack(0x000000ac38900000,0x000000ac38a00000)]
  0x0000021a49e5fcc0 JavaThread "Daemon periodic checks" [_thread_blocked, id=7800, stack(0x000000ac38a00000,0x000000ac38b00000)]
  0x0000021a4a0d9fd0 JavaThread "Daemon" [_thread_blocked, id=11584, stack(0x000000ac38b00000,0x000000ac38c00000)]
  0x0000021a4a0da4b0 JavaThread "Handler for socket connection from /127.0.0.1:63967 to /127.0.0.1:63968" [_thread_in_native, id=8152, stack(0x000000ac38c00000,0x000000ac38d00000)]
  0x0000021a4a0a7a00 JavaThread "Cancel handler" [_thread_blocked, id=1932, stack(0x000000ac38d00000,0x000000ac38e00000)]
  0x0000021a49f069d0 JavaThread "Daemon worker" [_thread_blocked, id=5948, stack(0x000000ac38e00000,0x000000ac38f00000)]
  0x0000021a49f4f810 JavaThread "Asynchronous log dispatcher for DefaultDaemonConnection: socket connection from /127.0.0.1:63967 to /127.0.0.1:63968" [_thread_blocked, id=3828, stack(0x000000ac38f00000,0x000000ac39000000)]
  0x0000021a49f51670 JavaThread "Stdin handler" [_thread_blocked, id=13112, stack(0x000000ac39000000,0x000000ac39100000)]
  0x0000021a49f52fc0 JavaThread "Daemon client event forwarder" [_thread_blocked, id=9816, stack(0x000000ac39100000,0x000000ac39200000)]
  0x0000021a49f4fd20 JavaThread "Cache worker for journal cache (C:\Users\user\.gradle\caches\journal-1)" [_thread_blocked, id=12956, stack(0x000000ac39200000,0x000000ac39300000)]
  0x0000021a49f51160 JavaThread "File lock request listener" [_thread_in_native, id=124, stack(0x000000ac39300000,0x000000ac39400000)]
  0x0000021a49f51b80 JavaThread "Cache worker for file hash cache (C:\Users\user\.gradle\caches\8.13\fileHashes)" [_thread_blocked, id=10352, stack(0x000000ac39400000,0x000000ac39500000)]
  0x0000021a49f50230 JavaThread "Cache worker for file hash cache (C:\Users\user\Desktop\Programming Projects\MyTasks_App_ReactNative\MyTasks\android\.gradle\8.13\fileHashes)" [_thread_blocked, id=6052, stack(0x000000ac39500000,0x000000ac39600000)]
  0x0000021a49f525a0 JavaThread "Cache worker for Build Output Cleanup Cache (C:\Users\user\Desktop\Programming Projects\MyTasks_App_ReactNative\MyTasks\android\.gradle\buildOutputCleanup)" [_thread_blocked, id=13768, stack(0x000000ac39600000,0x000000ac39700000)]
  0x0000021a49f52ab0 JavaThread "File watcher server" daemon [_thread_in_native, id=3532, stack(0x000000ac39700000,0x000000ac39800000)]
  0x0000021a49f50740 JavaThread "File watcher consumer" daemon [_thread_blocked, id=10560, stack(0x000000ac39800000,0x000000ac39900000)]
  0x0000021a49f50c50 JavaThread "jar transforms" [_thread_blocked, id=12816, stack(0x000000ac39900000,0x000000ac39a00000)]
  0x0000021a4ba7b6e0 JavaThread "jar transforms Thread 2" [_thread_blocked, id=7176, stack(0x000000ac39a00000,0x000000ac39b00000)]
  0x0000021a4ba7acc0 JavaThread "jar transforms Thread 3" [_thread_blocked, id=11176, stack(0x000000ac39b00000,0x000000ac39c00000)]
  0x0000021a4ba79880 JavaThread "jar transforms Thread 4" [_thread_blocked, id=1908, stack(0x000000ac39c00000,0x000000ac39d00000)]
  0x0000021a4ba77a20 JavaThread "Cache worker for checksums cache (C:\Users\user\Desktop\Programming Projects\MyTasks_App_ReactNative\MyTasks\android\.gradle\8.13\checksums)" [_thread_blocked, id=10928, stack(0x000000ac39d00000,0x000000ac39e00000)]
  0x0000021a4ba7a7b0 JavaThread "Cache worker for file content cache (C:\Users\user\.gradle\caches\8.13\fileContent)" [_thread_blocked, id=11268, stack(0x000000ac39e00000,0x000000ac39f00000)]
  0x0000021a4ba77f30 JavaThread "Cache worker for cache directory md-supplier (C:\Users\user\.gradle\caches\8.13\md-supplier)" [_thread_blocked, id=1192, stack(0x000000ac39f00000,0x000000ac3a000000)]
  0x0000021a4ba78440 JavaThread "Cache worker for cache directory md-rule (C:\Users\user\.gradle\caches\8.13\md-rule)" [_thread_blocked, id=7188, stack(0x000000ac3a000000,0x000000ac3a100000)]
  0x0000021a4ba7b1d0 JavaThread "Unconstrained build operations" [_thread_blocked, id=1704, stack(0x000000ac3a100000,0x000000ac3a200000)]
  0x0000021a4ba79d90 JavaThread "Unconstrained build operations Thread 2" [_thread_blocked, id=10316, stack(0x000000ac3a200000,0x000000ac3a300000)]
  0x0000021a4ba7bbf0 JavaThread "Unconstrained build operations Thread 3" [_thread_blocked, id=11332, stack(0x000000ac3a300000,0x000000ac3a400000)]
  0x0000021a4ba78950 JavaThread "Unconstrained build operations Thread 4" [_thread_blocked, id=5508, stack(0x000000ac3a400000,0x000000ac3a500000)]

Other Threads:
=>0x0000021a440d5640 VMThread "VM Thread" [stack: 0x000000ac37700000,0x000000ac37800000] [id=7752]
  0x0000021a4457e120 WatcherThread [stack: 0x000000ac38300000,0x000000ac38400000] [id=2476]
  0x0000021a2ab7d4b0 GCTaskThread "GC Thread#0" [stack: 0x000000ac37200000,0x000000ac37300000] [id=1060]
  0x0000021a44689ca0 GCTaskThread "GC Thread#1" [stack: 0x000000ac38400000,0x000000ac38500000] [id=4092]
  0x0000021a4475ecd0 GCTaskThread "GC Thread#2" [stack: 0x000000ac38500000,0x000000ac38600000] [id=12524]
  0x0000021a494b6970 GCTaskThread "GC Thread#3" [stack: 0x000000ac38600000,0x000000ac38700000] [id=8316]
  0x0000021a2ab8e310 ConcurrentGCThread "G1 Main Marker" [stack: 0x000000ac37300000,0x000000ac37400000] [id=4704]
  0x0000021a2ab8ec40 ConcurrentGCThread "G1 Conc#0" [stack: 0x000000ac37400000,0x000000ac37500000] [id=5072]
  0x0000021a2abcbf80 ConcurrentGCThread "G1 Refine#0" [stack: 0x000000ac37500000,0x000000ac37600000] [id=2012]
  0x0000021a448dfa50 ConcurrentGCThread "G1 Refine#1" [stack: 0x000000ac38700000,0x000000ac38800000] [id=13508]
  0x0000021a4c3a4080 ConcurrentGCThread "G1 Refine#2" [stack: 0x000000ac3a500000,0x000000ac3a600000] [id=4784]
  0x0000021a2abcc8c0 ConcurrentGCThread "G1 Service" [stack: 0x000000ac37600000,0x000000ac37700000] [id=900]

Threads with active compile tasks:
C2 CompilerThread0    18688 5946       4       org.gradle.internal.serialize.HierarchicalNameSerializer::writeName (88 bytes)
C1 CompilerThread0    18688 6508       3       sun.nio.cs.UTF_8$Encoder::encodeBufferLoop (326 bytes)

VM state: at safepoint (normal execution)

VM Mutex/Monitor currently owned by a thread:  ([mutex/lock_event])
[0x0000021a2ab1daf0] Threads_lock - owner thread: 0x0000021a440d5640
[0x0000021a2ab1f3b0] Heap_lock - owner thread: 0x0000021a4ba7bbf0

Heap address: 0x0000000080000000, size: 2048 MB, Compressed Oops mode: 32-bit

CDS archive(s) not mapped
Compressed class space mapped at: 0x0000000100000000-0x000000011a000000, reserved size: 436207616
Narrow klass base: 0x0000000000000000, Narrow klass shift: 3, Narrow klass range: 0x11a000000

GC Precious Log:
 CPUs: 4 total, 4 available
 Memory: 3460M
 Large Page Support: Disabled
 NUMA Support: Disabled
 Compressed Oops: Enabled (32-bit)
 Heap Region Size: 1M
 Heap Min Capacity: 8M
 Heap Initial Capacity: 56M
 Heap Max Capacity: 2G
 Pre-touch: Disabled
 Parallel Workers: 4
 Concurrent Workers: 1
 Concurrent Refinement Workers: 4
 Periodic GC: Disabled

Heap:
 garbage-first heap   total 150528K, used 81150K [0x0000000080000000, 0x0000000100000000)
  region size 1024K, 1 young (1024K), 1 survivors (1024K)
 Metaspace       used 60302K, committed 60800K, reserved 491520K
  class space    used 8254K, committed 8512K, reserved 425984K

Heap Regions: E=young(eden), S=young(survivor), O=old, HS=humongous(starts), HC=humongous(continues), CS=collection set, F=free, OA=open archive, CA=closed archive, TAMS=top-at-mark-start (previous, next)
|   0|0x0000000080000000, 0x0000000080100000, 0x0000000080100000|100%|HS|  |TAMS 0x0000000080100000, 0x0000000080000000| Complete 
|   1|0x0000000080100000, 0x0000000080200000, 0x0000000080200000|100%|HC|  |TAMS 0x0000000080200000, 0x0000000080100000| Complete 
|   2|0x0000000080200000, 0x0000000080300000, 0x0000000080300000|100%|HC|  |TAMS 0x0000000080300000, 0x0000000080200000| Complete 
|   3|0x0000000080300000, 0x0000000080400000, 0x0000000080400000|100%| O|  |TAMS 0x0000000080400000, 0x0000000080300000| Untracked 
|   4|0x0000000080400000, 0x0000000080500000, 0x0000000080500000|100%| O|  |TAMS 0x0000000080500000, 0x0000000080400000| Untracked 
|   5|0x0000000080500000, 0x0000000080600000, 0x0000000080600000|100%| O|  |TAMS 0x0000000080600000, 0x0000000080500000| Untracked 
|   6|0x0000000080600000, 0x0000000080700000, 0x0000000080700000|100%| O|  |TAMS 0x0000000080700000, 0x0000000080600000| Untracked 
|   7|0x0000000080700000, 0x0000000080800000, 0x0000000080800000|100%| O|  |TAMS 0x0000000080800000, 0x0000000080700000| Untracked 
|   8|0x0000000080800000, 0x0000000080900000, 0x0000000080900000|100%|HS|  |TAMS 0x0000000080900000, 0x0000000080800000| Complete 
|   9|0x0000000080900000, 0x0000000080a00000, 0x0000000080a00000|100%| O|  |TAMS 0x0000000080a00000, 0x0000000080900000| Untracked 
|  10|0x0000000080a00000, 0x0000000080b00000, 0x0000000080b00000|100%| O|  |TAMS 0x0000000080b00000, 0x0000000080a00000| Untracked 
|  11|0x0000000080b00000, 0x0000000080c00000, 0x0000000080c00000|100%| O|  |TAMS 0x0000000080c00000, 0x0000000080b00000| Untracked 
|  12|0x0000000080c00000, 0x0000000080d00000, 0x0000000080d00000|100%| O|  |TAMS 0x0000000080d00000, 0x0000000080c00000| Untracked 
|  13|0x0000000080d00000, 0x0000000080e00000, 0x0000000080e00000|100%| O|  |TAMS 0x0000000080e00000, 0x0000000080d00000| Untracked 
|  14|0x0000000080e00000, 0x0000000080f00000, 0x0000000080f00000|100%| O|  |TAMS 0x0000000080f00000, 0x0000000080e00000| Untracked 
|  15|0x0000000080f00000, 0x0000000081000000, 0x0000000081000000|100%| O|  |TAMS 0x0000000081000000, 0x0000000080f00000| Untracked 
|  16|0x0000000081000000, 0x0000000081100000, 0x0000000081100000|100%| O|  |TAMS 0x0000000081100000, 0x0000000081000000| Untracked 
|  17|0x0000000081100000, 0x0000000081200000, 0x0000000081200000|100%| O|  |TAMS 0x0000000081200000, 0x0000000081100000| Untracked 
|  18|0x0000000081200000, 0x0000000081300000, 0x0000000081300000|100%| O|  |TAMS 0x0000000081300000, 0x0000000081200000| Untracked 
|  19|0x0000000081300000, 0x0000000081400000, 0x0000000081400000|100%| O|  |TAMS 0x0000000081400000, 0x0000000081300000| Untracked 
|  20|0x0000000081400000, 0x0000000081500000, 0x0000000081500000|100%| O|  |TAMS 0x0000000081500000, 0x0000000081400000| Untracked 
|  21|0x0000000081500000, 0x0000000081600000, 0x0000000081600000|100%| O|  |TAMS 0x0000000081600000, 0x0000000081500000| Untracked 
|  22|0x0000000081600000, 0x0000000081700000, 0x0000000081700000|100%| O|  |TAMS 0x0000000081700000, 0x0000000081600000| Untracked 
|  23|0x0000000081700000, 0x0000000081800000, 0x0000000081800000|100%|HS|  |TAMS 0x0000000081800000, 0x0000000081700000| Complete 
|  24|0x0000000081800000, 0x0000000081900000, 0x0000000081900000|100%|HC|  |TAMS 0x0000000081900000, 0x0000000081800000| Complete 
|  25|0x0000000081900000, 0x0000000081a00000, 0x0000000081a00000|100%|HC|  |TAMS 0x0000000081a00000, 0x0000000081900000| Complete 
|  26|0x0000000081a00000, 0x0000000081b00000, 0x0000000081b00000|100%|HC|  |TAMS 0x0000000081b00000, 0x0000000081a00000| Complete 
|  27|0x0000000081b00000, 0x0000000081c00000, 0x0000000081c00000|100%|HC|  |TAMS 0x0000000081c00000, 0x0000000081b00000| Complete 
|  28|0x0000000081c00000, 0x0000000081d00000, 0x0000000081d00000|100%|HS|  |TAMS 0x0000000081d00000, 0x0000000081c00000| Complete 
|  29|0x0000000081d00000, 0x0000000081e00000, 0x0000000081e00000|100%|HC|  |TAMS 0x0000000081e00000, 0x0000000081d00000| Complete 
|  30|0x0000000081e00000, 0x0000000081f00000, 0x0000000081f00000|100%|HC|  |TAMS 0x0000000081f00000, 0x0000000081e00000| Complete 
|  31|0x0000000081f00000, 0x0000000082000000, 0x0000000082000000|100%|HS|  |TAMS 0x0000000082000000, 0x0000000081f00000| Complete 
|  32|0x0000000082000000, 0x0000000082100000, 0x0000000082100000|100%|HC|  |TAMS 0x0000000082100000, 0x0000000082000000| Complete 
|  33|0x0000000082100000, 0x0000000082200000, 0x0000000082200000|100%|HC|  |TAMS 0x0000000082200000, 0x0000000082100000| Complete 
|  34|0x0000000082200000, 0x0000000082300000, 0x0000000082300000|100%|HS|  |TAMS 0x0000000082300000, 0x0000000082200000| Complete 
|  35|0x0000000082300000, 0x0000000082400000, 0x0000000082400000|100%| O|  |TAMS 0x0000000082400000, 0x0000000082300000| Untracked 
|  36|0x0000000082400000, 0x0000000082500000, 0x0000000082500000|100%| O|  |TAMS 0x0000000082500000, 0x0000000082400000| Untracked 
|  37|0x0000000082500000, 0x0000000082600000, 0x0000000082600000|100%| O|  |TAMS 0x0000000082600000, 0x0000000082500000| Untracked 
|  38|0x0000000082600000, 0x0000000082700000, 0x0000000082700000|100%| O|  |TAMS 0x0000000082700000, 0x0000000082600000| Untracked 
|  39|0x0000000082700000, 0x0000000082800000, 0x0000000082800000|100%| O|  |TAMS 0x0000000082800000, 0x0000000082700000| Untracked 
|  40|0x0000000082800000, 0x0000000082900000, 0x0000000082900000|100%| O|  |TAMS 0x0000000082900000, 0x0000000082800000| Untracked 
|  41|0x0000000082900000, 0x0000000082a00000, 0x0000000082a00000|100%| O|  |TAMS 0x0000000082a00000, 0x0000000082900000| Untracked 
|  42|0x0000000082a00000, 0x0000000082b00000, 0x0000000082b00000|100%| O|  |TAMS 0x0000000082b00000, 0x0000000082a00000| Untracked 
|  43|0x0000000082b00000, 0x0000000082c00000, 0x0000000082c00000|100%| O|  |TAMS 0x0000000082c00000, 0x0000000082b00000| Untracked 
|  44|0x0000000082c00000, 0x0000000082d00000, 0x0000000082d00000|100%| O|  |TAMS 0x0000000082d00000, 0x0000000082c00000| Untracked 
|  45|0x0000000082d00000, 0x0000000082e00000, 0x0000000082e00000|100%| O|  |TAMS 0x0000000082e00000, 0x0000000082d00000| Untracked 
|  46|0x0000000082e00000, 0x0000000082f00000, 0x0000000082f00000|100%| O|  |TAMS 0x0000000082f00000, 0x0000000082e00000| Untracked 
|  47|0x0000000082f00000, 0x0000000083000000, 0x0000000083000000|100%| O|  |TAMS 0x0000000082f00000, 0x0000000082f00000| Untracked 
|  48|0x0000000083000000, 0x0000000083100000, 0x0000000083100000|100%| O|  |TAMS 0x0000000083100000, 0x0000000083000000| Untracked 
|  49|0x0000000083100000, 0x0000000083200000, 0x0000000083200000|100%| O|  |TAMS 0x0000000083100000, 0x0000000083100000| Untracked 
|  50|0x0000000083200000, 0x0000000083300000, 0x0000000083300000|100%| O|  |TAMS 0x0000000083200000, 0x0000000083200000| Untracked 
|  51|0x0000000083300000, 0x0000000083400000, 0x0000000083400000|100%| O|  |TAMS 0x0000000083300000, 0x0000000083300000| Untracked 
|  52|0x0000000083400000, 0x0000000083400000, 0x0000000083500000|  0%| F|  |TAMS 0x0000000083400000, 0x0000000083400000| Untracked 
|  53|0x0000000083500000, 0x0000000083600000, 0x0000000083600000|100%| O|  |TAMS 0x0000000083600000, 0x0000000083500000| Untracked 
|  54|0x0000000083600000, 0x0000000083700000, 0x0000000083700000|100%| O|  |TAMS 0x0000000083700000, 0x0000000083600000| Untracked 
|  55|0x0000000083700000, 0x0000000083800000, 0x0000000083800000|100%| O|  |TAMS 0x0000000083800000, 0x0000000083700000| Untracked 
|  56|0x0000000083800000, 0x0000000083900000, 0x0000000083900000|100%| O|  |TAMS 0x000000008386ac00, 0x0000000083800000| Untracked 
|  57|0x0000000083900000, 0x0000000083a00000, 0x0000000083a00000|100%| O|  |TAMS 0x0000000083900000, 0x0000000083900000| Untracked 
|  58|0x0000000083a00000, 0x0000000083b00000, 0x0000000083b00000|100%| O|  |TAMS 0x0000000083a00000, 0x0000000083a00000| Untracked 
|  59|0x0000000083b00000, 0x0000000083c00000, 0x0000000083c00000|100%| O|  |TAMS 0x0000000083b00000, 0x0000000083b00000| Untracked 
|  60|0x0000000083c00000, 0x0000000083d00000, 0x0000000083d00000|100%| O|  |TAMS 0x0000000083c00000, 0x0000000083c00000| Untracked 
|  61|0x0000000083d00000, 0x0000000083e00000, 0x0000000083e00000|100%| O|  |TAMS 0x0000000083d00000, 0x0000000083d00000| Untracked 
|  62|0x0000000083e00000, 0x0000000083f00000, 0x0000000083f00000|100%| O|  |TAMS 0x0000000083e00000, 0x0000000083e00000| Untracked 
|  63|0x0000000083f00000, 0x0000000084000000, 0x0000000084000000|100%| O|  |TAMS 0x0000000083f00000, 0x0000000083f00000| Untracked 
|  64|0x0000000084000000, 0x0000000084100000, 0x0000000084100000|100%| O|  |TAMS 0x0000000084000000, 0x0000000084000000| Untracked 
|  65|0x0000000084100000, 0x0000000084200000, 0x0000000084200000|100%| O|  |TAMS 0x0000000084100000, 0x0000000084100000| Untracked 
|  66|0x0000000084200000, 0x0000000084300000, 0x0000000084300000|100%| O|  |TAMS 0x0000000084200000, 0x0000000084200000| Untracked 
|  67|0x0000000084300000, 0x0000000084400000, 0x0000000084400000|100%| O|  |TAMS 0x0000000084300000, 0x0000000084300000| Untracked 
|  68|0x0000000084400000, 0x0000000084500000, 0x0000000084500000|100%| O|  |TAMS 0x0000000084400000, 0x0000000084400000| Untracked 
|  69|0x0000000084500000, 0x0000000084600000, 0x0000000084600000|100%| O|  |TAMS 0x0000000084500000, 0x0000000084500000| Untracked 
|  70|0x0000000084600000, 0x0000000084700000, 0x0000000084700000|100%| O|  |TAMS 0x0000000084600000, 0x0000000084600000| Untracked 
|  71|0x0000000084700000, 0x0000000084800000, 0x0000000084800000|100%| O|  |TAMS 0x0000000084700000, 0x0000000084700000| Untracked 
|  72|0x0000000084800000, 0x0000000084900000, 0x0000000084900000|100%| O|  |TAMS 0x0000000084800000, 0x0000000084800000| Untracked 
|  73|0x0000000084900000, 0x0000000084a00000, 0x0000000084a00000|100%| O|  |TAMS 0x0000000084900000, 0x0000000084900000| Untracked 
|  74|0x0000000084a00000, 0x0000000084b00000, 0x0000000084b00000|100%| O|  |TAMS 0x0000000084a00000, 0x0000000084a00000| Untracked 
|  75|0x0000000084b00000, 0x0000000084c00000, 0x0000000084c00000|100%| O|  |TAMS 0x0000000084b00000, 0x0000000084b00000| Untracked 
|  76|0x0000000084c00000, 0x0000000084d00000, 0x0000000084d00000|100%| O|  |TAMS 0x0000000084c00000, 0x0000000084c00000| Untracked 
|  77|0x0000000084d00000, 0x0000000084e00000, 0x0000000084e00000|100%| O|  |TAMS 0x0000000084d00000, 0x0000000084d00000| Untracked 
|  78|0x0000000084e00000, 0x0000000084f00000, 0x0000000084f00000|100%| O|  |TAMS 0x0000000084e00000, 0x0000000084e00000| Untracked 
|  79|0x0000000084f00000, 0x0000000084f79400, 0x0000000085000000| 47%| O|  |TAMS 0x0000000084f00000, 0x0000000084f00000| Untracked 
|  80|0x0000000085000000, 0x0000000085000000, 0x0000000085100000|  0%| F|  |TAMS 0x0000000085000000, 0x0000000085000000| Untracked 
|  81|0x0000000085100000, 0x0000000085100000, 0x0000000085200000|  0%| F|  |TAMS 0x0000000085100000, 0x0000000085100000| Untracked 
|  82|0x0000000085200000, 0x0000000085200000, 0x0000000085300000|  0%| F|  |TAMS 0x0000000085200000, 0x0000000085200000| Untracked 
|  83|0x0000000085300000, 0x0000000085300000, 0x0000000085400000|  0%| F|  |TAMS 0x0000000085300000, 0x0000000085300000| Untracked 
|  84|0x0000000085400000, 0x0000000085400000, 0x0000000085500000|  0%| F|  |TAMS 0x0000000085400000, 0x0000000085400000| Untracked 
|  85|0x0000000085500000, 0x0000000085500000, 0x0000000085600000|  0%| F|  |TAMS 0x0000000085500000, 0x0000000085500000| Untracked 
|  86|0x0000000085600000, 0x0000000085600000, 0x0000000085700000|  0%| F|  |TAMS 0x0000000085600000, 0x0000000085600000| Untracked 
|  87|0x0000000085700000, 0x0000000085700000, 0x0000000085800000|  0%| F|  |TAMS 0x0000000085700000, 0x0000000085700000| Untracked 
|  88|0x0000000085800000, 0x0000000085800000, 0x0000000085900000|  0%| F|  |TAMS 0x0000000085800000, 0x0000000085800000| Untracked 
|  89|0x0000000085900000, 0x0000000085900000, 0x0000000085a00000|  0%| F|  |TAMS 0x0000000085900000, 0x0000000085900000| Untracked 
|  90|0x0000000085a00000, 0x0000000085a00000, 0x0000000085b00000|  0%| F|  |TAMS 0x0000000085a00000, 0x0000000085a00000| Untracked 
|  91|0x0000000085b00000, 0x0000000085b00000, 0x0000000085c00000|  0%| F|  |TAMS 0x0000000085b00000, 0x0000000085b00000| Untracked 
|  92|0x0000000085c00000, 0x0000000085c00000, 0x0000000085d00000|  0%| F|  |TAMS 0x0000000085c00000, 0x0000000085c00000| Untracked 
|  93|0x0000000085d00000, 0x0000000085d00000, 0x0000000085e00000|  0%| F|  |TAMS 0x0000000085d00000, 0x0000000085d00000| Untracked 
|  94|0x0000000085e00000, 0x0000000085e00000, 0x0000000085f00000|  0%| F|  |TAMS 0x0000000085e00000, 0x0000000085e00000| Untracked 
|  95|0x0000000085f00000, 0x0000000085f00000, 0x0000000086000000|  0%| F|  |TAMS 0x0000000085f00000, 0x0000000085f00000| Untracked 
|  96|0x0000000086000000, 0x0000000086000000, 0x0000000086100000|  0%| F|  |TAMS 0x0000000086000000, 0x0000000086000000| Untracked 
|  97|0x0000000086100000, 0x0000000086100000, 0x0000000086200000|  0%| F|  |TAMS 0x0000000086100000, 0x0000000086100000| Untracked 
|  98|0x0000000086200000, 0x0000000086200000, 0x0000000086300000|  0%| F|  |TAMS 0x0000000086200000, 0x0000000086200000| Untracked 
|  99|0x0000000086300000, 0x0000000086300000, 0x0000000086400000|  0%| F|  |TAMS 0x0000000086300000, 0x0000000086300000| Untracked 
| 100|0x0000000086400000, 0x0000000086400000, 0x0000000086500000|  0%| F|  |TAMS 0x0000000086400000, 0x0000000086400000| Untracked 
| 101|0x0000000086500000, 0x0000000086500000, 0x0000000086600000|  0%| F|  |TAMS 0x0000000086500000, 0x0000000086500000| Untracked 
| 102|0x0000000086600000, 0x0000000086600000, 0x0000000086700000|  0%| F|  |TAMS 0x0000000086600000, 0x0000000086600000| Untracked 
| 103|0x0000000086700000, 0x0000000086700000, 0x0000000086800000|  0%| F|  |TAMS 0x0000000086700000, 0x0000000086700000| Untracked 
| 104|0x0000000086800000, 0x0000000086800000, 0x0000000086900000|  0%| F|  |TAMS 0x0000000086800000, 0x0000000086800000| Untracked 
| 105|0x0000000086900000, 0x0000000086900000, 0x0000000086a00000|  0%| F|  |TAMS 0x0000000086900000, 0x0000000086900000| Untracked 
| 106|0x0000000086a00000, 0x0000000086a00000, 0x0000000086b00000|  0%| F|  |TAMS 0x0000000086a00000, 0x0000000086a00000| Untracked 
| 107|0x0000000086b00000, 0x0000000086b00000, 0x0000000086c00000|  0%| F|  |TAMS 0x0000000086b00000, 0x0000000086b00000| Untracked 
| 108|0x0000000086c00000, 0x0000000086c00000, 0x0000000086d00000|  0%| F|  |TAMS 0x0000000086c00000, 0x0000000086c00000| Untracked 
| 109|0x0000000086d00000, 0x0000000086d00000, 0x0000000086e00000|  0%| F|  |TAMS 0x0000000086d00000, 0x0000000086d00000| Untracked 
| 110|0x0000000086e00000, 0x0000000086e00000, 0x0000000086f00000|  0%| F|  |TAMS 0x0000000086e00000, 0x0000000086e00000| Untracked 
| 111|0x0000000086f00000, 0x0000000086f00000, 0x0000000087000000|  0%| F|  |TAMS 0x0000000086f00000, 0x0000000086f00000| Untracked 
| 112|0x0000000087000000, 0x0000000087000000, 0x0000000087100000|  0%| F|  |TAMS 0x0000000087000000, 0x0000000087000000| Untracked 
| 113|0x0000000087100000, 0x0000000087100000, 0x0000000087200000|  0%| F|  |TAMS 0x0000000087100000, 0x0000000087100000| Untracked 
| 114|0x0000000087200000, 0x0000000087200000, 0x0000000087300000|  0%| F|  |TAMS 0x0000000087200000, 0x0000000087200000| Untracked 
| 115|0x0000000087300000, 0x0000000087300000, 0x0000000087400000|  0%| F|  |TAMS 0x0000000087300000, 0x0000000087300000| Untracked 
| 116|0x0000000087400000, 0x0000000087400000, 0x0000000087500000|  0%| F|  |TAMS 0x0000000087400000, 0x0000000087400000| Untracked 
| 117|0x0000000087500000, 0x0000000087500000, 0x0000000087600000|  0%| F|  |TAMS 0x0000000087500000, 0x0000000087500000| Untracked 
| 118|0x0000000087600000, 0x0000000087600000, 0x0000000087700000|  0%| F|  |TAMS 0x0000000087600000, 0x0000000087600000| Untracked 
| 119|0x0000000087700000, 0x0000000087700000, 0x0000000087800000|  0%| F|  |TAMS 0x0000000087700000, 0x0000000087700000| Untracked 
| 120|0x0000000087800000, 0x0000000087800000, 0x0000000087900000|  0%| F|  |TAMS 0x0000000087800000, 0x0000000087800000| Untracked 
| 121|0x0000000087900000, 0x0000000087900000, 0x0000000087a00000|  0%| F|  |TAMS 0x0000000087900000, 0x0000000087900000| Untracked 
| 122|0x0000000087a00000, 0x0000000087a00000, 0x0000000087b00000|  0%| F|  |TAMS 0x0000000087a00000, 0x0000000087a00000| Untracked 
| 123|0x0000000087b00000, 0x0000000087b00000, 0x0000000087c00000|  0%| F|  |TAMS 0x0000000087b00000, 0x0000000087b00000| Untracked 
| 124|0x0000000087c00000, 0x0000000087c00000, 0x0000000087d00000|  0%| F|  |TAMS 0x0000000087c00000, 0x0000000087c00000| Untracked 
| 125|0x0000000087d00000, 0x0000000087d00000, 0x0000000087e00000|  0%| F|  |TAMS 0x0000000087d00000, 0x0000000087d00000| Untracked 
| 126|0x0000000087e00000, 0x0000000087e00000, 0x0000000087f00000|  0%| F|  |TAMS 0x0000000087e00000, 0x0000000087e00000| Untracked 
| 127|0x0000000087f00000, 0x0000000087f00000, 0x0000000088000000|  0%| F|  |TAMS 0x0000000087f00000, 0x0000000087f00000| Untracked 
| 128|0x0000000088000000, 0x0000000088000000, 0x0000000088100000|  0%| F|  |TAMS 0x0000000088000000, 0x0000000088000000| Untracked 
| 129|0x0000000088100000, 0x0000000088100000, 0x0000000088200000|  0%| F|  |TAMS 0x0000000088100000, 0x0000000088100000| Untracked 
| 130|0x0000000088200000, 0x0000000088200000, 0x0000000088300000|  0%| F|  |TAMS 0x0000000088200000, 0x0000000088200000| Untracked 
| 131|0x0000000088300000, 0x0000000088300000, 0x0000000088400000|  0%| F|  |TAMS 0x0000000088300000, 0x0000000088300000| Untracked 
| 132|0x0000000088400000, 0x0000000088400000, 0x0000000088500000|  0%| F|  |TAMS 0x0000000088400000, 0x0000000088400000| Untracked 
| 133|0x0000000088500000, 0x0000000088500000, 0x0000000088600000|  0%| F|  |TAMS 0x0000000088500000, 0x0000000088500000| Untracked 
| 134|0x0000000088600000, 0x0000000088600000, 0x0000000088700000|  0%| F|  |TAMS 0x0000000088600000, 0x0000000088600000| Untracked 
| 135|0x0000000088700000, 0x0000000088700000, 0x0000000088800000|  0%| F|  |TAMS 0x0000000088700000, 0x0000000088700000| Untracked 
| 136|0x0000000088800000, 0x0000000088800000, 0x0000000088900000|  0%| F|  |TAMS 0x0000000088800000, 0x0000000088800000| Untracked 
| 137|0x0000000088900000, 0x0000000088900000, 0x0000000088a00000|  0%| F|  |TAMS 0x0000000088900000, 0x0000000088900000| Untracked 
| 138|0x0000000088a00000, 0x0000000088a00000, 0x0000000088b00000|  0%| F|  |TAMS 0x0000000088a00000, 0x0000000088a00000| Untracked 
| 139|0x0000000088b00000, 0x0000000088b00000, 0x0000000088c00000|  0%| F|  |TAMS 0x0000000088b00000, 0x0000000088b00000| Untracked 
| 140|0x0000000088c00000, 0x0000000088c00000, 0x0000000088d00000|  0%| F|  |TAMS 0x0000000088c00000, 0x0000000088c00000| Untracked 
| 141|0x0000000088d00000, 0x0000000088d00000, 0x0000000088e00000|  0%| F|  |TAMS 0x0000000088d00000, 0x0000000088d00000| Untracked 
| 142|0x0000000088e00000, 0x0000000088e00000, 0x0000000088f00000|  0%| F|  |TAMS 0x0000000088e00000, 0x0000000088e00000| Untracked 
| 143|0x0000000088f00000, 0x0000000088f00000, 0x0000000089000000|  0%| F|  |TAMS 0x0000000088f00000, 0x0000000088f00000| Untracked 
| 144|0x0000000089000000, 0x0000000089000000, 0x0000000089100000|  0%| F|  |TAMS 0x0000000089000000, 0x0000000089000000| Untracked 
| 145|0x0000000089100000, 0x00000000891c6500, 0x0000000089200000| 77%| S|CS|TAMS 0x0000000089100000, 0x0000000089100000| Complete 
| 146|0x0000000089200000, 0x0000000089200000, 0x0000000089300000|  0%| F|  |TAMS 0x0000000089200000, 0x0000000089200000| Untracked 

Card table byte_map: [0x0000021a3d400000,0x0000021a3d800000] _byte_map_base: 0x0000021a3d000000

Marking Bits (Prev, Next): (CMBitMap*) 0x0000021a2ab7d9e0, (CMBitMap*) 0x0000021a2ab7da20
 Prev Bits: [0x0000021a3dc00000, 0x0000021a3fc00000)
 Next Bits: [0x0000021a3fc00000, 0x0000021a41c00000)

Polling page: 0x0000021a2a2e0000

Metaspace:

Usage:
  Non-class:     50.83 MB used.
      Class:      8.06 MB used.
       Both:     58.89 MB used.

Virtual space:
  Non-class space:       64.00 MB reserved,      51.06 MB ( 80%) committed,  1 nodes.
      Class space:      416.00 MB reserved,       8.31 MB (  2%) committed,  1 nodes.
             Both:      480.00 MB reserved,      59.38 MB ( 12%) committed. 

Chunk freelists:
   Non-Class:  12.95 MB
       Class:  7.52 MB
        Both:  20.47 MB

MaxMetaspaceSize: 512.00 MB
CompressedClassSpaceSize: 416.00 MB
Initial GC threshold: 21.00 MB
Current GC threshold: 97.94 MB
CDS: off
MetaspaceReclaimPolicy: balanced
 - commit_granule_bytes: 65536.
 - commit_granule_words: 8192.
 - virtual_space_node_default_size: 8388608.
 - enlarge_chunks_in_place: 1.
 - new_chunks_are_fully_committed: 0.
 - uncommit_free_chunks: 1.
 - use_allocation_guard: 0.
 - handle_deallocations: 1.


Internal statistics:

num_allocs_failed_limit: 3.
num_arena_births: 630.
num_arena_deaths: 4.
num_vsnodes_births: 2.
num_vsnodes_deaths: 0.
num_space_committed: 950.
num_space_uncommitted: 0.
num_chunks_returned_to_freelist: 9.
num_chunks_taken_from_freelist: 2680.
num_chunk_merges: 3.
num_chunk_splits: 1739.
num_chunks_enlarged: 1194.
num_inconsistent_stats: 0.

CodeHeap 'non-profiled nmethods': size=120000Kb used=2411Kb max_used=2543Kb free=117588Kb
 bounds [0x0000021a35ad0000, 0x0000021a35d50000, 0x0000021a3d000000]
CodeHeap 'profiled nmethods': size=120000Kb used=10961Kb max_used=10961Kb free=109038Kb
 bounds [0x0000021a2e000000, 0x0000021a2eac0000, 0x0000021a35530000]
CodeHeap 'non-nmethods': size=5760Kb used=2333Kb max_used=2376Kb free=3426Kb
 bounds [0x0000021a35530000, 0x0000021a357a0000, 0x0000021a35ad0000]
 total_blobs=6437 nmethods=5583 adapters=765
 compilation: enabled
              stopped_count=0, restarted_count=0
 full_count=0

Compilation events (20 events):
Event: 18.589 Thread 0x0000021a4436dc80 nmethod 6498 0x0000021a2eaade10 code [0x0000021a2eaae040, 0x0000021a2eaae988]
Event: 18.592 Thread 0x0000021a4436dc80 6499       2       org.objectweb.asm.ClassReader::readField (675 bytes)
Event: 18.594 Thread 0x0000021a4436dc80 nmethod 6499 0x0000021a2eaaf090 code [0x0000021a2eaaf4c0, 0x0000021a2eab0868]
Event: 18.594 Thread 0x0000021a4436dc80 6500   !   2       sun.nio.ch.IOUtil::writeFromNativeBuffer (173 bytes)
Event: 18.595 Thread 0x0000021a4436dc80 nmethod 6500 0x0000021a2eab1790 code [0x0000021a2eab19e0, 0x0000021a2eab1fb8]
Event: 18.598 Thread 0x0000021a4436dc80 6501       2       org.objectweb.asm.ClassWriter::<init> (7 bytes)
Event: 18.598 Thread 0x0000021a4436dc80 nmethod 6501 0x0000021a2eab2410 code [0x0000021a2eab25a0, 0x0000021a2eab26c8]
Event: 18.598 Thread 0x0000021a4436dc80 6503       2       org.objectweb.asm.ClassWriter::visit (160 bytes)
Event: 18.598 Thread 0x0000021a4436dc80 nmethod 6503 0x0000021a2eab2790 code [0x0000021a2eab2980, 0x0000021a2eab2e58]
Event: 18.599 Thread 0x0000021a4436dc80 6502       2       org.objectweb.asm.ClassWriter::<init> (45 bytes)
Event: 18.599 Thread 0x0000021a4436dc80 nmethod 6502 0x0000021a2eab3210 code [0x0000021a2eab33e0, 0x0000021a2eab3708]
Event: 18.599 Thread 0x0000021a4436dc80 6504       2       org.objectweb.asm.ClassWriter::visitEnd (1 bytes)
Event: 18.599 Thread 0x0000021a4436dc80 nmethod 6504 0x0000021a2eab3890 code [0x0000021a2eab3a20, 0x0000021a2eab3b18]
Event: 18.602 Thread 0x0000021a4436dc80 6505       2       java.nio.charset.CharsetEncoder::flush (49 bytes)
Event: 18.602 Thread 0x0000021a4436dc80 nmethod 6505 0x0000021a2eab3b90 code [0x0000021a2eab3d40, 0x0000021a2eab3f08]
Event: 18.602 Thread 0x0000021a4436dc80 6506       2       org.objectweb.asm.ClassVisitor::visitOuterClass (18 bytes)
Event: 18.603 Thread 0x0000021a4436dc80 nmethod 6506 0x0000021a2eab4010 code [0x0000021a2eab41a0, 0x0000021a2eab42c8]
Event: 18.603 Thread 0x0000021a4436dc80 6507       2       java.lang.String::contains (19 bytes)
Event: 18.604 Thread 0x0000021a4436dc80 nmethod 6507 0x0000021a2eab4390 code [0x0000021a2eab4540, 0x0000021a2eab46b8]
Event: 18.604 Thread 0x0000021a4436dc80 6508       3       sun.nio.cs.UTF_8$Encoder::encodeBufferLoop (326 bytes)

GC Heap History (20 events):
Event: 14.944 GC heap after
{Heap after GC invocations=31 (full 0):
 garbage-first heap   total 96256K, used 50176K [0x0000000080000000, 0x0000000100000000)
  region size 1024K, 2 young (2048K), 2 survivors (2048K)
 Metaspace       used 52455K, committed 52928K, reserved 491520K
  class space    used 7009K, committed 7232K, reserved 425984K
}
Event: 15.778 GC heap before
{Heap before GC invocations=31 (full 0):
 garbage-first heap   total 96256K, used 76800K [0x0000000080000000, 0x0000000100000000)
  region size 1024K, 28 young (28672K), 2 survivors (2048K)
 Metaspace       used 55399K, committed 55872K, reserved 491520K
  class space    used 7479K, committed 7680K, reserved 425984K
}
Event: 15.782 GC heap after
{Heap after GC invocations=32 (full 0):
 garbage-first heap   total 96256K, used 50956K [0x0000000080000000, 0x0000000100000000)
  region size 1024K, 3 young (3072K), 3 survivors (3072K)
 Metaspace       used 55399K, committed 55872K, reserved 491520K
  class space    used 7479K, committed 7680K, reserved 425984K
}
Event: 16.261 GC heap before
{Heap before GC invocations=33 (full 0):
 garbage-first heap   total 96256K, used 77580K [0x0000000080000000, 0x0000000100000000)
  region size 1024K, 29 young (29696K), 3 survivors (3072K)
 Metaspace       used 58181K, committed 58752K, reserved 491520K
  class space    used 7942K, committed 8192K, reserved 425984K
}
Event: 16.266 GC heap after
{Heap after GC invocations=34 (full 0):
 garbage-first heap   total 96256K, used 52216K [0x0000000080000000, 0x0000000100000000)
  region size 1024K, 4 young (4096K), 4 survivors (4096K)
 Metaspace       used 58181K, committed 58752K, reserved 491520K
  class space    used 7942K, committed 8192K, reserved 425984K
}
Event: 16.442 GC heap before
{Heap before GC invocations=34 (full 0):
 garbage-first heap   total 96256K, used 60408K [0x0000000080000000, 0x0000000100000000)
  region size 1024K, 13 young (13312K), 4 survivors (4096K)
 Metaspace       used 59087K, committed 59584K, reserved 491520K
  class space    used 8119K, committed 8384K, reserved 425984K
}
Event: 16.447 GC heap after
{Heap after GC invocations=35 (full 0):
 garbage-first heap   total 96256K, used 52694K [0x0000000080000000, 0x0000000100000000)
  region size 1024K, 3 young (3072K), 3 survivors (3072K)
 Metaspace       used 59087K, committed 59584K, reserved 491520K
  class space    used 8119K, committed 8384K, reserved 425984K
}
Event: 16.621 GC heap before
{Heap before GC invocations=36 (full 0):
 garbage-first heap   total 116736K, used 84438K [0x0000000080000000, 0x0000000100000000)
  region size 1024K, 30 young (30720K), 3 survivors (3072K)
 Metaspace       used 59331K, committed 59904K, reserved 491520K
  class space    used 8155K, committed 8448K, reserved 425984K
}
Event: 16.627 GC heap after
{Heap after GC invocations=37 (full 0):
 garbage-first heap   total 116736K, used 57090K [0x0000000080000000, 0x0000000100000000)
  region size 1024K, 3 young (3072K), 3 survivors (3072K)
 Metaspace       used 59331K, committed 59904K, reserved 491520K
  class space    used 8155K, committed 8448K, reserved 425984K
}
Event: 16.636 GC heap before
{Heap before GC invocations=37 (full 0):
 garbage-first heap   total 116736K, used 59138K [0x0000000080000000, 0x0000000100000000)
  region size 1024K, 5 young (5120K), 3 survivors (3072K)
 Metaspace       used 59331K, committed 59904K, reserved 491520K
  class space    used 8155K, committed 8448K, reserved 425984K
}
Event: 16.641 GC heap after
{Heap after GC invocations=38 (full 0):
 garbage-first heap   total 150528K, used 57243K [0x0000000080000000, 0x0000000100000000)
  region size 1024K, 1 young (1024K), 1 survivors (1024K)
 Metaspace       used 59331K, committed 59904K, reserved 491520K
  class space    used 8155K, committed 8448K, reserved 425984K
}
Event: 17.001 GC heap before
{Heap before GC invocations=38 (full 0):
 garbage-first heap   total 150528K, used 115611K [0x0000000080000000, 0x0000000100000000)
  region size 1024K, 58 young (59392K), 1 survivors (1024K)
 Metaspace       used 59331K, committed 59904K, reserved 491520K
  class space    used 8155K, committed 8448K, reserved 425984K
}
Event: 17.006 GC heap after
{Heap after GC invocations=39 (full 0):
 garbage-first heap   total 150528K, used 59487K [0x0000000080000000, 0x0000000100000000)
  region size 1024K, 3 young (3072K), 3 survivors (3072K)
 Metaspace       used 59331K, committed 59904K, reserved 491520K
  class space    used 8155K, committed 8448K, reserved 425984K
}
Event: 17.364 GC heap before
{Heap before GC invocations=39 (full 0):
 garbage-first heap   total 150528K, used 121951K [0x0000000080000000, 0x0000000100000000)
  region size 1024K, 64 young (65536K), 3 survivors (3072K)
 Metaspace       used 59331K, committed 59904K, reserved 491520K
  class space    used 8155K, committed 8448K, reserved 425984K
}
Event: 17.371 GC heap after
{Heap after GC invocations=40 (full 0):
 garbage-first heap   total 150528K, used 62524K [0x0000000080000000, 0x0000000100000000)
  region size 1024K, 6 young (6144K), 6 survivors (6144K)
 Metaspace       used 59331K, committed 59904K, reserved 491520K
  class space    used 8155K, committed 8448K, reserved 425984K
}
Event: 17.805 GC heap before
{Heap before GC invocations=40 (full 0):
 garbage-first heap   total 150528K, used 121916K [0x0000000080000000, 0x0000000100000000)
  region size 1024K, 65 young (66560K), 6 survivors (6144K)
 Metaspace       used 59603K, committed 60160K, reserved 491520K
  class space    used 8190K, committed 8448K, reserved 425984K
}
Event: 17.831 GC heap after
{Heap after GC invocations=41 (full 0):
 garbage-first heap   total 150528K, used 67641K [0x0000000080000000, 0x0000000100000000)
  region size 1024K, 9 young (9216K), 9 survivors (9216K)
 Metaspace       used 59603K, committed 60160K, reserved 491520K
  class space    used 8190K, committed 8448K, reserved 425984K
}
Event: 18.549 GC heap before
{Heap before GC invocations=42 (full 0):
 garbage-first heap   total 150528K, used 118841K [0x0000000080000000, 0x0000000100000000)
  region size 1024K, 60 young (61440K), 9 survivors (9216K)
 Metaspace       used 60292K, committed 60800K, reserved 491520K
  class space    used 8254K, committed 8512K, reserved 425984K
}
Event: 18.582 GC heap after
{Heap after GC invocations=43 (full 0):
 garbage-first heap   total 150528K, used 79872K [0x0000000080000000, 0x0000000100000000)
  region size 1024K, 8 young (8192K), 8 survivors (8192K)
 Metaspace       used 60292K, committed 60800K, reserved 491520K
  class space    used 8254K, committed 8512K, reserved 425984K
}
Event: 18.604 GC heap before
{Heap before GC invocations=43 (full 0):
 garbage-first heap   total 150528K, used 80896K [0x0000000080000000, 0x0000000100000000)
  region size 1024K, 9 young (9216K), 8 survivors (8192K)
 Metaspace       used 60302K, committed 60800K, reserved 491520K
  class space    used 8254K, committed 8512K, reserved 425984K
}

Dll operation events (3 events):
Event: 0.054 Loaded shared library C:\Program Files\Android\Android Studio\jbr\bin\java.dll
Event: 0.285 Loaded shared library C:\Program Files\Android\Android Studio\jbr\bin\zip.dll
Event: 1.190 Loaded shared library C:\Program Files\Android\Android Studio\jbr\bin\verify.dll

Deoptimization events (20 events):
Event: 18.546 Thread 0x0000021a4ba7bbf0 DEOPT PACKING pc=0x0000021a2ea5027e sp=0x000000ac3a3fa4c0
Event: 18.546 Thread 0x0000021a4ba7bbf0 DEOPT UNPACKING pc=0x0000021a35587143 sp=0x000000ac3a3f9930 mode 0
Event: 18.547 Thread 0x0000021a4ba7bbf0 DEOPT PACKING pc=0x0000021a2ea5027e sp=0x000000ac3a3fa940
Event: 18.547 Thread 0x0000021a4ba7bbf0 DEOPT UNPACKING pc=0x0000021a35587143 sp=0x000000ac3a3f9db0 mode 0
Event: 18.548 Thread 0x0000021a4ba7bbf0 DEOPT PACKING pc=0x0000021a2ea5027e sp=0x000000ac3a3fa4c0
Event: 18.548 Thread 0x0000021a4ba7bbf0 DEOPT UNPACKING pc=0x0000021a35587143 sp=0x000000ac3a3f9930 mode 0
Event: 18.591 Thread 0x0000021a4ba7bbf0 DEOPT PACKING pc=0x0000021a2ea5027e sp=0x000000ac3a3fa4c0
Event: 18.591 Thread 0x0000021a4ba7bbf0 DEOPT UNPACKING pc=0x0000021a35587143 sp=0x000000ac3a3f9930 mode 0
Event: 18.593 Thread 0x0000021a4ba7bbf0 DEOPT PACKING pc=0x0000021a2ea5027e sp=0x000000ac3a3fab30
Event: 18.593 Thread 0x0000021a4ba7bbf0 DEOPT UNPACKING pc=0x0000021a35587143 sp=0x000000ac3a3f9fa0 mode 0
Event: 18.596 Thread 0x0000021a4ba7bbf0 DEOPT PACKING pc=0x0000021a2ea5027e sp=0x000000ac3a3faac0
Event: 18.596 Thread 0x0000021a4ba7bbf0 DEOPT UNPACKING pc=0x0000021a35587143 sp=0x000000ac3a3f9f30 mode 0
Event: 18.598 Thread 0x0000021a4ba7bbf0 DEOPT PACKING pc=0x0000021a2ea5027e sp=0x000000ac3a3fa4c0
Event: 18.598 Thread 0x0000021a4ba7bbf0 DEOPT UNPACKING pc=0x0000021a35587143 sp=0x000000ac3a3f9930 mode 0
Event: 18.600 Thread 0x0000021a4ba7bbf0 DEOPT PACKING pc=0x0000021a2ea5027e sp=0x000000ac3a3fa970
Event: 18.600 Thread 0x0000021a4ba7bbf0 DEOPT UNPACKING pc=0x0000021a35587143 sp=0x000000ac3a3f9de0 mode 0
Event: 18.603 Thread 0x0000021a4ba7bbf0 DEOPT PACKING pc=0x0000021a2ea5027e sp=0x000000ac3a3faac0
Event: 18.603 Thread 0x0000021a4ba7bbf0 DEOPT UNPACKING pc=0x0000021a35587143 sp=0x000000ac3a3f9f30 mode 0
Event: 18.603 Thread 0x0000021a4ba7bbf0 DEOPT PACKING pc=0x0000021a2ea137bc sp=0x000000ac3a3fabb0
Event: 18.603 Thread 0x0000021a4ba7bbf0 DEOPT UNPACKING pc=0x0000021a35587143 sp=0x000000ac3a3fa088 mode 0

Classes unloaded (5 events):
Event: 15.858 Thread 0x0000021a440d5640 Unloading class 0x0000000100680558 '_BuildScript_$_run_closure1'
Event: 15.858 Thread 0x0000021a440d5640 Unloading class 0x0000000100680000 '_BuildScript_'
Event: 17.952 Thread 0x0000021a440d5640 Unloading class 0x00000001006f2968 '_BuildScript_$_run_closure1$_closure2'
Event: 17.952 Thread 0x0000021a440d5640 Unloading class 0x00000001006f2558 '_BuildScript_$_run_closure1'
Event: 17.952 Thread 0x0000021a440d5640 Unloading class 0x00000001006f2000 '_BuildScript_'

Classes redefined (0 events):
No events

Internal exceptions (20 events):
Event: 15.955 Thread 0x0000021a49f069d0 Exception <a 'java/lang/NoSuchMethodError'{0x00000000857f0b30}: 'java.lang.Object java.lang.invoke.DirectMethodHandle$Holder.invokeStatic(java.lang.Object, long, java.lang.Object)'> (0x00000000857f0b30) 
thrown [s\src\hotspot\share\interpreter\linkResolver.cpp, line 771]
Event: 15.955 Thread 0x0000021a49f069d0 Exception <a 'java/lang/NoSuchMethodError'{0x00000000857f8ed8}: 'java.lang.Object java.lang.invoke.DirectMethodHandle$Holder.newInvokeSpecial(java.lang.Object, long)'> (0x00000000857f8ed8) 
thrown [s\src\hotspot\share\interpreter\linkResolver.cpp, line 771]
Event: 15.964 Thread 0x0000021a49f069d0 Exception <a 'java/lang/NoSuchMethodError'{0x000000008566dfe8}: 'java.lang.Object java.lang.invoke.Invokers$Holder.linkToTargetMethod(java.lang.Object, java.lang.Object, java.lang.Object, java.lang.Object, long, java.lang.Object, java.lang.Object)'> (0x000000008566dfe8) 
thrown [s\src\hotspot\share\interpreter\linkResolver.cpp, line 771]
Event: 15.968 Thread 0x0000021a49f069d0 Exception <a 'java/lang/NoSuchMethodError'{0x00000000856b5010}: 'java.lang.Object java.lang.invoke.DirectMethodHandle$Holder.newInvokeSpecial(java.lang.Object, java.lang.Object, java.lang.Object, long, java.lang.Object)'> (0x00000000856b5010) 
thrown [s\src\hotspot\share\interpreter\linkResolver.cpp, line 771]
Event: 15.969 Thread 0x0000021a49f069d0 Exception <a 'java/lang/NoSuchMethodError'{0x00000000856ba430}: 'java.lang.Object java.lang.invoke.DirectMethodHandle$Holder.invokeSpecial(java.lang.Object, java.lang.Object, java.lang.Object, java.lang.Object, long, java.lang.Object)'> (0x00000000856ba430) 
thrown [s\src\hotspot\share\interpreter\linkResolver.cpp, line 771]
Event: 15.969 Thread 0x0000021a49f069d0 Exception <a 'java/lang/NoSuchMethodError'{0x00000000856bef08}: 'java.lang.Object java.lang.invoke.Invokers$Holder.linkToTargetMethod(java.lang.Object, java.lang.Object, long, java.lang.Object, java.lang.Object)'> (0x00000000856bef08) 
thrown [s\src\hotspot\share\interpreter\linkResolver.cpp, line 771]
Event: 16.051 Thread 0x0000021a49f069d0 Implicit null exception at 0x0000021a35bb006c to 0x0000021a35bb0114
Event: 16.071 Thread 0x0000021a49f069d0 Exception <a 'java/lang/ClassNotFoundException'{0x000000008507d3c0}: org/gradle/api/internal/artifacts/dsl/dependencies/DefaultDependencyHandler_DecoratedBeanInfo> (0x000000008507d3c0) 
thrown [s\src\hotspot\share\classfile\systemDictionary.cpp, line 256]
Event: 16.072 Thread 0x0000021a49f069d0 Exception <a 'java/lang/ClassNotFoundException'{0x00000000850950a8}: org/gradle/api/internal/artifacts/dsl/dependencies/DefaultDependencyHandlerBeanInfo> (0x00000000850950a8) 
thrown [s\src\hotspot\share\classfile\systemDictionary.cpp, line 256]
Event: 16.073 Thread 0x0000021a49f069d0 Exception <a 'java/lang/ClassNotFoundException'{0x00000000850acaf8}: org/gradle/api/internal/artifacts/dsl/dependencies/DefaultDependencyHandlerCustomizer> (0x00000000850acaf8) 
thrown [s\src\hotspot\share\classfile\systemDictionary.cpp, line 256]
Event: 16.077 Thread 0x0000021a49f069d0 Exception <a 'java/lang/ClassNotFoundException'{0x00000000850eee38}: org/gradle/api/internal/artifacts/dsl/dependencies/DefaultDependencyHandler_DecoratedCustomizer> (0x00000000850eee38) 
thrown [s\src\hotspot\share\classfile\systemDictionary.cpp, line 256]
Event: 16.081 Thread 0x0000021a49f069d0 Exception <a 'java/lang/ClassNotFoundException'{0x0000000084f347b8}: sync_studio_tooling1_kmxeedulj2a7tiatdx0j4aq4$_run_closure1BeanInfo> (0x0000000084f347b8) 
thrown [s\src\hotspot\share\classfile\systemDictionary.cpp, line 256]
Event: 16.082 Thread 0x0000021a49f069d0 Exception <a 'java/lang/ClassNotFoundException'{0x0000000084f3cbc8}: sync_studio_tooling1_kmxeedulj2a7tiatdx0j4aq4$_run_closure1Customizer> (0x0000000084f3cbc8) 
thrown [s\src\hotspot\share\classfile\systemDictionary.cpp, line 256]
Event: 16.116 Thread 0x0000021a49f069d0 Exception <a 'java/lang/NoSuchMethodError'{0x0000000084d1b9e8}: 'java.lang.Object java.lang.invoke.DirectMethodHandle$Holder.newInvokeSpecial(java.lang.Object, int, java.lang.Object)'> (0x0000000084d1b9e8) 
thrown [s\src\hotspot\share\interpreter\linkResolver.cpp, line 771]
Event: 16.253 Thread 0x0000021a49f069d0 Exception <a 'java/lang/NoSuchMethodError'{0x0000000084484808}: 'java.lang.Object java.lang.invoke.DirectMethodHandle$Holder.invokeSpecial(java.lang.Object, java.lang.Object, long, java.lang.Object, java.lang.Object)'> (0x0000000084484808) 
thrown [s\src\hotspot\share\interpreter\linkResolver.cpp, line 771]
Event: 16.345 Thread 0x0000021a49f069d0 Exception <a 'java/lang/NoSuchMethodError'{0x0000000085ae7200}: 'int java.lang.invoke.DirectMethodHandle$Holder.invokeInterface(java.lang.Object, java.lang.Object, java.lang.Object, java.lang.Object, java.lang.Object)'> (0x0000000085ae7200) 
thrown [s\src\hotspot\share\interpreter\linkResolver.cpp, line 771]
Event: 16.375 Thread 0x0000021a49f069d0 Exception <a 'java/lang/NoSuchMethodError'{0x00000000858327e0}: 'java.lang.Object java.lang.invoke.DirectMethodHandle$Holder.newInvokeSpecial(java.lang.Object, java.lang.Object, java.lang.Object, java.lang.Object, int, java.lang.Object)'> (0x00000000858327e0) 
thrown [s\src\hotspot\share\interpreter\linkResolver.cpp, line 771]
Event: 16.376 Thread 0x0000021a49f069d0 Exception <a 'java/lang/NoSuchMethodError'{0x000000008583b670}: 'java.lang.Object java.lang.invoke.Invokers$Holder.linkToTargetMethod(java.lang.Object, java.lang.Object, java.lang.Object, int, java.lang.Object, java.lang.Object)'> (0x000000008583b670) 
thrown [s\src\hotspot\share\interpreter\linkResolver.cpp, line 771]
Event: 17.586 Thread 0x0000021a49f069d0 Exception <a 'java/lang/NoSuchMethodError'{0x00000000874460f8}: 'java.lang.Object java.lang.invoke.DirectMethodHandle$Holder.invokeSpecialIFC(java.lang.Object, java.lang.Object, java.lang.Object)'> (0x00000000874460f8) 
thrown [s\src\hotspot\share\interpreter\linkResolver.cpp, line 771]
Event: 18.140 Thread 0x0000021a4ba7bbf0 Exception <a 'sun/nio/fs/WindowsException'{0x00000000874b1ea8}> (0x00000000874b1ea8) 
thrown [s\src\hotspot\share\prims\jni.cpp, line 531]

VM Operations (20 events):
Event: 16.641 Executing VM operation: G1CollectForAllocation done
Event: 17.001 Executing VM operation: G1CollectForAllocation
Event: 17.006 Executing VM operation: G1CollectForAllocation done
Event: 17.364 Executing VM operation: G1CollectForAllocation
Event: 17.371 Executing VM operation: G1CollectForAllocation done
Event: 17.805 Executing VM operation: G1CollectForAllocation
Event: 17.860 Executing VM operation: G1CollectForAllocation done
Event: 17.941 Executing VM operation: G1PauseRemark
Event: 17.962 Executing VM operation: G1PauseRemark done
Event: 18.003 Executing VM operation: G1PauseCleanup
Event: 18.018 Executing VM operation: G1PauseCleanup done
Event: 18.165 Executing VM operation: HandshakeAllThreads
Event: 18.168 Executing VM operation: HandshakeAllThreads done
Event: 18.190 Executing VM operation: HandshakeAllThreads
Event: 18.190 Executing VM operation: HandshakeAllThreads done
Event: 18.224 Executing VM operation: HandshakeAllThreads
Event: 18.224 Executing VM operation: HandshakeAllThreads done
Event: 18.549 Executing VM operation: G1CollectForAllocation
Event: 18.582 Executing VM operation: G1CollectForAllocation done
Event: 18.604 Executing VM operation: G1CollectForAllocation

Events (20 events):
Event: 16.370 loading class sun/reflect/ReflectionFactory
Event: 16.371 loading class sun/reflect/ReflectionFactory done
Event: 16.371 loading class sun/reflect/ReflectionFactory$1
Event: 16.371 loading class sun/reflect/ReflectionFactory$1 done
Event: 16.406 Thread 0x0000021a4ba7b1d0 Thread added: 0x0000021a4ba7b1d0
Event: 16.408 Thread 0x0000021a4ba79d90 Thread added: 0x0000021a4ba79d90
Event: 16.452 loading class java/util/zip/ZipInputStream
Event: 16.452 loading class java/util/zip/ZipInputStream done
Event: 17.587 Thread 0x0000021a4ba7bbf0 Thread added: 0x0000021a4ba7bbf0
Event: 17.588 Thread 0x0000021a4ba78950 Thread added: 0x0000021a4ba78950
Event: 18.160 loading class java/nio/charset/UnsupportedCharsetException
Event: 18.160 loading class java/nio/charset/UnsupportedCharsetException done
Event: 18.163 loading class java/util/Collections$UnmodifiableSortedMap
Event: 18.164 loading class java/util/Collections$UnmodifiableSortedMap done
Event: 18.169 loading class java/util/zip/Deflater
Event: 18.170 loading class java/util/zip/Deflater done
Event: 18.172 loading class java/util/zip/Deflater$DeflaterZStreamRef
Event: 18.172 loading class java/util/zip/Deflater$DeflaterZStreamRef done
Event: 18.222 loading class java/nio/StringCharBuffer
Event: 18.223 loading class java/nio/StringCharBuffer done


Dynamic libraries:
0x00007ff6fd430000 - 0x00007ff6fd43a000 	C:\Program Files\Android\Android Studio\jbr\bin\java.exe
0x00007fff86470000 - 0x00007fff86668000 	C:\Windows\SYSTEM32\ntdll.dll
0x00007fff85500000 - 0x00007fff855c2000 	C:\Windows\System32\KERNEL32.DLL
0x00007fff840d0000 - 0x00007fff843c6000 	C:\Windows\System32\KERNELBASE.dll
0x00007fff83bc0000 - 0x00007fff83cc0000 	C:\Windows\System32\ucrtbase.dll
0x00007fff64050000 - 0x00007fff64067000 	C:\Program Files\Android\Android Studio\jbr\bin\jli.dll
0x00007fff7c7f0000 - 0x00007fff7c80b000 	C:\Program Files\Android\Android Studio\jbr\bin\VCRUNTIME140.dll
0x00007fff85630000 - 0x00007fff857cd000 	C:\Windows\System32\USER32.dll
0x00007fff83eb0000 - 0x00007fff83ed2000 	C:\Windows\System32\win32u.dll
0x00007fff86300000 - 0x00007fff8632b000 	C:\Windows\System32\GDI32.dll
0x00007fff83f80000 - 0x00007fff8409a000 	C:\Windows\System32\gdi32full.dll
0x00007fff83ee0000 - 0x00007fff83f7d000 	C:\Windows\System32\msvcp_win.dll
0x00007fff74170000 - 0x00007fff7440a000 	C:\Windows\WinSxS\amd64_microsoft.windows.common-controls_6595b64144ccf1df_6.0.19041.5794_none_60bcd33171f2783c\COMCTL32.dll
0x00007fff845b0000 - 0x00007fff8464e000 	C:\Windows\System32\msvcrt.dll
0x00007fff846f0000 - 0x00007fff8471f000 	C:\Windows\System32\IMM32.DLL
0x00007fff73120000 - 0x00007fff7312c000 	C:\Program Files\Android\Android Studio\jbr\bin\vcruntime140_1.dll
0x00007fff6b2f0000 - 0x00007fff6b37d000 	C:\Program Files\Android\Android Studio\jbr\bin\msvcp140.dll
0x00007fff219f0000 - 0x00007fff22673000 	C:\Program Files\Android\Android Studio\jbr\bin\server\jvm.dll
0x00007fff84a00000 - 0x00007fff84aaf000 	C:\Windows\System32\ADVAPI32.dll
0x00007fff86330000 - 0x00007fff863cf000 	C:\Windows\System32\sechost.dll
0x00007fff84800000 - 0x00007fff84923000 	C:\Windows\System32\RPCRT4.dll
0x00007fff840a0000 - 0x00007fff840c7000 	C:\Windows\System32\bcrypt.dll
0x00007fff83970000 - 0x00007fff839bb000 	C:\Windows\SYSTEM32\POWRPROF.dll
0x00007fff7a720000 - 0x00007fff7a747000 	C:\Windows\SYSTEM32\WINMM.dll
0x00007fff7ddf0000 - 0x00007fff7ddfa000 	C:\Windows\SYSTEM32\VERSION.dll
0x00007fff74b90000 - 0x00007fff74b99000 	C:\Windows\SYSTEM32\WSOCK32.dll
0x00007fff84e10000 - 0x00007fff84e7b000 	C:\Windows\System32\ws2_32.DLL
0x00007fff83950000 - 0x00007fff83962000 	C:\Windows\SYSTEM32\UMPDC.dll
0x00007fff81990000 - 0x00007fff819a2000 	C:\Windows\SYSTEM32\kernel.appcore.dll
0x00007fff74b80000 - 0x00007fff74b8a000 	C:\Program Files\Android\Android Studio\jbr\bin\jimage.dll
0x00007fff77c40000 - 0x00007fff77e41000 	C:\Windows\SYSTEM32\DBGHELP.DLL
0x00007fff70060000 - 0x00007fff70094000 	C:\Windows\SYSTEM32\dbgcore.DLL
0x00007fff83cc0000 - 0x00007fff83d42000 	C:\Windows\System32\bcryptPrimitives.dll
0x00007fff65280000 - 0x00007fff6528e000 	C:\Program Files\Android\Android Studio\jbr\bin\instrument.dll
0x00007fff6bf60000 - 0x00007fff6bf85000 	C:\Program Files\Android\Android Studio\jbr\bin\java.dll
0x00007fff65f30000 - 0x00007fff65f48000 	C:\Program Files\Android\Android Studio\jbr\bin\zip.dll
0x00007fff857d0000 - 0x00007fff85f3e000 	C:\Windows\System32\SHELL32.dll
0x00007fff81b90000 - 0x00007fff82333000 	C:\Windows\SYSTEM32\windows.storage.dll
0x00007fff85f40000 - 0x00007fff86293000 	C:\Windows\System32\combase.dll
0x00007fff83470000 - 0x00007fff8349b000 	C:\Windows\SYSTEM32\Wldp.dll
0x00007fff84e80000 - 0x00007fff84f4d000 	C:\Windows\System32\OLEAUT32.dll
0x00007fff84500000 - 0x00007fff845ad000 	C:\Windows\System32\SHCORE.dll
0x00007fff862a0000 - 0x00007fff862f5000 	C:\Windows\System32\shlwapi.dll
0x00007fff83a40000 - 0x00007fff83a65000 	C:\Windows\SYSTEM32\profapi.dll
0x00007fff65f10000 - 0x00007fff65f29000 	C:\Program Files\Android\Android Studio\jbr\bin\net.dll
0x00007fff7a930000 - 0x00007fff7aa3a000 	C:\Windows\SYSTEM32\WINHTTP.dll
0x00007fff831d0000 - 0x00007fff8323c000 	C:\Windows\system32\mswsock.dll
0x00007fff65e50000 - 0x00007fff65e66000 	C:\Program Files\Android\Android Studio\jbr\bin\nio.dll
0x00007fff65e40000 - 0x00007fff65e50000 	C:\Program Files\Android\Android Studio\jbr\bin\verify.dll
0x00007fff64070000 - 0x00007fff64097000 	C:\Users\user\.gradle\native\1def1411415f61bf3af743bc5b6707747c0891f09f0c88961ee8f79bc544acac\windows-amd64\native-platform.dll
0x00007fff370f0000 - 0x00007fff37168000 	C:\Users\user\.gradle\native\0.2.7\x86_64-windows-gnu\gradle-fileevents.dll
0x00007fff6c060000 - 0x00007fff6c069000 	C:\Program Files\Android\Android Studio\jbr\bin\management.dll
0x00007fff65f00000 - 0x00007fff65f0b000 	C:\Program Files\Android\Android Studio\jbr\bin\management_ext.dll
0x00007fff85080000 - 0x00007fff85088000 	C:\Windows\System32\PSAPI.DLL
0x00007fff82eb0000 - 0x00007fff82eeb000 	C:\Windows\SYSTEM32\IPHLPAPI.DLL
0x00007fff84660000 - 0x00007fff84668000 	C:\Windows\System32\NSI.dll
0x00007fff7b540000 - 0x00007fff7b557000 	C:\Windows\SYSTEM32\dhcpcsvc6.DLL
0x00007fff7de00000 - 0x00007fff7de1d000 	C:\Windows\SYSTEM32\dhcpcsvc.DLL
0x00007fff82ef0000 - 0x00007fff82fba000 	C:\Windows\SYSTEM32\DNSAPI.dll
0x00007fff71fd0000 - 0x00007fff71fd9000 	C:\Program Files\Android\Android Studio\jbr\bin\extnet.dll
0x00007fff833c0000 - 0x00007fff833d8000 	C:\Windows\SYSTEM32\CRYPTSP.dll
0x00007fff82af0000 - 0x00007fff82b28000 	C:\Windows\system32\rsaenh.dll
0x00007fff83a00000 - 0x00007fff83a2e000 	C:\Windows\SYSTEM32\USERENV.dll
0x00007fff833e0000 - 0x00007fff833ec000 	C:\Windows\SYSTEM32\CRYPTBASE.dll
0x00007fff6b110000 - 0x00007fff6b117000 	C:\Windows\system32\wshunix.dll
0x00007fff82d40000 - 0x00007fff82d73000 	C:\Windows\SYSTEM32\ntmarta.dll

dbghelp: loaded successfully - version: 4.0.5 - missing functions: none
symbol engine: initialized successfully - sym options: 0x614 - pdb path: .;C:\Program Files\Android\Android Studio\jbr\bin;C:\Windows\SYSTEM32;C:\Windows\WinSxS\amd64_microsoft.windows.common-controls_6595b64144ccf1df_6.0.19041.5794_none_60bcd33171f2783c;C:\Program Files\Android\Android Studio\jbr\bin\server;C:\Users\user\.gradle\native\1def1411415f61bf3af743bc5b6707747c0891f09f0c88961ee8f79bc544acac\windows-amd64;C:\Users\user\.gradle\native\0.2.7\x86_64-windows-gnu

VM Arguments:
jvm_args: --add-opens=java.base/java.lang=ALL-UNNAMED --add-opens=java.base/java.lang.invoke=ALL-UNNAMED --add-opens=java.base/java.util=ALL-UNNAMED --add-opens=java.prefs/java.util.prefs=ALL-UNNAMED --add-exports=jdk.compiler/com.sun.tools.javac.api=ALL-UNNAMED --add-exports=jdk.compiler/com.sun.tools.javac.util=ALL-UNNAMED --add-opens=java.base/java.util=ALL-UNNAMED --add-opens=java.prefs/java.util.prefs=ALL-UNNAMED --add-opens=java.base/java.nio.charset=ALL-UNNAMED --add-opens=java.base/java.net=ALL-UNNAMED --add-opens=java.base/java.util.concurrent.atomic=ALL-UNNAMED --add-opens=java.xml/javax.xml.namespace=ALL-UNNAMED -XX:MaxMetaspaceSize=512m -Xmx2048m -Dfile.encoding=windows-1252 -Duser.country=JO -Duser.language=ar -Duser.variant -javaagent:C:\Users\user\.gradle\wrapper\dists\gradle-8.13-bin\5xuhj0ry160q40clulazy9h7d\gradle-8.13\lib\agents\gradle-instrumentation-agent-8.13.jar 
java_command: org.gradle.launcher.daemon.bootstrap.GradleDaemon 8.13
java_class_path (initial): C:\Users\user\.gradle\wrapper\dists\gradle-8.13-bin\5xuhj0ry160q40clulazy9h7d\gradle-8.13\lib\gradle-daemon-main-8.13.jar
Launcher Type: SUN_STANDARD

[Global flags]
     intx CICompilerCount                          = 3                                         {product} {ergonomic}
   size_t CompressedClassSpaceSize                 = 436207616                                 {product} {ergonomic}
     uint ConcGCThreads                            = 1                                         {product} {ergonomic}
     uint G1ConcRefinementThreads                  = 4                                         {product} {ergonomic}
   size_t G1HeapRegionSize                         = 1048576                                   {product} {ergonomic}
    uintx GCDrainStackTargetSize                   = 64                                        {product} {ergonomic}
   size_t InitialHeapSize                          = 58720256                                  {product} {ergonomic}
   size_t MarkStackSize                            = 4194304                                   {product} {ergonomic}
   size_t MaxHeapSize                              = 2147483648                                {product} {command line}
   size_t MaxMetaspaceSize                         = 536870912                                 {product} {command line}
   size_t MaxNewSize                               = 1287651328                                {product} {ergonomic}
   size_t MinHeapDeltaBytes                        = 1048576                                   {product} {ergonomic}
   size_t MinHeapSize                              = 8388608                                   {product} {ergonomic}
    uintx NonNMethodCodeHeapSize                   = 5832780                                {pd product} {ergonomic}
    uintx NonProfiledCodeHeapSize                  = 122912730                              {pd product} {ergonomic}
    uintx ProfiledCodeHeapSize                     = 122912730                              {pd product} {ergonomic}
    uintx ReservedCodeCacheSize                    = 251658240                              {pd product} {ergonomic}
     bool SegmentedCodeCache                       = true                                      {product} {ergonomic}
   size_t SoftMaxHeapSize                          = 2147483648                             {manageable} {ergonomic}
     bool UseCompressedClassPointers               = true                           {product lp64_product} {ergonomic}
     bool UseCompressedOops                        = true                           {product lp64_product} {ergonomic}
     bool UseG1GC                                  = true                                      {product} {ergonomic}
     bool UseLargePagesIndividualAllocation        = false                                  {pd product} {ergonomic}

Logging:
Log output configuration:
 #0: stdout all=warning uptime,level,tags
 #1: stderr all=off uptime,level,tags

Environment Variables:
JAVA_HOME=C:\Program Files\Microsoft\jdk-17.0.12.7-hotspot\
PATH=C:\Program Files\Microsoft\jdk-17.0.12.7-hotspot\bin;C:\Windows\system32;C:\Windows;C:\Windows\System32\Wbem;C:\Windows\System32\WindowsPowerShell\v1.0\;C:\Windows\System32\OpenSSH\;C:\Program Files\Git\cmd;C:\Program Files\Amazon\AWSCLIV2\;C:\ProgramData\chocolatey\bin;C:\Users\user\AppData\Roaming\nvm;C:\Program Files\nodejs;C:\Program Files\nodejs\;C:\Program Files\Java\jdk1.8.0_311\bin;C:\Users\user\AppData\Local\Android\Sdk;C:\Program Files\Android\Android Studio\plugins\gradle;C:\Program Files\heroku\bin;C:\Users\user\AppData\Local\Programs\Microsoft VS Code\bin;C:\Users\user\dart-sdk\bin;C:\Users\user\flutter_windows_3.3.8-stable\flutter\bin;C:\Users\user\AppData\Local\Google\Cloud SDK\google-cloud-sdk\bin;C:\Users\user\AppData\Roaming\nvm;C:\Program Files\nodejs;C:\Users\user\AppData\Roaming\npm;C:\Users\user\AppData\Local\Android\Sdk\platform-tools;
USERNAME=user
OS=Windows_NT
PROCESSOR_IDENTIFIER=AMD64 Family 23 Model 24 Stepping 1, AuthenticAMD
TMP=C:\Users\user\AppData\Local\Temp
TEMP=C:\Users\user\AppData\Local\Temp



Periodic native trim disabled

JNI global refs:
JNI global refs: 26, weak refs: 21

JNI global refs memory usage: 843, weak refs: 841

Process memory usage:
Resident Set Size: 297728K (8% of 3543304K total physical memory with 261288K free physical memory)

OOME stack traces (most recent first):
Classloader memory used:
Loader org.gradle.internal.classloader.VisitableURLClassLoader                         : 4054K
Loader bootstrap                                                                       : 2475K
Loader org.gradle.initialization.MixInLegacyTypesClassLoader                           : 803K
Loader org.gradle.internal.classloader.VisitableURLClassLoader                         : 79756B
Loader jdk.internal.loader.ClassLoaders$PlatformClassLoader                            : 68285B
Loader jdk.internal.loader.ClassLoaders$AppClassLoader                                 : 29361B
Loader jdk.internal.reflect.DelegatingClassLoader                                      : 26526B
Loader org.gradle.groovy.scripts.internal.DefaultScriptCompilationHandler$ScriptClassLoader: 4305B
Loader org.codehaus.groovy.runtime.callsite.CallSiteClassLoader                        : 876B

Classes loaded by more than one classloader:
Class org.gradle.api.GradleException                                                  : loaded 3 times (x 80B)
Class org.gradle.util.GradleVersion                                                   : loaded 2 times (x 81B)
Class org.gradle.internal.classpath.ClassPath                                         : loaded 2 times (x 68B)
Class org.gradle.api.internal.classpath.DefaultModuleRegistry                         : loaded 2 times (x 84B)
Class org.gradle.internal.exceptions.NonGradleCauseExceptionsHolder                   : loaded 2 times (x 68B)
Class org.gradle.api.Action                                                           : loaded 2 times (x 68B)
Class org.gradle.api.internal.DefaultClassPathProvider                                : loaded 2 times (x 74B)
Class org.gradle.internal.installation.GradleInstallation$1                           : loaded 2 times (x 73B)
Class org.gradle.internal.exceptions.DefaultMultiCauseException                       : loaded 2 times (x 93B)
Class org.gradle.internal.time.MonotonicClock                                         : loaded 2 times (x 75B)
Class org.gradle.internal.classloader.FilteringClassLoader                            : loaded 2 times (x 103B)
Class org.gradle.internal.classpath.DefaultClassPath$ImmutableUniqueList$Builder      : loaded 2 times (x 73B)
Class org.gradle.internal.classloader.ClassLoaderVisitor                              : loaded 2 times (x 74B)
Class org.gradle.internal.time.DefaultCountdownTimer                                  : loaded 2 times (x 86B)
Class org.gradle.internal.service.DefaultServiceLocator                               : loaded 2 times (x 81B)
Class org.gradle.internal.service.UnknownServiceException                             : loaded 2 times (x 81B)
Class org.gradle.internal.classloader.DefaultClassLoaderFactory                       : loaded 2 times (x 80B)
Class org.gradle.internal.classloader.VisitableURLClassLoader$Spec                    : loaded 2 times (x 72B)
Class org.gradle.tooling.model.ProjectModel                                           : loaded 2 times (x 68B)
Class org.gradle.internal.installation.GradleInstallation                             : loaded 2 times (x 73B)
Class org.gradle.api.internal.classpath.ModuleRegistry                                : loaded 2 times (x 68B)
Class kotlin.jvm.internal.markers.KMappedMarker                                       : loaded 2 times (x 68B)
Class org.gradle.api.internal.ClassPathProvider                                       : loaded 2 times (x 68B)
Class org.gradle.internal.classloader.ClasspathUtil$1                                 : loaded 2 times (x 74B)
Class org.gradle.internal.classloader.ClassLoaderFactory                              : loaded 2 times (x 68B)
Class org.gradle.api.internal.classpath.ManifestUtil                                  : loaded 2 times (x 69B)
Class org.gradle.api.specs.Spec                                                       : loaded 2 times (x 68B)
Class org.gradle.internal.IoActions                                                   : loaded 2 times (x 69B)
Class org.gradle.api.internal.classpath.EffectiveClassPath                            : loaded 2 times (x 88B)
Class org.gradle.internal.exceptions.ResolutionProvider                               : loaded 2 times (x 68B)
Class org.gradle.internal.installation.CurrentGradleInstallation                      : loaded 2 times (x 71B)
Class org.gradle.internal.installation.CurrentGradleInstallationLocator               : loaded 2 times (x 69B)
Class org.gradle.api.internal.classpath.Module                                        : loaded 2 times (x 68B)
Class org.gradle.internal.service.CachingServiceLocator                               : loaded 2 times (x 80B)
Class org.gradle.internal.time.Timer                                                  : loaded 2 times (x 68B)
Class org.gradle.internal.classpath.DefaultClassPath                                  : loaded 2 times (x 88B)
Class kotlin.jvm.functions.Function1                                                  : loaded 2 times (x 68B)
Class org.gradle.internal.time.Time                                                   : loaded 2 times (x 69B)
Class org.gradle.internal.time.TimeSource$1                                           : loaded 2 times (x 75B)
Class org.gradle.internal.classloader.SystemClassLoaderSpec                           : loaded 2 times (x 69B)
Class kotlin.Function                                                                 : loaded 2 times (x 68B)
Class org.gradle.api.UncheckedIOException                                             : loaded 2 times (x 80B)
Class org.gradle.api.internal.classpath.GlobalCacheRootsProvider                      : loaded 2 times (x 68B)
Class org.gradle.internal.time.CountdownTimer                                         : loaded 2 times (x 68B)
Class org.gradle.internal.time.Clock                                                  : loaded 2 times (x 68B)
Class org.gradle.internal.classloader.ClasspathUtil                                   : loaded 2 times (x 69B)
Class org.gradle.api.internal.DefaultClassPathRegistry                                : loaded 2 times (x 74B)
Class org.gradle.api.internal.classpath.DefaultModuleRegistry$DefaultModule           : loaded 2 times (x 84B)
Class org.gradle.internal.time.TimeSource                                             : loaded 2 times (x 68B)
Class org.gradle.api.internal.classpath.UnknownModuleException                        : loaded 2 times (x 80B)
Class org.gradle.internal.service.ServiceLookupException                              : loaded 2 times (x 80B)
Class [Lorg.gradle.api.internal.ClassPathProvider;                                    : loaded 2 times (x 67B)
Class org.gradle.internal.operations.MultipleBuildOperationFailures                   : loaded 2 times (x 93B)
Class org.gradle.util.internal.GUtil                                                  : loaded 2 times (x 69B)
Class org.gradle.internal.classloader.ClassLoaderSpec                                 : loaded 2 times (x 69B)
Class org.gradle.internal.classloader.InstrumentingClassLoader                        : loaded 2 times (x 68B)
Class org.gradle.internal.classloader.VisitableURLClassLoader                         : loaded 2 times (x 115B)
Class org.gradle.internal.Cast                                                        : loaded 2 times (x 69B)
Class org.gradle.api.internal.ClassPathRegistry                                       : loaded 2 times (x 68B)
Class org.gradle.internal.classloader.VisitableURLClassLoader$InstrumentingVisitableURLClassLoader: loaded 2 times (x 121B)
Class org.gradle.internal.classloader.ClassLoaderHierarchy                            : loaded 2 times (x 68B)
Class org.gradle.internal.exceptions.MultiCauseException                              : loaded 2 times (x 68B)
Class org.gradle.internal.InternalTransformer                                         : loaded 2 times (x 68B)
Class org.gradle.internal.service.ServiceLocator                                      : loaded 2 times (x 68B)
Class org.gradle.internal.classpath.DefaultClassPath$ImmutableUniqueList              : loaded 2 times (x 159B)
Class org.gradle.internal.time.DefaultTimer                                           : loaded 2 times (x 78B)
Class org.gradle.internal.classpath.TransformedClassPath                              : loaded 2 times (x 94B)


---------------  S Y S T E M  ---------------

OS:
 Windows 10 , 64 bit Build 19041 (10.0.19041.5794)
OS uptime: 4 days 23:18 hours

CPU: total 4 (initial active 4) (4 cores per cpu, 2 threads per core) family 23 model 24 stepping 1 microcode 0x0, cx8, cmov, fxsr, ht, mmx, 3dnowpref, sse, sse2, sse3, ssse3, sse4a, sse4.1, sse4.2, popcnt, lzcnt, tsc, tscinvbit, avx, avx2, aes, clmul, bmi1, bmi2, adx, sha, fma, vzeroupper, clflush, clflushopt
Processor Information for all 4 processors :
  Max Mhz: 2600, Current Mhz: 2600, Mhz Limit: 2600

Memory: 4k page, system-wide physical 3460M (255M free)
TotalPageFile size 14212M (AvailPageFile size 74M)
current process WorkingSet (physical memory assigned to process): 290M, peak: 292M
current process commit charge ("private bytes"): 347M, peak: 498M

vm_info: OpenJDK 64-Bit Server VM (17.0.11+0--11852314) for windows-amd64 JRE (17.0.11+0--11852314), built on May 16 2024 21:29:20 by "androidbuild" with MS VC++ 16.10 / 16.11 (VS2019)

END.
